19-09-2024 10:38:46 am DEBUG TestNG - suiteXmlPath: "C:\Users\Mahesh\eclipse-workspace\Opencart-FrameworkDesign\testng.xml"
19-09-2024 10:38:46 am INFO  Utils - [TestNG] Running:
  C:\Users\Mahesh\eclipse-workspace\Opencart-FrameworkDesign\testng.xml

19-09-2024 10:38:48 am INFO  TC02_LoginTest - ***** Started TC02_LoginTest *****
19-09-2024 10:38:49 am INFO  TC02_LoginTest - Clicked on myaccount link.
19-09-2024 10:38:49 am INFO  TC02_LoginTest - Clicked on register link.
19-09-2024 10:38:49 am INFO  TC02_LoginTest - Entering user login details.
19-09-2024 10:38:51 am INFO  TC02_LoginTest - Validating user login status.
19-09-2024 10:38:52 am INFO  TC02_LoginTest - ***** Finished TC02_LoginTest *****
19-09-2024 12:09:41 pm DEBUG TestNG - suiteXmlPath: "C:\Users\Mahesh\eclipse-workspace\Opencart-FrameworkDesign\testng.xml"
19-09-2024 12:09:41 pm INFO  Utils - [TestNG] Running:
  C:\Users\Mahesh\eclipse-workspace\Opencart-FrameworkDesign\testng.xml

19-09-2024 12:09:47 pm INFO  TC01_RegistrationTest - ***** Started TC01_RegistrationTest *****
19-09-2024 12:09:49 pm INFO  TC01_RegistrationTest - Clicked on myaccount link.
19-09-2024 12:09:50 pm INFO  TC01_RegistrationTest - Clicked on register link.
19-09-2024 12:09:50 pm INFO  TC01_RegistrationTest - Entering user registration details.
19-09-2024 12:09:53 pm INFO  TC01_RegistrationTest - Validating expected message.
19-09-2024 12:09:53 pm INFO  TC01_RegistrationTest - Clicked on logout.
19-09-2024 12:09:53 pm INFO  TC01_RegistrationTest - ***** Finished TC01_RegistrationTest *****
19-09-2024 12:09:53 pm INFO  TC01_RegistrationTest - ***** Started TC01_RegistrationTest *****
19-09-2024 12:09:54 pm INFO  TC01_RegistrationTest - Clicked on myaccount link.
19-09-2024 12:09:54 pm INFO  TC01_RegistrationTest - Clicked on register link.
19-09-2024 12:09:54 pm INFO  TC01_RegistrationTest - Entering user registration details.
19-09-2024 12:09:56 pm INFO  TC01_RegistrationTest - Validating expected message.
19-09-2024 12:09:56 pm INFO  TC01_RegistrationTest - Clicked on logout.
19-09-2024 12:09:57 pm INFO  TC01_RegistrationTest - ***** Finished TC01_RegistrationTest *****
19-09-2024 04:38:57 pm DEBUG TestNG - suiteXmlPath: "C:\Users\Mahesh\AppData\Local\Temp\testng-eclipse-31076176\testng-customsuite.xml"
19-09-2024 04:38:58 pm INFO  Utils - [Utils] MethodGroupsHelper.collectMethodsByGroup() took 2 ms.
19-09-2024 04:38:58 pm INFO  Utils - [Utils] MethodGroupsHelper.sortMethods() took 2 ms.
19-09-2024 04:38:58 pm INFO  Utils - [Utils] MethodGroupsHelper.collectMethodsByGroup() took 0 ms.
19-09-2024 04:38:58 pm INFO  Utils - [Utils] MethodGroupsHelper.sortMethods() took 0 ms.
19-09-2024 04:38:58 pm INFO  Utils - [Utils] MethodGroupsHelper.collectMethodsByGroup() took 0 ms.
19-09-2024 04:38:58 pm INFO  Utils - [Utils] MethodGroupsHelper.sortMethods() took 0 ms.
19-09-2024 04:38:58 pm INFO  Utils - [Utils] MethodGroupsHelper.collectMethodsByGroup() took 0 ms.
19-09-2024 04:38:58 pm INFO  Utils - [Utils] MethodGroupsHelper.sortMethods() took 0 ms.
19-09-2024 04:38:58 pm INFO  Utils - [Utils] MethodGroupsHelper.collectMethodsByGroup() took 3 ms.
19-09-2024 04:38:58 pm INFO  Utils - [Utils] MethodGroupsHelper.sortMethods() took 21 ms.
19-09-2024 04:38:58 pm INFO  Utils - [Utils] MethodGroupsHelper.collectMethodsByGroup() took 0 ms.
19-09-2024 04:38:58 pm INFO  Utils - [Utils] MethodGroupsHelper.sortMethods() took 0 ms.
19-09-2024 04:38:58 pm INFO  Utils - [Utils] MethodGroupsHelper.collectMethodsByGroup() took 0 ms.
19-09-2024 04:38:58 pm INFO  Utils - [Utils] MethodGroupsHelper.sortMethods() took 0 ms.
19-09-2024 04:38:58 pm INFO  Utils - [Utils] MethodGroupsHelper.collectMethodsByGroup() took 0 ms.
19-09-2024 04:38:58 pm INFO  Utils - [Utils] MethodGroupsHelper.sortMethods() took 0 ms.
19-09-2024 04:38:58 pm INFO  Utils - [Utils] MethodGroupsHelper.collectMethodsByGroup() took 0 ms.
19-09-2024 04:38:58 pm INFO  Utils - [Utils] MethodGroupsHelper.sortMethods() took 0 ms.
19-09-2024 04:38:58 pm INFO  Utils - [Utils] MethodGroupsHelper.collectMethodsByGroup() took 0 ms.
19-09-2024 04:38:58 pm INFO  Utils - [Utils] MethodGroupsHelper.sortMethods() took 0 ms.
19-09-2024 04:38:58 pm INFO  Utils - [Utils] MethodGroupsHelper.collectMethodsByGroup() took 0 ms.
19-09-2024 04:38:58 pm INFO  Utils - [Utils] MethodGroupsHelper.sortMethods() took 0 ms.
19-09-2024 04:38:58 pm INFO  Utils - [Utils] MethodGroupsHelper.collectMethodsByGroup() took 0 ms.
19-09-2024 04:38:58 pm INFO  Utils - [Utils] MethodGroupsHelper.sortMethods() took 0 ms.
19-09-2024 04:38:58 pm INFO  Utils - [Utils] MethodGroupsHelper.collectMethodsByGroup() took 0 ms.
19-09-2024 04:38:58 pm INFO  Utils - [Utils] MethodGroupsHelper.sortMethods() took 0 ms.
19-09-2024 04:38:58 pm INFO  Utils - [Utils] MethodGroupsHelper.collectMethodsByGroup() took 0 ms.
19-09-2024 04:38:58 pm INFO  Utils - [Utils] MethodGroupsHelper.sortMethods() took 0 ms.
19-09-2024 04:38:58 pm INFO  Utils - [Utils] MethodGroupsHelper.collectMethodsByGroup() took 0 ms.
19-09-2024 04:38:58 pm INFO  Utils - [Utils] MethodGroupsHelper.sortMethods() took 0 ms.
19-09-2024 04:38:58 pm INFO  Utils - [TestNG] Running:
  C:\Users\Mahesh\AppData\Local\Temp\testng-eclipse-31076176\testng-customsuite.xml

19-09-2024 04:38:58 pm INFO  Utils - [Utils] DynamicGraphHelper.createDynamicGraph() took 5 ms.
19-09-2024 04:38:58 pm DEBUG PackageRelationshipCollection - Parsing relationship: /xl/_rels/workbook.xml.rels
19-09-2024 04:38:58 pm DEBUG PackageRelationshipCollection - Parsing relationship: /_rels/.rels
19-09-2024 04:38:58 pm DEBUG PackageRelationshipCollection - Parsing relationship: /xl/_rels/workbook.xml.rels
19-09-2024 04:38:58 pm DEBUG PackageRelationshipCollection - Parsing relationship: /_rels/.rels
19-09-2024 04:38:58 pm DEBUG PackageRelationshipCollection - Parsing relationship: /xl/_rels/workbook.xml.rels
19-09-2024 04:38:58 pm DEBUG PackageRelationshipCollection - Parsing relationship: /_rels/.rels
19-09-2024 04:38:59 pm DEBUG PackageRelationshipCollection - Parsing relationship: /xl/_rels/workbook.xml.rels
19-09-2024 04:38:59 pm DEBUG PackageRelationshipCollection - Parsing relationship: /_rels/.rels
19-09-2024 04:38:59 pm DEBUG PackageRelationshipCollection - Parsing relationship: /xl/_rels/workbook.xml.rels
19-09-2024 04:38:59 pm DEBUG PackageRelationshipCollection - Parsing relationship: /_rels/.rels
19-09-2024 04:38:59 pm DEBUG PackageRelationshipCollection - Parsing relationship: /xl/_rels/workbook.xml.rels
19-09-2024 04:38:59 pm DEBUG PackageRelationshipCollection - Parsing relationship: /_rels/.rels
19-09-2024 04:38:59 pm DEBUG PackageRelationshipCollection - Parsing relationship: /xl/_rels/workbook.xml.rels
19-09-2024 04:38:59 pm DEBUG PackageRelationshipCollection - Parsing relationship: /_rels/.rels
19-09-2024 04:38:59 pm DEBUG PackageRelationshipCollection - Parsing relationship: /xl/_rels/workbook.xml.rels
19-09-2024 04:38:59 pm DEBUG PackageRelationshipCollection - Parsing relationship: /_rels/.rels
19-09-2024 04:38:59 pm DEBUG PackageRelationshipCollection - Parsing relationship: /xl/_rels/workbook.xml.rels
19-09-2024 04:38:59 pm DEBUG PackageRelationshipCollection - Parsing relationship: /_rels/.rels
19-09-2024 04:38:59 pm DEBUG PackageRelationshipCollection - Parsing relationship: /xl/_rels/workbook.xml.rels
19-09-2024 04:38:59 pm DEBUG PackageRelationshipCollection - Parsing relationship: /_rels/.rels
19-09-2024 04:38:59 pm DEBUG PackageRelationshipCollection - Parsing relationship: /xl/_rels/workbook.xml.rels
19-09-2024 04:38:59 pm DEBUG PackageRelationshipCollection - Parsing relationship: /_rels/.rels
19-09-2024 04:38:59 pm INFO  Utils - [TestNG] Time taken by org.testng.reporters.jq.Main@105b693d: 107 ms
19-09-2024 04:38:59 pm INFO  Utils - [TestNG] Time taken by org.testng.reporters.FailedReporter@de18f63: 21 ms
19-09-2024 04:38:59 pm INFO  Utils - [TestNG] Time taken by org.testng.reporters.XMLReporter@59532566: 22 ms
19-09-2024 04:38:59 pm INFO  Utils - [TestNG] Time taken by org.testng.reporters.EmailableReporter2@58d63b16: 17 ms
19-09-2024 04:38:59 pm INFO  Utils - [TestNG] Time taken by org.testng.reporters.JUnitReportReporter@236134a1: 8 ms
19-09-2024 04:38:59 pm INFO  Utils - [TestNG] Time taken by org.testng.internal.ExitCodeListener@369c9bb: 0 ms
19-09-2024 04:40:16 pm DEBUG TestNG - suiteXmlPath: "C:\Users\Mahesh\eclipse-workspace\Opencart-FrameworkDesign\testng.xml"
19-09-2024 04:40:16 pm INFO  Utils - [TestNG] Running:
  C:\Users\Mahesh\eclipse-workspace\Opencart-FrameworkDesign\testng.xml

19-09-2024 04:40:22 pm DEBUG PackageRelationshipCollection - Parsing relationship: /xl/_rels/workbook.xml.rels
19-09-2024 04:40:22 pm DEBUG PackageRelationshipCollection - Parsing relationship: /_rels/.rels
19-09-2024 04:40:22 pm DEBUG PackageRelationshipCollection - Parsing relationship: /xl/_rels/workbook.xml.rels
19-09-2024 04:40:22 pm DEBUG PackageRelationshipCollection - Parsing relationship: /_rels/.rels
19-09-2024 04:40:22 pm DEBUG PackageRelationshipCollection - Parsing relationship: /xl/_rels/workbook.xml.rels
19-09-2024 04:40:22 pm DEBUG PackageRelationshipCollection - Parsing relationship: /_rels/.rels
19-09-2024 04:40:22 pm DEBUG PackageRelationshipCollection - Parsing relationship: /xl/_rels/workbook.xml.rels
19-09-2024 04:40:22 pm DEBUG PackageRelationshipCollection - Parsing relationship: /_rels/.rels
19-09-2024 04:40:22 pm DEBUG PackageRelationshipCollection - Parsing relationship: /xl/_rels/workbook.xml.rels
19-09-2024 04:40:22 pm DEBUG PackageRelationshipCollection - Parsing relationship: /_rels/.rels
19-09-2024 04:40:22 pm DEBUG PackageRelationshipCollection - Parsing relationship: /xl/_rels/workbook.xml.rels
19-09-2024 04:40:22 pm DEBUG PackageRelationshipCollection - Parsing relationship: /_rels/.rels
19-09-2024 04:40:22 pm DEBUG PackageRelationshipCollection - Parsing relationship: /xl/_rels/workbook.xml.rels
19-09-2024 04:40:22 pm DEBUG PackageRelationshipCollection - Parsing relationship: /_rels/.rels
19-09-2024 04:40:22 pm DEBUG PackageRelationshipCollection - Parsing relationship: /xl/_rels/workbook.xml.rels
19-09-2024 04:40:22 pm DEBUG PackageRelationshipCollection - Parsing relationship: /_rels/.rels
19-09-2024 04:40:22 pm DEBUG PackageRelationshipCollection - Parsing relationship: /xl/_rels/workbook.xml.rels
19-09-2024 04:40:22 pm DEBUG PackageRelationshipCollection - Parsing relationship: /_rels/.rels
19-09-2024 04:40:22 pm DEBUG PackageRelationshipCollection - Parsing relationship: /xl/_rels/workbook.xml.rels
19-09-2024 04:40:22 pm DEBUG PackageRelationshipCollection - Parsing relationship: /_rels/.rels
19-09-2024 04:40:23 pm DEBUG PackageRelationshipCollection - Parsing relationship: /xl/_rels/workbook.xml.rels
19-09-2024 04:40:23 pm DEBUG PackageRelationshipCollection - Parsing relationship: /_rels/.rels
19-09-2024 04:40:23 pm INFO  TC03_LoginTestUsingDataProvider - ***** Started TC02_LoginTest *****
19-09-2024 04:40:25 pm INFO  TC03_LoginTestUsingDataProvider - Clicked on myaccount link.
19-09-2024 04:40:25 pm INFO  TC03_LoginTestUsingDataProvider - Clicked on register link.
19-09-2024 04:40:25 pm INFO  TC03_LoginTestUsingDataProvider - Entering user login details.
19-09-2024 04:40:27 pm INFO  TC03_LoginTestUsingDataProvider - Validating user login status.
19-09-2024 04:40:28 pm INFO  TC03_LoginTestUsingDataProvider - ***** Finished TC02_LoginTest *****
19-09-2024 04:40:28 pm INFO  TC03_LoginTestUsingDataProvider - ***** Started TC02_LoginTest *****
19-09-2024 04:40:28 pm INFO  TC03_LoginTestUsingDataProvider - Clicked on myaccount link.
19-09-2024 04:40:29 pm INFO  TC03_LoginTestUsingDataProvider - Clicked on register link.
19-09-2024 04:40:29 pm INFO  TC03_LoginTestUsingDataProvider - Entering user login details.
19-09-2024 04:40:30 pm INFO  TC03_LoginTestUsingDataProvider - Validating user login status.
19-09-2024 04:40:40 pm ERROR TC03_LoginTestUsingDataProvider - Test failed.
19-09-2024 04:40:40 pm DEBUG TC03_LoginTestUsingDataProvider - Debug log : 
org.openqa.selenium.NoSuchElementException: no such element: Unable to locate element: {"method":"xpath","selector":"//div[@class='list-group']//a[text()='Logout']"}
  (Session info: chrome=128.0.6613.120)
For documentation on this error, please visit: https://www.selenium.dev/documentation/webdriver/troubleshooting/errors#no-such-element-exception
Build info: version: '4.24.0', revision: '748ffc9bc3'
System info: os.name: 'Windows 11', os.arch: 'amd64', os.version: '10.0', java.version: '17.0.6'
Driver info: org.openqa.selenium.chrome.ChromeDriver
Command: [ac143c1a8fa19019721735342e1f6ff4, findElement {value=//div[@class='list-group']//a[text()='Logout'], using=xpath}]
Capabilities {acceptInsecureCerts: false, browserName: chrome, browserVersion: 128.0.6613.120, chrome: {chromedriverVersion: 128.0.6613.137 (fe621c5aa2d..., userDataDir: C:\Users\Mahesh\AppData\Loc...}, fedcm:accounts: true, goog:chromeOptions: {debuggerAddress: localhost:51350}, networkConnectionEnabled: false, pageLoadStrategy: normal, platformName: windows, proxy: Proxy(), se:cdp: ws://localhost:51350/devtoo..., se:cdpVersion: 128.0.6613.120, setWindowRect: true, strictFileInteractability: false, timeouts: {implicit: 0, pageLoad: 300000, script: 30000}, unhandledPromptBehavior: dismiss and notify, webauthn:extension:credBlob: true, webauthn:extension:largeBlob: true, webauthn:extension:minPinLength: true, webauthn:extension:prf: true, webauthn:virtualAuthenticators: true}
Session ID: ac143c1a8fa19019721735342e1f6ff4
	at java.base/jdk.internal.reflect.NativeConstructorAccessorImpl.newInstance0(Native Method) ~[?:?]
	at java.base/jdk.internal.reflect.NativeConstructorAccessorImpl.newInstance(NativeConstructorAccessorImpl.java:77) ~[?:?]
	at java.base/jdk.internal.reflect.DelegatingConstructorAccessorImpl.newInstance(DelegatingConstructorAccessorImpl.java:45) ~[?:?]
	at java.base/java.lang.reflect.Constructor.newInstanceWithCaller(Constructor.java:499) ~[?:?]
	at java.base/java.lang.reflect.Constructor.newInstance(Constructor.java:480) ~[?:?]
	at org.openqa.selenium.remote.ErrorCodec.decode(ErrorCodec.java:167) ~[selenium-remote-driver-4.24.0.jar:?]
	at org.openqa.selenium.remote.codec.w3c.W3CHttpResponseCodec.decode(W3CHttpResponseCodec.java:138) ~[selenium-remote-driver-4.24.0.jar:?]
	at org.openqa.selenium.remote.codec.w3c.W3CHttpResponseCodec.decode(W3CHttpResponseCodec.java:50) ~[selenium-remote-driver-4.24.0.jar:?]
	at org.openqa.selenium.remote.HttpCommandExecutor.execute(HttpCommandExecutor.java:190) ~[selenium-remote-driver-4.24.0.jar:?]
	at org.openqa.selenium.remote.service.DriverCommandExecutor.invokeExecute(DriverCommandExecutor.java:216) ~[selenium-remote-driver-4.24.0.jar:?]
	at org.openqa.selenium.remote.service.DriverCommandExecutor.execute(DriverCommandExecutor.java:174) ~[selenium-remote-driver-4.24.0.jar:?]
	at org.openqa.selenium.remote.RemoteWebDriver.execute(RemoteWebDriver.java:545) ~[selenium-remote-driver-4.24.0.jar:?]
	at org.openqa.selenium.remote.ElementLocation$ElementFinder$2.findElement(ElementLocation.java:165) ~[selenium-remote-driver-4.24.0.jar:?]
	at org.openqa.selenium.remote.ElementLocation.findElement(ElementLocation.java:59) ~[selenium-remote-driver-4.24.0.jar:?]
	at org.openqa.selenium.remote.RemoteWebDriver.findElement(RemoteWebDriver.java:368) ~[selenium-remote-driver-4.24.0.jar:?]
	at org.openqa.selenium.remote.RemoteWebDriver.findElement(RemoteWebDriver.java:362) ~[selenium-remote-driver-4.24.0.jar:?]
	at org.openqa.selenium.support.pagefactory.DefaultElementLocator.findElement(DefaultElementLocator.java:68) ~[selenium-support-4.24.0.jar:?]
	at org.openqa.selenium.support.pagefactory.internal.LocatingElementHandler.invoke(LocatingElementHandler.java:38) ~[selenium-support-4.24.0.jar:?]
	at jdk.proxy2/jdk.proxy2.$Proxy29.click(Unknown Source) ~[?:?]
	at pageObjects.AccountPage.clickLogout(AccountPage.java:31) ~[test-classes/:?]
	at testCases.TC03_LoginTestUsingDataProvider.validate_userLogin(TC03_LoginTestUsingDataProvider.java:41) ~[test-classes/:?]
	at java.base/jdk.internal.reflect.NativeMethodAccessorImpl.invoke0(Native Method) ~[?:?]
	at java.base/jdk.internal.reflect.NativeMethodAccessorImpl.invoke(NativeMethodAccessorImpl.java:77) ~[?:?]
	at java.base/jdk.internal.reflect.DelegatingMethodAccessorImpl.invoke(DelegatingMethodAccessorImpl.java:43) ~[?:?]
	at java.base/java.lang.reflect.Method.invoke(Method.java:568) ~[?:?]
	at org.testng.internal.invokers.MethodInvocationHelper.invokeMethod(MethodInvocationHelper.java:141) ~[testng-7.10.2.jar:7.10.2]
	at org.testng.internal.invokers.TestInvoker.invokeMethod(TestInvoker.java:686) ~[testng-7.10.2.jar:7.10.2]
	at org.testng.internal.invokers.TestInvoker.invokeTestMethod(TestInvoker.java:230) ~[testng-7.10.2.jar:7.10.2]
	at org.testng.internal.invokers.MethodRunner.runInSequence(MethodRunner.java:63) ~[testng-7.10.2.jar:7.10.2]
	at org.testng.internal.invokers.TestInvoker$MethodInvocationAgent.invoke(TestInvoker.java:992) ~[testng-7.10.2.jar:7.10.2]
	at org.testng.internal.invokers.TestInvoker.invokeTestMethods(TestInvoker.java:203) ~[testng-7.10.2.jar:7.10.2]
	at org.testng.internal.invokers.TestMethodWorker.invokeTestMethods(TestMethodWorker.java:154) ~[testng-7.10.2.jar:7.10.2]
	at org.testng.internal.invokers.TestMethodWorker.run(TestMethodWorker.java:134) ~[testng-7.10.2.jar:7.10.2]
	at java.base/java.util.ArrayList.forEach(ArrayList.java:1511) ~[?:?]
	at org.testng.TestRunner.privateRun(TestRunner.java:739) ~[testng-7.10.2.jar:7.10.2]
	at org.testng.TestRunner.run(TestRunner.java:614) ~[testng-7.10.2.jar:7.10.2]
	at org.testng.SuiteRunner.runTest(SuiteRunner.java:421) ~[testng-7.10.2.jar:7.10.2]
	at org.testng.SuiteRunner$SuiteWorker.run(SuiteRunner.java:463) ~[testng-7.10.2.jar:7.10.2]
	at org.testng.internal.thread.ThreadUtil.lambda$execute$0(ThreadUtil.java:64) ~[testng-7.10.2.jar:7.10.2]
	at java.base/java.util.concurrent.FutureTask.run(FutureTask.java:264) [?:?]
	at java.base/java.util.concurrent.ThreadPoolExecutor.runWorker(ThreadPoolExecutor.java:1136) [?:?]
	at java.base/java.util.concurrent.ThreadPoolExecutor$Worker.run(ThreadPoolExecutor.java:635) [?:?]
	at java.base/java.lang.Thread.run(Thread.java:833) [?:?]
19-09-2024 04:40:40 pm INFO  TC03_LoginTestUsingDataProvider - ***** Started TC02_LoginTest *****
19-09-2024 04:40:41 pm INFO  TC03_LoginTestUsingDataProvider - Clicked on myaccount link.
19-09-2024 04:40:41 pm INFO  TC03_LoginTestUsingDataProvider - Clicked on register link.
19-09-2024 04:40:41 pm INFO  TC03_LoginTestUsingDataProvider - Entering user login details.
19-09-2024 04:40:43 pm INFO  TC03_LoginTestUsingDataProvider - Validating user login status.
19-09-2024 04:40:44 pm INFO  TC03_LoginTestUsingDataProvider - ***** Finished TC02_LoginTest *****
19-09-2024 04:48:34 pm DEBUG TestNG - suiteXmlPath: "C:\Users\Mahesh\eclipse-workspace\Opencart-FrameworkDesign\testng.xml"
19-09-2024 04:48:34 pm INFO  Utils - [TestNG] Running:
  C:\Users\Mahesh\eclipse-workspace\Opencart-FrameworkDesign\testng.xml

19-09-2024 04:48:38 pm DEBUG PackageRelationshipCollection - Parsing relationship: /xl/_rels/workbook.xml.rels
19-09-2024 04:48:38 pm DEBUG PackageRelationshipCollection - Parsing relationship: /_rels/.rels
19-09-2024 04:48:39 pm DEBUG PackageRelationshipCollection - Parsing relationship: /xl/_rels/workbook.xml.rels
19-09-2024 04:48:39 pm DEBUG PackageRelationshipCollection - Parsing relationship: /_rels/.rels
19-09-2024 04:48:39 pm DEBUG PackageRelationshipCollection - Parsing relationship: /xl/_rels/workbook.xml.rels
19-09-2024 04:48:39 pm DEBUG PackageRelationshipCollection - Parsing relationship: /_rels/.rels
19-09-2024 04:48:39 pm DEBUG PackageRelationshipCollection - Parsing relationship: /xl/_rels/workbook.xml.rels
19-09-2024 04:48:39 pm DEBUG PackageRelationshipCollection - Parsing relationship: /_rels/.rels
19-09-2024 04:48:39 pm DEBUG PackageRelationshipCollection - Parsing relationship: /xl/_rels/workbook.xml.rels
19-09-2024 04:48:39 pm DEBUG PackageRelationshipCollection - Parsing relationship: /_rels/.rels
19-09-2024 04:48:39 pm DEBUG PackageRelationshipCollection - Parsing relationship: /xl/_rels/workbook.xml.rels
19-09-2024 04:48:39 pm DEBUG PackageRelationshipCollection - Parsing relationship: /_rels/.rels
19-09-2024 04:48:39 pm DEBUG PackageRelationshipCollection - Parsing relationship: /xl/_rels/workbook.xml.rels
19-09-2024 04:48:39 pm DEBUG PackageRelationshipCollection - Parsing relationship: /_rels/.rels
19-09-2024 04:48:39 pm DEBUG PackageRelationshipCollection - Parsing relationship: /xl/_rels/workbook.xml.rels
19-09-2024 04:48:39 pm DEBUG PackageRelationshipCollection - Parsing relationship: /_rels/.rels
19-09-2024 04:48:39 pm INFO  TC03_LoginTestUsingDataProvider - ***** Started TC02_LoginTest *****
19-09-2024 04:48:40 pm INFO  TC03_LoginTestUsingDataProvider - Clicked on myaccount link.
19-09-2024 04:48:40 pm INFO  TC03_LoginTestUsingDataProvider - Clicked on register link.
19-09-2024 04:48:40 pm INFO  TC03_LoginTestUsingDataProvider - Entering user login details.
19-09-2024 04:48:42 pm INFO  TC03_LoginTestUsingDataProvider - Validating user login status.
19-09-2024 04:48:43 pm INFO  TC03_LoginTestUsingDataProvider - ***** Finished TC02_LoginTest *****
19-09-2024 04:48:43 pm INFO  TC03_LoginTestUsingDataProvider - ***** Started TC02_LoginTest *****
19-09-2024 04:48:43 pm INFO  TC03_LoginTestUsingDataProvider - Clicked on myaccount link.
19-09-2024 04:48:44 pm INFO  TC03_LoginTestUsingDataProvider - Clicked on register link.
19-09-2024 04:48:44 pm INFO  TC03_LoginTestUsingDataProvider - Entering user login details.
19-09-2024 04:48:46 pm INFO  TC03_LoginTestUsingDataProvider - Validating user login status.
19-09-2024 04:48:46 pm INFO  TC03_LoginTestUsingDataProvider - ***** Finished TC02_LoginTest *****
19-09-2024 05:00:28 pm DEBUG TestNG - suiteXmlPath: "C:\Users\Mahesh\AppData\Local\Temp\testng-eclipse--1572651720\testng-customsuite.xml"
19-09-2024 05:00:28 pm INFO  Utils - [Utils] MethodGroupsHelper.collectMethodsByGroup() took 0 ms.
19-09-2024 05:00:28 pm INFO  Utils - [Utils] MethodGroupsHelper.sortMethods() took 1 ms.
19-09-2024 05:00:28 pm INFO  Utils - [Utils] MethodGroupsHelper.collectMethodsByGroup() took 0 ms.
19-09-2024 05:00:28 pm INFO  Utils - [Utils] MethodGroupsHelper.sortMethods() took 0 ms.
19-09-2024 05:00:28 pm INFO  Utils - [Utils] MethodGroupsHelper.collectMethodsByGroup() took 0 ms.
19-09-2024 05:00:28 pm INFO  Utils - [Utils] MethodGroupsHelper.sortMethods() took 0 ms.
19-09-2024 05:00:28 pm INFO  Utils - [Utils] MethodGroupsHelper.collectMethodsByGroup() took 0 ms.
19-09-2024 05:00:28 pm INFO  Utils - [Utils] MethodGroupsHelper.sortMethods() took 0 ms.
19-09-2024 05:00:28 pm INFO  Utils - [Utils] MethodGroupsHelper.collectMethodsByGroup() took 5 ms.
19-09-2024 05:00:28 pm INFO  Utils - [Utils] MethodGroupsHelper.sortMethods() took 11 ms.
19-09-2024 05:00:28 pm INFO  Utils - [Utils] MethodGroupsHelper.collectMethodsByGroup() took 0 ms.
19-09-2024 05:00:28 pm INFO  Utils - [Utils] MethodGroupsHelper.sortMethods() took 0 ms.
19-09-2024 05:00:28 pm INFO  Utils - [Utils] MethodGroupsHelper.collectMethodsByGroup() took 0 ms.
19-09-2024 05:00:28 pm INFO  Utils - [Utils] MethodGroupsHelper.sortMethods() took 0 ms.
19-09-2024 05:00:28 pm INFO  Utils - [Utils] MethodGroupsHelper.collectMethodsByGroup() took 0 ms.
19-09-2024 05:00:28 pm INFO  Utils - [Utils] MethodGroupsHelper.sortMethods() took 0 ms.
19-09-2024 05:00:28 pm INFO  Utils - [Utils] MethodGroupsHelper.collectMethodsByGroup() took 0 ms.
19-09-2024 05:00:28 pm INFO  Utils - [Utils] MethodGroupsHelper.sortMethods() took 0 ms.
19-09-2024 05:00:28 pm INFO  Utils - [Utils] MethodGroupsHelper.collectMethodsByGroup() took 0 ms.
19-09-2024 05:00:28 pm INFO  Utils - [Utils] MethodGroupsHelper.sortMethods() took 0 ms.
19-09-2024 05:00:28 pm INFO  Utils - [Utils] MethodGroupsHelper.collectMethodsByGroup() took 0 ms.
19-09-2024 05:00:28 pm INFO  Utils - [Utils] MethodGroupsHelper.sortMethods() took 0 ms.
19-09-2024 05:00:28 pm INFO  Utils - [Utils] MethodGroupsHelper.collectMethodsByGroup() took 0 ms.
19-09-2024 05:00:28 pm INFO  Utils - [Utils] MethodGroupsHelper.sortMethods() took 0 ms.
19-09-2024 05:00:28 pm INFO  Utils - [Utils] MethodGroupsHelper.collectMethodsByGroup() took 1 ms.
19-09-2024 05:00:28 pm INFO  Utils - [Utils] MethodGroupsHelper.sortMethods() took 0 ms.
19-09-2024 05:00:28 pm INFO  Utils - [Utils] MethodGroupsHelper.collectMethodsByGroup() took 0 ms.
19-09-2024 05:00:28 pm INFO  Utils - [Utils] MethodGroupsHelper.sortMethods() took 0 ms.
19-09-2024 05:00:28 pm INFO  Utils - [Utils] MethodGroupsHelper.collectMethodsByGroup() took 0 ms.
19-09-2024 05:00:28 pm INFO  Utils - [Utils] MethodGroupsHelper.sortMethods() took 0 ms.
19-09-2024 05:00:28 pm INFO  Utils - [TestNG] Running:
  C:\Users\Mahesh\AppData\Local\Temp\testng-eclipse--1572651720\testng-customsuite.xml

19-09-2024 05:00:28 pm INFO  Utils - [Utils] DynamicGraphHelper.createDynamicGraph() took 4 ms.
19-09-2024 05:00:29 pm DEBUG PackageRelationshipCollection - Parsing relationship: /xl/_rels/workbook.xml.rels
19-09-2024 05:00:29 pm DEBUG PackageRelationshipCollection - Parsing relationship: /_rels/.rels
19-09-2024 05:00:29 pm DEBUG PackageRelationshipCollection - Parsing relationship: /xl/_rels/workbook.xml.rels
19-09-2024 05:00:29 pm DEBUG PackageRelationshipCollection - Parsing relationship: /_rels/.rels
19-09-2024 05:00:29 pm DEBUG PackageRelationshipCollection - Parsing relationship: /xl/_rels/workbook.xml.rels
19-09-2024 05:00:29 pm DEBUG PackageRelationshipCollection - Parsing relationship: /_rels/.rels
19-09-2024 05:00:29 pm DEBUG PackageRelationshipCollection - Parsing relationship: /xl/_rels/workbook.xml.rels
19-09-2024 05:00:29 pm DEBUG PackageRelationshipCollection - Parsing relationship: /_rels/.rels
19-09-2024 05:00:29 pm DEBUG PackageRelationshipCollection - Parsing relationship: /xl/_rels/workbook.xml.rels
19-09-2024 05:00:29 pm DEBUG PackageRelationshipCollection - Parsing relationship: /_rels/.rels
19-09-2024 05:00:29 pm DEBUG PackageRelationshipCollection - Parsing relationship: /xl/_rels/workbook.xml.rels
19-09-2024 05:00:29 pm DEBUG PackageRelationshipCollection - Parsing relationship: /_rels/.rels
19-09-2024 05:00:29 pm DEBUG PackageRelationshipCollection - Parsing relationship: /xl/_rels/workbook.xml.rels
19-09-2024 05:00:29 pm DEBUG PackageRelationshipCollection - Parsing relationship: /_rels/.rels
19-09-2024 05:00:29 pm DEBUG PackageRelationshipCollection - Parsing relationship: /xl/_rels/workbook.xml.rels
19-09-2024 05:00:29 pm DEBUG PackageRelationshipCollection - Parsing relationship: /_rels/.rels
19-09-2024 05:00:29 pm INFO  Utils - [TestNG] Time taken by org.testng.reporters.jq.Main@253b380a: 90 ms
19-09-2024 05:00:30 pm INFO  Utils - [TestNG] Time taken by org.testng.reporters.FailedReporter@6a9950f1: 32 ms
19-09-2024 05:00:30 pm INFO  Utils - [TestNG] Time taken by org.testng.reporters.XMLReporter@597f48df: 24 ms
19-09-2024 05:00:30 pm INFO  Utils - [TestNG] Time taken by org.testng.reporters.EmailableReporter2@dca2615: 15 ms
19-09-2024 05:00:30 pm INFO  Utils - [TestNG] Time taken by org.testng.reporters.JUnitReportReporter@1d96d872: 13 ms
19-09-2024 05:00:30 pm INFO  Utils - [TestNG] Time taken by org.testng.internal.ExitCodeListener@5c748168: 0 ms
19-09-2024 05:00:39 pm DEBUG TestNG - suiteXmlPath: "C:\Users\Mahesh\eclipse-workspace\Opencart-FrameworkDesign\testng.xml"
19-09-2024 05:00:39 pm INFO  Utils - [TestNG] Running:
  C:\Users\Mahesh\eclipse-workspace\Opencart-FrameworkDesign\testng.xml

19-09-2024 05:00:43 pm DEBUG PackageRelationshipCollection - Parsing relationship: /xl/_rels/workbook.xml.rels
19-09-2024 05:00:43 pm DEBUG PackageRelationshipCollection - Parsing relationship: /_rels/.rels
19-09-2024 05:00:44 pm DEBUG PackageRelationshipCollection - Parsing relationship: /xl/_rels/workbook.xml.rels
19-09-2024 05:00:44 pm DEBUG PackageRelationshipCollection - Parsing relationship: /_rels/.rels
19-09-2024 05:00:44 pm DEBUG PackageRelationshipCollection - Parsing relationship: /xl/_rels/workbook.xml.rels
19-09-2024 05:00:44 pm DEBUG PackageRelationshipCollection - Parsing relationship: /_rels/.rels
19-09-2024 05:00:44 pm DEBUG PackageRelationshipCollection - Parsing relationship: /xl/_rels/workbook.xml.rels
19-09-2024 05:00:44 pm DEBUG PackageRelationshipCollection - Parsing relationship: /_rels/.rels
19-09-2024 05:00:44 pm DEBUG PackageRelationshipCollection - Parsing relationship: /xl/_rels/workbook.xml.rels
19-09-2024 05:00:44 pm DEBUG PackageRelationshipCollection - Parsing relationship: /_rels/.rels
19-09-2024 05:00:44 pm DEBUG PackageRelationshipCollection - Parsing relationship: /xl/_rels/workbook.xml.rels
19-09-2024 05:00:44 pm DEBUG PackageRelationshipCollection - Parsing relationship: /_rels/.rels
19-09-2024 05:00:44 pm DEBUG PackageRelationshipCollection - Parsing relationship: /xl/_rels/workbook.xml.rels
19-09-2024 05:00:44 pm DEBUG PackageRelationshipCollection - Parsing relationship: /_rels/.rels
19-09-2024 05:00:44 pm DEBUG PackageRelationshipCollection - Parsing relationship: /xl/_rels/workbook.xml.rels
19-09-2024 05:00:44 pm DEBUG PackageRelationshipCollection - Parsing relationship: /_rels/.rels
19-09-2024 05:00:44 pm INFO  TC03_LoginTestUsingDataProvider - ***** Started TC02_LoginTest *****
19-09-2024 05:00:47 pm INFO  TC03_LoginTestUsingDataProvider - Clicked on myaccount link.
19-09-2024 05:00:47 pm INFO  TC03_LoginTestUsingDataProvider - Clicked on register link.
19-09-2024 05:00:47 pm INFO  TC03_LoginTestUsingDataProvider - Entering user login details.
19-09-2024 05:00:49 pm INFO  TC03_LoginTestUsingDataProvider - Validating user login status.
19-09-2024 05:00:49 pm INFO  TC03_LoginTestUsingDataProvider - ***** Finished TC02_LoginTest *****
19-09-2024 05:00:49 pm INFO  TC03_LoginTestUsingDataProvider - ***** Started TC02_LoginTest *****
19-09-2024 05:00:50 pm INFO  TC03_LoginTestUsingDataProvider - Clicked on myaccount link.
19-09-2024 05:00:50 pm INFO  TC03_LoginTestUsingDataProvider - Clicked on register link.
19-09-2024 05:00:50 pm INFO  TC03_LoginTestUsingDataProvider - Entering user login details.
19-09-2024 05:00:52 pm INFO  TC03_LoginTestUsingDataProvider - Validating user login status.
19-09-2024 05:00:52 pm INFO  TC03_LoginTestUsingDataProvider - ***** Finished TC02_LoginTest *****
19-09-2024 05:05:15 pm DEBUG TestNG - suiteXmlPath: "C:\Users\Mahesh\eclipse-workspace\Opencart-FrameworkDesign\testng.xml"
19-09-2024 05:05:15 pm INFO  Utils - [TestNG] Running:
  C:\Users\Mahesh\eclipse-workspace\Opencart-FrameworkDesign\testng.xml

19-09-2024 05:05:17 pm DEBUG PackageRelationshipCollection - Parsing relationship: /xl/_rels/workbook.xml.rels
19-09-2024 05:05:17 pm DEBUG PackageRelationshipCollection - Parsing relationship: /_rels/.rels
19-09-2024 05:05:18 pm DEBUG PackageRelationshipCollection - Parsing relationship: /xl/_rels/workbook.xml.rels
19-09-2024 05:05:18 pm DEBUG PackageRelationshipCollection - Parsing relationship: /_rels/.rels
19-09-2024 05:05:18 pm DEBUG PackageRelationshipCollection - Parsing relationship: /xl/_rels/workbook.xml.rels
19-09-2024 05:05:18 pm DEBUG PackageRelationshipCollection - Parsing relationship: /_rels/.rels
19-09-2024 05:05:18 pm DEBUG PackageRelationshipCollection - Parsing relationship: /xl/_rels/workbook.xml.rels
19-09-2024 05:05:18 pm DEBUG PackageRelationshipCollection - Parsing relationship: /_rels/.rels
19-09-2024 05:05:18 pm DEBUG PackageRelationshipCollection - Parsing relationship: /xl/_rels/workbook.xml.rels
19-09-2024 05:05:18 pm DEBUG PackageRelationshipCollection - Parsing relationship: /_rels/.rels
19-09-2024 05:05:18 pm DEBUG PackageRelationshipCollection - Parsing relationship: /xl/_rels/workbook.xml.rels
19-09-2024 05:05:18 pm DEBUG PackageRelationshipCollection - Parsing relationship: /_rels/.rels
19-09-2024 05:05:18 pm DEBUG PackageRelationshipCollection - Parsing relationship: /xl/_rels/workbook.xml.rels
19-09-2024 05:05:18 pm DEBUG PackageRelationshipCollection - Parsing relationship: /_rels/.rels
19-09-2024 05:05:18 pm DEBUG PackageRelationshipCollection - Parsing relationship: /xl/_rels/workbook.xml.rels
19-09-2024 05:05:18 pm DEBUG PackageRelationshipCollection - Parsing relationship: /_rels/.rels
19-09-2024 05:05:18 pm DEBUG PackageRelationshipCollection - Parsing relationship: /xl/_rels/workbook.xml.rels
19-09-2024 05:05:18 pm DEBUG PackageRelationshipCollection - Parsing relationship: /_rels/.rels
19-09-2024 05:05:18 pm DEBUG PackageRelationshipCollection - Parsing relationship: /xl/_rels/workbook.xml.rels
19-09-2024 05:05:18 pm DEBUG PackageRelationshipCollection - Parsing relationship: /_rels/.rels
19-09-2024 05:05:18 pm DEBUG PackageRelationshipCollection - Parsing relationship: /xl/_rels/workbook.xml.rels
19-09-2024 05:05:18 pm DEBUG PackageRelationshipCollection - Parsing relationship: /_rels/.rels
19-09-2024 05:05:18 pm INFO  TC03_LoginTestUsingDataProvider - ***** Started TC02_LoginTest *****
19-09-2024 05:05:19 pm INFO  TC03_LoginTestUsingDataProvider - Clicked on myaccount link.
19-09-2024 05:05:20 pm INFO  TC03_LoginTestUsingDataProvider - Clicked on register link.
19-09-2024 05:05:20 pm INFO  TC03_LoginTestUsingDataProvider - Entering user login details.
19-09-2024 05:05:21 pm INFO  TC03_LoginTestUsingDataProvider - Validating user login status.
19-09-2024 05:05:22 pm INFO  TC03_LoginTestUsingDataProvider - ***** Finished TC02_LoginTest *****
19-09-2024 05:05:22 pm INFO  TC03_LoginTestUsingDataProvider - ***** Started TC02_LoginTest *****
19-09-2024 05:05:22 pm INFO  TC03_LoginTestUsingDataProvider - Clicked on myaccount link.
19-09-2024 05:05:23 pm INFO  TC03_LoginTestUsingDataProvider - Clicked on register link.
19-09-2024 05:05:23 pm INFO  TC03_LoginTestUsingDataProvider - Entering user login details.
19-09-2024 05:05:24 pm INFO  TC03_LoginTestUsingDataProvider - Validating user login status.
19-09-2024 05:05:34 pm ERROR TC03_LoginTestUsingDataProvider - Test failed.
19-09-2024 05:05:34 pm DEBUG TC03_LoginTestUsingDataProvider - Debug log : 
org.openqa.selenium.NoSuchElementException: no such element: Unable to locate element: {"method":"xpath","selector":"//div[@class='list-group']//a[text()='Logout']"}
  (Session info: chrome=128.0.6613.120)
For documentation on this error, please visit: https://www.selenium.dev/documentation/webdriver/troubleshooting/errors#no-such-element-exception
Build info: version: '4.24.0', revision: '748ffc9bc3'
System info: os.name: 'Windows 11', os.arch: 'amd64', os.version: '10.0', java.version: '17.0.6'
Driver info: org.openqa.selenium.chrome.ChromeDriver
Command: [a48671c2409fabb37bb4db6a8b12b852, findElement {using=xpath, value=//div[@class='list-group']//a[text()='Logout']}]
Capabilities {acceptInsecureCerts: false, browserName: chrome, browserVersion: 128.0.6613.120, chrome: {chromedriverVersion: 128.0.6613.137 (fe621c5aa2d..., userDataDir: C:\Users\Mahesh\AppData\Loc...}, fedcm:accounts: true, goog:chromeOptions: {debuggerAddress: localhost:52159}, networkConnectionEnabled: false, pageLoadStrategy: normal, platformName: windows, proxy: Proxy(), se:cdp: ws://localhost:52159/devtoo..., se:cdpVersion: 128.0.6613.120, setWindowRect: true, strictFileInteractability: false, timeouts: {implicit: 0, pageLoad: 300000, script: 30000}, unhandledPromptBehavior: dismiss and notify, webauthn:extension:credBlob: true, webauthn:extension:largeBlob: true, webauthn:extension:minPinLength: true, webauthn:extension:prf: true, webauthn:virtualAuthenticators: true}
Session ID: a48671c2409fabb37bb4db6a8b12b852
	at java.base/jdk.internal.reflect.NativeConstructorAccessorImpl.newInstance0(Native Method) ~[?:?]
	at java.base/jdk.internal.reflect.NativeConstructorAccessorImpl.newInstance(NativeConstructorAccessorImpl.java:77) ~[?:?]
	at java.base/jdk.internal.reflect.DelegatingConstructorAccessorImpl.newInstance(DelegatingConstructorAccessorImpl.java:45) ~[?:?]
	at java.base/java.lang.reflect.Constructor.newInstanceWithCaller(Constructor.java:499) ~[?:?]
	at java.base/java.lang.reflect.Constructor.newInstance(Constructor.java:480) ~[?:?]
	at org.openqa.selenium.remote.ErrorCodec.decode(ErrorCodec.java:167) ~[selenium-remote-driver-4.24.0.jar:?]
	at org.openqa.selenium.remote.codec.w3c.W3CHttpResponseCodec.decode(W3CHttpResponseCodec.java:138) ~[selenium-remote-driver-4.24.0.jar:?]
	at org.openqa.selenium.remote.codec.w3c.W3CHttpResponseCodec.decode(W3CHttpResponseCodec.java:50) ~[selenium-remote-driver-4.24.0.jar:?]
	at org.openqa.selenium.remote.HttpCommandExecutor.execute(HttpCommandExecutor.java:190) ~[selenium-remote-driver-4.24.0.jar:?]
	at org.openqa.selenium.remote.service.DriverCommandExecutor.invokeExecute(DriverCommandExecutor.java:216) ~[selenium-remote-driver-4.24.0.jar:?]
	at org.openqa.selenium.remote.service.DriverCommandExecutor.execute(DriverCommandExecutor.java:174) ~[selenium-remote-driver-4.24.0.jar:?]
	at org.openqa.selenium.remote.RemoteWebDriver.execute(RemoteWebDriver.java:545) ~[selenium-remote-driver-4.24.0.jar:?]
	at org.openqa.selenium.remote.ElementLocation$ElementFinder$2.findElement(ElementLocation.java:165) ~[selenium-remote-driver-4.24.0.jar:?]
	at org.openqa.selenium.remote.ElementLocation.findElement(ElementLocation.java:59) ~[selenium-remote-driver-4.24.0.jar:?]
	at org.openqa.selenium.remote.RemoteWebDriver.findElement(RemoteWebDriver.java:368) ~[selenium-remote-driver-4.24.0.jar:?]
	at org.openqa.selenium.remote.RemoteWebDriver.findElement(RemoteWebDriver.java:362) ~[selenium-remote-driver-4.24.0.jar:?]
	at org.openqa.selenium.support.pagefactory.DefaultElementLocator.findElement(DefaultElementLocator.java:68) ~[selenium-support-4.24.0.jar:?]
	at org.openqa.selenium.support.pagefactory.internal.LocatingElementHandler.invoke(LocatingElementHandler.java:38) ~[selenium-support-4.24.0.jar:?]
	at jdk.proxy2/jdk.proxy2.$Proxy29.click(Unknown Source) ~[?:?]
	at pageObjects.AccountPage.clickLogout(AccountPage.java:31) ~[test-classes/:?]
	at testCases.TC03_LoginTestUsingDataProvider.validate_userLogin(TC03_LoginTestUsingDataProvider.java:54) ~[test-classes/:?]
	at java.base/jdk.internal.reflect.NativeMethodAccessorImpl.invoke0(Native Method) ~[?:?]
	at java.base/jdk.internal.reflect.NativeMethodAccessorImpl.invoke(NativeMethodAccessorImpl.java:77) ~[?:?]
	at java.base/jdk.internal.reflect.DelegatingMethodAccessorImpl.invoke(DelegatingMethodAccessorImpl.java:43) ~[?:?]
	at java.base/java.lang.reflect.Method.invoke(Method.java:568) ~[?:?]
	at org.testng.internal.invokers.MethodInvocationHelper.invokeMethod(MethodInvocationHelper.java:141) ~[testng-7.10.2.jar:7.10.2]
	at org.testng.internal.invokers.TestInvoker.invokeMethod(TestInvoker.java:686) ~[testng-7.10.2.jar:7.10.2]
	at org.testng.internal.invokers.TestInvoker.invokeTestMethod(TestInvoker.java:230) ~[testng-7.10.2.jar:7.10.2]
	at org.testng.internal.invokers.MethodRunner.runInSequence(MethodRunner.java:63) ~[testng-7.10.2.jar:7.10.2]
	at org.testng.internal.invokers.TestInvoker$MethodInvocationAgent.invoke(TestInvoker.java:992) ~[testng-7.10.2.jar:7.10.2]
	at org.testng.internal.invokers.TestInvoker.invokeTestMethods(TestInvoker.java:203) ~[testng-7.10.2.jar:7.10.2]
	at org.testng.internal.invokers.TestMethodWorker.invokeTestMethods(TestMethodWorker.java:154) ~[testng-7.10.2.jar:7.10.2]
	at org.testng.internal.invokers.TestMethodWorker.run(TestMethodWorker.java:134) ~[testng-7.10.2.jar:7.10.2]
	at java.base/java.util.ArrayList.forEach(ArrayList.java:1511) ~[?:?]
	at org.testng.TestRunner.privateRun(TestRunner.java:739) ~[testng-7.10.2.jar:7.10.2]
	at org.testng.TestRunner.run(TestRunner.java:614) ~[testng-7.10.2.jar:7.10.2]
	at org.testng.SuiteRunner.runTest(SuiteRunner.java:421) ~[testng-7.10.2.jar:7.10.2]
	at org.testng.SuiteRunner$SuiteWorker.run(SuiteRunner.java:463) ~[testng-7.10.2.jar:7.10.2]
	at org.testng.internal.thread.ThreadUtil.lambda$execute$0(ThreadUtil.java:64) ~[testng-7.10.2.jar:7.10.2]
	at java.base/java.util.concurrent.FutureTask.run(FutureTask.java:264) [?:?]
	at java.base/java.util.concurrent.ThreadPoolExecutor.runWorker(ThreadPoolExecutor.java:1136) [?:?]
	at java.base/java.util.concurrent.ThreadPoolExecutor$Worker.run(ThreadPoolExecutor.java:635) [?:?]
	at java.base/java.lang.Thread.run(Thread.java:833) [?:?]
19-09-2024 05:05:34 pm INFO  TC03_LoginTestUsingDataProvider - ***** Started TC02_LoginTest *****
19-09-2024 05:05:35 pm INFO  TC03_LoginTestUsingDataProvider - Clicked on myaccount link.
19-09-2024 05:05:35 pm INFO  TC03_LoginTestUsingDataProvider - Clicked on register link.
19-09-2024 05:05:35 pm INFO  TC03_LoginTestUsingDataProvider - Entering user login details.
19-09-2024 05:05:38 pm INFO  TC03_LoginTestUsingDataProvider - Validating user login status.
19-09-2024 05:05:38 pm INFO  TC03_LoginTestUsingDataProvider - ***** Finished TC02_LoginTest *****
19-09-2024 05:15:55 pm DEBUG TestNG - suiteXmlPath: "C:\Users\Mahesh\eclipse-workspace\Opencart-FrameworkDesign\testng.xml"
19-09-2024 05:15:55 pm INFO  Utils - [TestNG] Running:
  C:\Users\Mahesh\eclipse-workspace\Opencart-FrameworkDesign\testng.xml

19-09-2024 05:15:57 pm DEBUG PackageRelationshipCollection - Parsing relationship: /xl/_rels/workbook.xml.rels
19-09-2024 05:15:57 pm DEBUG PackageRelationshipCollection - Parsing relationship: /_rels/.rels
19-09-2024 05:15:58 pm DEBUG PackageRelationshipCollection - Parsing relationship: /xl/_rels/workbook.xml.rels
19-09-2024 05:15:58 pm DEBUG PackageRelationshipCollection - Parsing relationship: /_rels/.rels
19-09-2024 05:15:58 pm DEBUG PackageRelationshipCollection - Parsing relationship: /xl/_rels/workbook.xml.rels
19-09-2024 05:15:58 pm DEBUG PackageRelationshipCollection - Parsing relationship: /_rels/.rels
19-09-2024 05:15:58 pm DEBUG PackageRelationshipCollection - Parsing relationship: /xl/_rels/workbook.xml.rels
19-09-2024 05:15:58 pm DEBUG PackageRelationshipCollection - Parsing relationship: /_rels/.rels
19-09-2024 05:15:58 pm DEBUG PackageRelationshipCollection - Parsing relationship: /xl/_rels/workbook.xml.rels
19-09-2024 05:15:58 pm DEBUG PackageRelationshipCollection - Parsing relationship: /_rels/.rels
19-09-2024 05:15:58 pm DEBUG PackageRelationshipCollection - Parsing relationship: /xl/_rels/workbook.xml.rels
19-09-2024 05:15:58 pm DEBUG PackageRelationshipCollection - Parsing relationship: /_rels/.rels
19-09-2024 05:15:58 pm DEBUG PackageRelationshipCollection - Parsing relationship: /xl/_rels/workbook.xml.rels
19-09-2024 05:15:58 pm DEBUG PackageRelationshipCollection - Parsing relationship: /_rels/.rels
19-09-2024 05:15:58 pm DEBUG PackageRelationshipCollection - Parsing relationship: /xl/_rels/workbook.xml.rels
19-09-2024 05:15:58 pm DEBUG PackageRelationshipCollection - Parsing relationship: /_rels/.rels
19-09-2024 05:15:58 pm DEBUG PackageRelationshipCollection - Parsing relationship: /xl/_rels/workbook.xml.rels
19-09-2024 05:15:58 pm DEBUG PackageRelationshipCollection - Parsing relationship: /_rels/.rels
19-09-2024 05:15:58 pm DEBUG PackageRelationshipCollection - Parsing relationship: /xl/_rels/workbook.xml.rels
19-09-2024 05:15:58 pm DEBUG PackageRelationshipCollection - Parsing relationship: /_rels/.rels
19-09-2024 05:15:58 pm DEBUG PackageRelationshipCollection - Parsing relationship: /xl/_rels/workbook.xml.rels
19-09-2024 05:15:58 pm DEBUG PackageRelationshipCollection - Parsing relationship: /_rels/.rels
19-09-2024 05:15:58 pm INFO  TC03_LoginTestUsingDataProvider - ***** Started TC02_LoginTest *****
19-09-2024 05:15:59 pm INFO  TC03_LoginTestUsingDataProvider - Clicked on myaccount link.
19-09-2024 05:15:59 pm INFO  TC03_LoginTestUsingDataProvider - Clicked on register link.
19-09-2024 05:15:59 pm INFO  TC03_LoginTestUsingDataProvider - Entering user login details.
19-09-2024 05:16:01 pm INFO  TC03_LoginTestUsingDataProvider - Validating user login status.
19-09-2024 05:16:02 pm INFO  TC03_LoginTestUsingDataProvider - ***** Finished TC02_LoginTest *****
19-09-2024 05:16:02 pm INFO  TC03_LoginTestUsingDataProvider - ***** Started TC02_LoginTest *****
19-09-2024 05:16:03 pm INFO  TC03_LoginTestUsingDataProvider - Clicked on myaccount link.
19-09-2024 05:16:03 pm INFO  TC03_LoginTestUsingDataProvider - Clicked on register link.
19-09-2024 05:16:03 pm INFO  TC03_LoginTestUsingDataProvider - Entering user login details.
19-09-2024 05:16:05 pm INFO  TC03_LoginTestUsingDataProvider - Validating user login status.
19-09-2024 05:16:15 pm ERROR TC03_LoginTestUsingDataProvider - Test failed.
19-09-2024 05:16:15 pm DEBUG TC03_LoginTestUsingDataProvider - Debug log : 
org.openqa.selenium.NoSuchElementException: no such element: Unable to locate element: {"method":"xpath","selector":"//div[@class='list-group']//a[text()='Logout']"}
  (Session info: chrome=128.0.6613.120)
For documentation on this error, please visit: https://www.selenium.dev/documentation/webdriver/troubleshooting/errors#no-such-element-exception
Build info: version: '4.24.0', revision: '748ffc9bc3'
System info: os.name: 'Windows 11', os.arch: 'amd64', os.version: '10.0', java.version: '17.0.6'
Driver info: org.openqa.selenium.chrome.ChromeDriver
Command: [4e09230ac9dd6603915b75ea8bc0dbee, findElement {value=//div[@class='list-group']//a[text()='Logout'], using=xpath}]
Capabilities {acceptInsecureCerts: false, browserName: chrome, browserVersion: 128.0.6613.120, chrome: {chromedriverVersion: 128.0.6613.137 (fe621c5aa2d..., userDataDir: C:\Users\Mahesh\AppData\Loc...}, fedcm:accounts: true, goog:chromeOptions: {debuggerAddress: localhost:52485}, networkConnectionEnabled: false, pageLoadStrategy: normal, platformName: windows, proxy: Proxy(), se:cdp: ws://localhost:52485/devtoo..., se:cdpVersion: 128.0.6613.120, setWindowRect: true, strictFileInteractability: false, timeouts: {implicit: 0, pageLoad: 300000, script: 30000}, unhandledPromptBehavior: dismiss and notify, webauthn:extension:credBlob: true, webauthn:extension:largeBlob: true, webauthn:extension:minPinLength: true, webauthn:extension:prf: true, webauthn:virtualAuthenticators: true}
Session ID: 4e09230ac9dd6603915b75ea8bc0dbee
	at java.base/jdk.internal.reflect.NativeConstructorAccessorImpl.newInstance0(Native Method) ~[?:?]
	at java.base/jdk.internal.reflect.NativeConstructorAccessorImpl.newInstance(NativeConstructorAccessorImpl.java:77) ~[?:?]
	at java.base/jdk.internal.reflect.DelegatingConstructorAccessorImpl.newInstance(DelegatingConstructorAccessorImpl.java:45) ~[?:?]
	at java.base/java.lang.reflect.Constructor.newInstanceWithCaller(Constructor.java:499) ~[?:?]
	at java.base/java.lang.reflect.Constructor.newInstance(Constructor.java:480) ~[?:?]
	at org.openqa.selenium.remote.ErrorCodec.decode(ErrorCodec.java:167) ~[selenium-remote-driver-4.24.0.jar:?]
	at org.openqa.selenium.remote.codec.w3c.W3CHttpResponseCodec.decode(W3CHttpResponseCodec.java:138) ~[selenium-remote-driver-4.24.0.jar:?]
	at org.openqa.selenium.remote.codec.w3c.W3CHttpResponseCodec.decode(W3CHttpResponseCodec.java:50) ~[selenium-remote-driver-4.24.0.jar:?]
	at org.openqa.selenium.remote.HttpCommandExecutor.execute(HttpCommandExecutor.java:190) ~[selenium-remote-driver-4.24.0.jar:?]
	at org.openqa.selenium.remote.service.DriverCommandExecutor.invokeExecute(DriverCommandExecutor.java:216) ~[selenium-remote-driver-4.24.0.jar:?]
	at org.openqa.selenium.remote.service.DriverCommandExecutor.execute(DriverCommandExecutor.java:174) ~[selenium-remote-driver-4.24.0.jar:?]
	at org.openqa.selenium.remote.RemoteWebDriver.execute(RemoteWebDriver.java:545) ~[selenium-remote-driver-4.24.0.jar:?]
	at org.openqa.selenium.remote.ElementLocation$ElementFinder$2.findElement(ElementLocation.java:165) ~[selenium-remote-driver-4.24.0.jar:?]
	at org.openqa.selenium.remote.ElementLocation.findElement(ElementLocation.java:59) ~[selenium-remote-driver-4.24.0.jar:?]
	at org.openqa.selenium.remote.RemoteWebDriver.findElement(RemoteWebDriver.java:368) ~[selenium-remote-driver-4.24.0.jar:?]
	at org.openqa.selenium.remote.RemoteWebDriver.findElement(RemoteWebDriver.java:362) ~[selenium-remote-driver-4.24.0.jar:?]
	at org.openqa.selenium.support.pagefactory.DefaultElementLocator.findElement(DefaultElementLocator.java:68) ~[selenium-support-4.24.0.jar:?]
	at org.openqa.selenium.support.pagefactory.internal.LocatingElementHandler.invoke(LocatingElementHandler.java:38) ~[selenium-support-4.24.0.jar:?]
	at jdk.proxy2/jdk.proxy2.$Proxy29.click(Unknown Source) ~[?:?]
	at pageObjects.AccountPage.clickLogout(AccountPage.java:31) ~[test-classes/:?]
	at testCases.TC03_LoginTestUsingDataProvider.validate_userLogin(TC03_LoginTestUsingDataProvider.java:54) ~[test-classes/:?]
	at java.base/jdk.internal.reflect.NativeMethodAccessorImpl.invoke0(Native Method) ~[?:?]
	at java.base/jdk.internal.reflect.NativeMethodAccessorImpl.invoke(NativeMethodAccessorImpl.java:77) ~[?:?]
	at java.base/jdk.internal.reflect.DelegatingMethodAccessorImpl.invoke(DelegatingMethodAccessorImpl.java:43) ~[?:?]
	at java.base/java.lang.reflect.Method.invoke(Method.java:568) ~[?:?]
	at org.testng.internal.invokers.MethodInvocationHelper.invokeMethod(MethodInvocationHelper.java:141) ~[testng-7.10.2.jar:7.10.2]
	at org.testng.internal.invokers.TestInvoker.invokeMethod(TestInvoker.java:686) ~[testng-7.10.2.jar:7.10.2]
	at org.testng.internal.invokers.TestInvoker.invokeTestMethod(TestInvoker.java:230) ~[testng-7.10.2.jar:7.10.2]
	at org.testng.internal.invokers.MethodRunner.runInSequence(MethodRunner.java:63) ~[testng-7.10.2.jar:7.10.2]
	at org.testng.internal.invokers.TestInvoker$MethodInvocationAgent.invoke(TestInvoker.java:992) ~[testng-7.10.2.jar:7.10.2]
	at org.testng.internal.invokers.TestInvoker.invokeTestMethods(TestInvoker.java:203) ~[testng-7.10.2.jar:7.10.2]
	at org.testng.internal.invokers.TestMethodWorker.invokeTestMethods(TestMethodWorker.java:154) ~[testng-7.10.2.jar:7.10.2]
	at org.testng.internal.invokers.TestMethodWorker.run(TestMethodWorker.java:134) ~[testng-7.10.2.jar:7.10.2]
	at java.base/java.util.ArrayList.forEach(ArrayList.java:1511) ~[?:?]
	at org.testng.TestRunner.privateRun(TestRunner.java:739) ~[testng-7.10.2.jar:7.10.2]
	at org.testng.TestRunner.run(TestRunner.java:614) ~[testng-7.10.2.jar:7.10.2]
	at org.testng.SuiteRunner.runTest(SuiteRunner.java:421) ~[testng-7.10.2.jar:7.10.2]
	at org.testng.SuiteRunner$SuiteWorker.run(SuiteRunner.java:463) ~[testng-7.10.2.jar:7.10.2]
	at org.testng.internal.thread.ThreadUtil.lambda$execute$0(ThreadUtil.java:64) ~[testng-7.10.2.jar:7.10.2]
	at java.base/java.util.concurrent.FutureTask.run(FutureTask.java:264) [?:?]
	at java.base/java.util.concurrent.ThreadPoolExecutor.runWorker(ThreadPoolExecutor.java:1136) [?:?]
	at java.base/java.util.concurrent.ThreadPoolExecutor$Worker.run(ThreadPoolExecutor.java:635) [?:?]
	at java.base/java.lang.Thread.run(Thread.java:833) [?:?]
19-09-2024 05:16:15 pm INFO  TC03_LoginTestUsingDataProvider - ***** Started TC02_LoginTest *****
19-09-2024 05:16:15 pm INFO  TC03_LoginTestUsingDataProvider - Clicked on myaccount link.
19-09-2024 05:16:15 pm INFO  TC03_LoginTestUsingDataProvider - Clicked on register link.
19-09-2024 05:16:15 pm INFO  TC03_LoginTestUsingDataProvider - Entering user login details.
19-09-2024 05:16:17 pm INFO  TC03_LoginTestUsingDataProvider - Validating user login status.
19-09-2024 05:16:18 pm INFO  TC03_LoginTestUsingDataProvider - ***** Finished TC02_LoginTest *****
19-09-2024 05:17:29 pm DEBUG TestNG - suiteXmlPath: "C:\Users\Mahesh\eclipse-workspace\Opencart-FrameworkDesign\testng.xml"
19-09-2024 05:17:29 pm INFO  Utils - [TestNG] Running:
  C:\Users\Mahesh\eclipse-workspace\Opencart-FrameworkDesign\testng.xml

19-09-2024 05:17:32 pm DEBUG PackageRelationshipCollection - Parsing relationship: /xl/_rels/workbook.xml.rels
19-09-2024 05:17:32 pm DEBUG PackageRelationshipCollection - Parsing relationship: /_rels/.rels
19-09-2024 05:17:33 pm DEBUG PackageRelationshipCollection - Parsing relationship: /xl/_rels/workbook.xml.rels
19-09-2024 05:17:33 pm DEBUG PackageRelationshipCollection - Parsing relationship: /_rels/.rels
19-09-2024 05:17:33 pm DEBUG PackageRelationshipCollection - Parsing relationship: /xl/_rels/workbook.xml.rels
19-09-2024 05:17:33 pm DEBUG PackageRelationshipCollection - Parsing relationship: /_rels/.rels
19-09-2024 05:17:33 pm DEBUG PackageRelationshipCollection - Parsing relationship: /xl/_rels/workbook.xml.rels
19-09-2024 05:17:33 pm DEBUG PackageRelationshipCollection - Parsing relationship: /_rels/.rels
19-09-2024 05:17:33 pm DEBUG PackageRelationshipCollection - Parsing relationship: /xl/_rels/workbook.xml.rels
19-09-2024 05:17:33 pm DEBUG PackageRelationshipCollection - Parsing relationship: /_rels/.rels
19-09-2024 05:17:33 pm DEBUG PackageRelationshipCollection - Parsing relationship: /xl/_rels/workbook.xml.rels
19-09-2024 05:17:33 pm DEBUG PackageRelationshipCollection - Parsing relationship: /_rels/.rels
19-09-2024 05:17:33 pm DEBUG PackageRelationshipCollection - Parsing relationship: /xl/_rels/workbook.xml.rels
19-09-2024 05:17:33 pm DEBUG PackageRelationshipCollection - Parsing relationship: /_rels/.rels
19-09-2024 05:17:33 pm DEBUG PackageRelationshipCollection - Parsing relationship: /xl/_rels/workbook.xml.rels
19-09-2024 05:17:33 pm DEBUG PackageRelationshipCollection - Parsing relationship: /_rels/.rels
19-09-2024 05:17:33 pm DEBUG PackageRelationshipCollection - Parsing relationship: /xl/_rels/workbook.xml.rels
19-09-2024 05:17:33 pm DEBUG PackageRelationshipCollection - Parsing relationship: /_rels/.rels
19-09-2024 05:17:33 pm DEBUG PackageRelationshipCollection - Parsing relationship: /xl/_rels/workbook.xml.rels
19-09-2024 05:17:33 pm DEBUG PackageRelationshipCollection - Parsing relationship: /_rels/.rels
19-09-2024 05:17:33 pm DEBUG PackageRelationshipCollection - Parsing relationship: /xl/_rels/workbook.xml.rels
19-09-2024 05:17:33 pm DEBUG PackageRelationshipCollection - Parsing relationship: /_rels/.rels
19-09-2024 05:17:33 pm INFO  TC03_LoginTestUsingDataProvider - ***** Started TC02_LoginTest *****
19-09-2024 05:17:34 pm INFO  TC03_LoginTestUsingDataProvider - Clicked on myaccount link.
19-09-2024 05:17:34 pm INFO  TC03_LoginTestUsingDataProvider - Clicked on register link.
19-09-2024 05:17:34 pm INFO  TC03_LoginTestUsingDataProvider - Entering user login details.
19-09-2024 05:17:36 pm INFO  TC03_LoginTestUsingDataProvider - Validating user login status.
19-09-2024 05:17:37 pm INFO  TC03_LoginTestUsingDataProvider - ***** Finished TC02_LoginTest *****
19-09-2024 05:17:37 pm INFO  TC03_LoginTestUsingDataProvider - ***** Started TC02_LoginTest *****
19-09-2024 05:17:37 pm INFO  TC03_LoginTestUsingDataProvider - Clicked on myaccount link.
19-09-2024 05:17:37 pm INFO  TC03_LoginTestUsingDataProvider - Clicked on register link.
19-09-2024 05:17:37 pm INFO  TC03_LoginTestUsingDataProvider - Entering user login details.
19-09-2024 05:17:39 pm INFO  TC03_LoginTestUsingDataProvider - Validating user login status.
19-09-2024 05:17:49 pm ERROR TC03_LoginTestUsingDataProvider - Test failed.
19-09-2024 05:17:49 pm DEBUG TC03_LoginTestUsingDataProvider - Debug log : 
org.openqa.selenium.NoSuchElementException: no such element: Unable to locate element: {"method":"xpath","selector":"//div[@class='list-group']//a[text()='Logout']"}
  (Session info: chrome=128.0.6613.120)
For documentation on this error, please visit: https://www.selenium.dev/documentation/webdriver/troubleshooting/errors#no-such-element-exception
Build info: version: '4.24.0', revision: '748ffc9bc3'
System info: os.name: 'Windows 11', os.arch: 'amd64', os.version: '10.0', java.version: '17.0.6'
Driver info: org.openqa.selenium.chrome.ChromeDriver
Command: [e4129995ab891479e5117f5aa8d76abd, findElement {using=xpath, value=//div[@class='list-group']//a[text()='Logout']}]
Capabilities {acceptInsecureCerts: false, browserName: chrome, browserVersion: 128.0.6613.120, chrome: {chromedriverVersion: 128.0.6613.137 (fe621c5aa2d..., userDataDir: C:\Users\Mahesh\AppData\Loc...}, fedcm:accounts: true, goog:chromeOptions: {debuggerAddress: localhost:52558}, networkConnectionEnabled: false, pageLoadStrategy: normal, platformName: windows, proxy: Proxy(), se:cdp: ws://localhost:52558/devtoo..., se:cdpVersion: 128.0.6613.120, setWindowRect: true, strictFileInteractability: false, timeouts: {implicit: 0, pageLoad: 300000, script: 30000}, unhandledPromptBehavior: dismiss and notify, webauthn:extension:credBlob: true, webauthn:extension:largeBlob: true, webauthn:extension:minPinLength: true, webauthn:extension:prf: true, webauthn:virtualAuthenticators: true}
Session ID: e4129995ab891479e5117f5aa8d76abd
	at java.base/jdk.internal.reflect.NativeConstructorAccessorImpl.newInstance0(Native Method) ~[?:?]
	at java.base/jdk.internal.reflect.NativeConstructorAccessorImpl.newInstance(NativeConstructorAccessorImpl.java:77) ~[?:?]
	at java.base/jdk.internal.reflect.DelegatingConstructorAccessorImpl.newInstance(DelegatingConstructorAccessorImpl.java:45) ~[?:?]
	at java.base/java.lang.reflect.Constructor.newInstanceWithCaller(Constructor.java:499) ~[?:?]
	at java.base/java.lang.reflect.Constructor.newInstance(Constructor.java:480) ~[?:?]
	at org.openqa.selenium.remote.ErrorCodec.decode(ErrorCodec.java:167) ~[selenium-remote-driver-4.24.0.jar:?]
	at org.openqa.selenium.remote.codec.w3c.W3CHttpResponseCodec.decode(W3CHttpResponseCodec.java:138) ~[selenium-remote-driver-4.24.0.jar:?]
	at org.openqa.selenium.remote.codec.w3c.W3CHttpResponseCodec.decode(W3CHttpResponseCodec.java:50) ~[selenium-remote-driver-4.24.0.jar:?]
	at org.openqa.selenium.remote.HttpCommandExecutor.execute(HttpCommandExecutor.java:190) ~[selenium-remote-driver-4.24.0.jar:?]
	at org.openqa.selenium.remote.service.DriverCommandExecutor.invokeExecute(DriverCommandExecutor.java:216) ~[selenium-remote-driver-4.24.0.jar:?]
	at org.openqa.selenium.remote.service.DriverCommandExecutor.execute(DriverCommandExecutor.java:174) ~[selenium-remote-driver-4.24.0.jar:?]
	at org.openqa.selenium.remote.RemoteWebDriver.execute(RemoteWebDriver.java:545) ~[selenium-remote-driver-4.24.0.jar:?]
	at org.openqa.selenium.remote.ElementLocation$ElementFinder$2.findElement(ElementLocation.java:165) ~[selenium-remote-driver-4.24.0.jar:?]
	at org.openqa.selenium.remote.ElementLocation.findElement(ElementLocation.java:59) ~[selenium-remote-driver-4.24.0.jar:?]
	at org.openqa.selenium.remote.RemoteWebDriver.findElement(RemoteWebDriver.java:368) ~[selenium-remote-driver-4.24.0.jar:?]
	at org.openqa.selenium.remote.RemoteWebDriver.findElement(RemoteWebDriver.java:362) ~[selenium-remote-driver-4.24.0.jar:?]
	at org.openqa.selenium.support.pagefactory.DefaultElementLocator.findElement(DefaultElementLocator.java:68) ~[selenium-support-4.24.0.jar:?]
	at org.openqa.selenium.support.pagefactory.internal.LocatingElementHandler.invoke(LocatingElementHandler.java:38) ~[selenium-support-4.24.0.jar:?]
	at jdk.proxy2/jdk.proxy2.$Proxy29.click(Unknown Source) ~[?:?]
	at pageObjects.AccountPage.clickLogout(AccountPage.java:31) ~[test-classes/:?]
	at testCases.TC03_LoginTestUsingDataProvider.validate_userLogin(TC03_LoginTestUsingDataProvider.java:55) ~[test-classes/:?]
	at java.base/jdk.internal.reflect.NativeMethodAccessorImpl.invoke0(Native Method) ~[?:?]
	at java.base/jdk.internal.reflect.NativeMethodAccessorImpl.invoke(NativeMethodAccessorImpl.java:77) ~[?:?]
	at java.base/jdk.internal.reflect.DelegatingMethodAccessorImpl.invoke(DelegatingMethodAccessorImpl.java:43) ~[?:?]
	at java.base/java.lang.reflect.Method.invoke(Method.java:568) ~[?:?]
	at org.testng.internal.invokers.MethodInvocationHelper.invokeMethod(MethodInvocationHelper.java:141) ~[testng-7.10.2.jar:7.10.2]
	at org.testng.internal.invokers.TestInvoker.invokeMethod(TestInvoker.java:686) ~[testng-7.10.2.jar:7.10.2]
	at org.testng.internal.invokers.TestInvoker.invokeTestMethod(TestInvoker.java:230) ~[testng-7.10.2.jar:7.10.2]
	at org.testng.internal.invokers.MethodRunner.runInSequence(MethodRunner.java:63) ~[testng-7.10.2.jar:7.10.2]
	at org.testng.internal.invokers.TestInvoker$MethodInvocationAgent.invoke(TestInvoker.java:992) ~[testng-7.10.2.jar:7.10.2]
	at org.testng.internal.invokers.TestInvoker.invokeTestMethods(TestInvoker.java:203) ~[testng-7.10.2.jar:7.10.2]
	at org.testng.internal.invokers.TestMethodWorker.invokeTestMethods(TestMethodWorker.java:154) ~[testng-7.10.2.jar:7.10.2]
	at org.testng.internal.invokers.TestMethodWorker.run(TestMethodWorker.java:134) ~[testng-7.10.2.jar:7.10.2]
	at java.base/java.util.ArrayList.forEach(ArrayList.java:1511) ~[?:?]
	at org.testng.TestRunner.privateRun(TestRunner.java:739) ~[testng-7.10.2.jar:7.10.2]
	at org.testng.TestRunner.run(TestRunner.java:614) ~[testng-7.10.2.jar:7.10.2]
	at org.testng.SuiteRunner.runTest(SuiteRunner.java:421) ~[testng-7.10.2.jar:7.10.2]
	at org.testng.SuiteRunner$SuiteWorker.run(SuiteRunner.java:463) ~[testng-7.10.2.jar:7.10.2]
	at org.testng.internal.thread.ThreadUtil.lambda$execute$0(ThreadUtil.java:64) ~[testng-7.10.2.jar:7.10.2]
	at java.base/java.util.concurrent.FutureTask.run(FutureTask.java:264) [?:?]
	at java.base/java.util.concurrent.ThreadPoolExecutor.runWorker(ThreadPoolExecutor.java:1136) [?:?]
	at java.base/java.util.concurrent.ThreadPoolExecutor$Worker.run(ThreadPoolExecutor.java:635) [?:?]
	at java.base/java.lang.Thread.run(Thread.java:833) [?:?]
19-09-2024 05:17:49 pm INFO  TC03_LoginTestUsingDataProvider - ***** Started TC02_LoginTest *****
19-09-2024 05:17:50 pm INFO  TC03_LoginTestUsingDataProvider - Clicked on myaccount link.
19-09-2024 05:17:50 pm INFO  TC03_LoginTestUsingDataProvider - Clicked on register link.
19-09-2024 05:17:50 pm INFO  TC03_LoginTestUsingDataProvider - Entering user login details.
19-09-2024 05:17:52 pm INFO  TC03_LoginTestUsingDataProvider - Validating user login status.
19-09-2024 05:17:53 pm INFO  TC03_LoginTestUsingDataProvider - ***** Finished TC02_LoginTest *****
19-09-2024 05:20:33 pm DEBUG TestNG - suiteXmlPath: "C:\Users\Mahesh\eclipse-workspace\Opencart-FrameworkDesign\testng.xml"
19-09-2024 05:20:34 pm INFO  Utils - [TestNG] Running:
  C:\Users\Mahesh\eclipse-workspace\Opencart-FrameworkDesign\testng.xml

19-09-2024 05:20:36 pm DEBUG PackageRelationshipCollection - Parsing relationship: /xl/_rels/workbook.xml.rels
19-09-2024 05:20:36 pm DEBUG PackageRelationshipCollection - Parsing relationship: /_rels/.rels
19-09-2024 05:20:37 pm DEBUG PackageRelationshipCollection - Parsing relationship: /xl/_rels/workbook.xml.rels
19-09-2024 05:20:37 pm DEBUG PackageRelationshipCollection - Parsing relationship: /_rels/.rels
19-09-2024 05:20:37 pm DEBUG PackageRelationshipCollection - Parsing relationship: /xl/_rels/workbook.xml.rels
19-09-2024 05:20:37 pm DEBUG PackageRelationshipCollection - Parsing relationship: /_rels/.rels
19-09-2024 05:20:37 pm DEBUG PackageRelationshipCollection - Parsing relationship: /xl/_rels/workbook.xml.rels
19-09-2024 05:20:37 pm DEBUG PackageRelationshipCollection - Parsing relationship: /_rels/.rels
19-09-2024 05:20:37 pm DEBUG PackageRelationshipCollection - Parsing relationship: /xl/_rels/workbook.xml.rels
19-09-2024 05:20:37 pm DEBUG PackageRelationshipCollection - Parsing relationship: /_rels/.rels
19-09-2024 05:20:37 pm DEBUG PackageRelationshipCollection - Parsing relationship: /xl/_rels/workbook.xml.rels
19-09-2024 05:20:37 pm DEBUG PackageRelationshipCollection - Parsing relationship: /_rels/.rels
19-09-2024 05:20:37 pm DEBUG PackageRelationshipCollection - Parsing relationship: /xl/_rels/workbook.xml.rels
19-09-2024 05:20:37 pm DEBUG PackageRelationshipCollection - Parsing relationship: /_rels/.rels
19-09-2024 05:20:37 pm DEBUG PackageRelationshipCollection - Parsing relationship: /xl/_rels/workbook.xml.rels
19-09-2024 05:20:37 pm DEBUG PackageRelationshipCollection - Parsing relationship: /_rels/.rels
19-09-2024 05:20:37 pm DEBUG PackageRelationshipCollection - Parsing relationship: /xl/_rels/workbook.xml.rels
19-09-2024 05:20:37 pm DEBUG PackageRelationshipCollection - Parsing relationship: /_rels/.rels
19-09-2024 05:20:37 pm DEBUG PackageRelationshipCollection - Parsing relationship: /xl/_rels/workbook.xml.rels
19-09-2024 05:20:37 pm DEBUG PackageRelationshipCollection - Parsing relationship: /_rels/.rels
19-09-2024 05:20:37 pm DEBUG PackageRelationshipCollection - Parsing relationship: /xl/_rels/workbook.xml.rels
19-09-2024 05:20:37 pm DEBUG PackageRelationshipCollection - Parsing relationship: /_rels/.rels
19-09-2024 05:20:37 pm INFO  TC03_LoginTestUsingDataProvider - ***** Started TC02_LoginTest *****
19-09-2024 05:20:40 pm INFO  TC03_LoginTestUsingDataProvider - Clicked on myaccount link.
19-09-2024 05:20:40 pm INFO  TC03_LoginTestUsingDataProvider - Clicked on register link.
19-09-2024 05:20:40 pm INFO  TC03_LoginTestUsingDataProvider - Entering user login details.
19-09-2024 05:20:43 pm INFO  TC03_LoginTestUsingDataProvider - Validating user login status.
19-09-2024 05:20:43 pm INFO  TC03_LoginTestUsingDataProvider - ***** Finished TC02_LoginTest *****
19-09-2024 05:20:43 pm INFO  TC03_LoginTestUsingDataProvider - ***** Started TC02_LoginTest *****
19-09-2024 05:20:44 pm INFO  TC03_LoginTestUsingDataProvider - Clicked on myaccount link.
19-09-2024 05:20:44 pm INFO  TC03_LoginTestUsingDataProvider - Clicked on register link.
19-09-2024 05:20:44 pm INFO  TC03_LoginTestUsingDataProvider - Entering user login details.
19-09-2024 05:20:46 pm INFO  TC03_LoginTestUsingDataProvider - Validating user login status.
19-09-2024 05:20:56 pm INFO  TC03_LoginTestUsingDataProvider - ***** Finished TC02_LoginTest *****
19-09-2024 05:20:56 pm INFO  TC03_LoginTestUsingDataProvider - ***** Started TC02_LoginTest *****
19-09-2024 05:20:56 pm INFO  TC03_LoginTestUsingDataProvider - Clicked on myaccount link.
19-09-2024 05:20:57 pm INFO  TC03_LoginTestUsingDataProvider - Clicked on register link.
19-09-2024 05:20:57 pm INFO  TC03_LoginTestUsingDataProvider - Entering user login details.
19-09-2024 05:20:59 pm INFO  TC03_LoginTestUsingDataProvider - Validating user login status.
19-09-2024 05:20:59 pm INFO  TC03_LoginTestUsingDataProvider - ***** Finished TC02_LoginTest *****
19-09-2024 05:22:08 pm DEBUG TestNG - suiteXmlPath: "C:\Users\Mahesh\eclipse-workspace\Opencart-FrameworkDesign\testng.xml"
19-09-2024 05:22:08 pm INFO  Utils - [TestNG] Running:
  C:\Users\Mahesh\eclipse-workspace\Opencart-FrameworkDesign\testng.xml

19-09-2024 05:22:11 pm DEBUG PackageRelationshipCollection - Parsing relationship: /xl/_rels/workbook.xml.rels
19-09-2024 05:22:11 pm DEBUG PackageRelationshipCollection - Parsing relationship: /_rels/.rels
19-09-2024 05:22:11 pm DEBUG PackageRelationshipCollection - Parsing relationship: /xl/_rels/workbook.xml.rels
19-09-2024 05:22:11 pm DEBUG PackageRelationshipCollection - Parsing relationship: /_rels/.rels
19-09-2024 05:22:11 pm DEBUG PackageRelationshipCollection - Parsing relationship: /xl/_rels/workbook.xml.rels
19-09-2024 05:22:11 pm DEBUG PackageRelationshipCollection - Parsing relationship: /_rels/.rels
19-09-2024 05:22:11 pm DEBUG PackageRelationshipCollection - Parsing relationship: /xl/_rels/workbook.xml.rels
19-09-2024 05:22:11 pm DEBUG PackageRelationshipCollection - Parsing relationship: /_rels/.rels
19-09-2024 05:22:11 pm DEBUG PackageRelationshipCollection - Parsing relationship: /xl/_rels/workbook.xml.rels
19-09-2024 05:22:11 pm DEBUG PackageRelationshipCollection - Parsing relationship: /_rels/.rels
19-09-2024 05:22:11 pm DEBUG PackageRelationshipCollection - Parsing relationship: /xl/_rels/workbook.xml.rels
19-09-2024 05:22:11 pm DEBUG PackageRelationshipCollection - Parsing relationship: /_rels/.rels
19-09-2024 05:22:11 pm DEBUG PackageRelationshipCollection - Parsing relationship: /xl/_rels/workbook.xml.rels
19-09-2024 05:22:11 pm DEBUG PackageRelationshipCollection - Parsing relationship: /_rels/.rels
19-09-2024 05:22:11 pm DEBUG PackageRelationshipCollection - Parsing relationship: /xl/_rels/workbook.xml.rels
19-09-2024 05:22:11 pm DEBUG PackageRelationshipCollection - Parsing relationship: /_rels/.rels
19-09-2024 05:22:11 pm DEBUG PackageRelationshipCollection - Parsing relationship: /xl/_rels/workbook.xml.rels
19-09-2024 05:22:11 pm DEBUG PackageRelationshipCollection - Parsing relationship: /_rels/.rels
19-09-2024 05:22:12 pm DEBUG PackageRelationshipCollection - Parsing relationship: /xl/_rels/workbook.xml.rels
19-09-2024 05:22:12 pm DEBUG PackageRelationshipCollection - Parsing relationship: /_rels/.rels
19-09-2024 05:22:12 pm DEBUG PackageRelationshipCollection - Parsing relationship: /xl/_rels/workbook.xml.rels
19-09-2024 05:22:12 pm DEBUG PackageRelationshipCollection - Parsing relationship: /_rels/.rels
19-09-2024 05:22:12 pm INFO  TC03_LoginTestUsingDataProvider - ***** Started TC02_LoginTest *****
19-09-2024 05:22:13 pm INFO  TC03_LoginTestUsingDataProvider - Clicked on myaccount link.
19-09-2024 05:22:13 pm INFO  TC03_LoginTestUsingDataProvider - Clicked on register link.
19-09-2024 05:22:13 pm INFO  TC03_LoginTestUsingDataProvider - Entering user login details.
19-09-2024 05:22:15 pm INFO  TC03_LoginTestUsingDataProvider - Validating user login status.
19-09-2024 05:22:16 pm INFO  TC03_LoginTestUsingDataProvider - ***** Started TC02_LoginTest *****
19-09-2024 05:22:16 pm INFO  TC03_LoginTestUsingDataProvider - Clicked on myaccount link.
19-09-2024 05:22:17 pm INFO  TC03_LoginTestUsingDataProvider - Clicked on register link.
19-09-2024 05:22:17 pm INFO  TC03_LoginTestUsingDataProvider - Entering user login details.
19-09-2024 05:22:18 pm INFO  TC03_LoginTestUsingDataProvider - Validating user login status.
19-09-2024 05:22:29 pm INFO  TC03_LoginTestUsingDataProvider - ***** Started TC02_LoginTest *****
19-09-2024 05:22:29 pm INFO  TC03_LoginTestUsingDataProvider - Clicked on myaccount link.
19-09-2024 05:22:30 pm INFO  TC03_LoginTestUsingDataProvider - Clicked on register link.
19-09-2024 05:22:30 pm INFO  TC03_LoginTestUsingDataProvider - Entering user login details.
19-09-2024 05:22:32 pm INFO  TC03_LoginTestUsingDataProvider - Validating user login status.
19-09-2024 05:22:32 pm INFO  TC03_LoginTestUsingDataProvider - ***** Finished TC02_LoginTest *****
19-09-2024 05:28:57 pm DEBUG TestNG - suiteXmlPath: "C:\Users\Mahesh\eclipse-workspace\Opencart-FrameworkDesign\testng.xml"
19-09-2024 05:28:57 pm INFO  Utils - [TestNG] Running:
  C:\Users\Mahesh\eclipse-workspace\Opencart-FrameworkDesign\testng.xml

19-09-2024 05:29:00 pm DEBUG PackageRelationshipCollection - Parsing relationship: /xl/_rels/workbook.xml.rels
19-09-2024 05:29:00 pm DEBUG PackageRelationshipCollection - Parsing relationship: /_rels/.rels
19-09-2024 05:29:01 pm DEBUG PackageRelationshipCollection - Parsing relationship: /xl/_rels/workbook.xml.rels
19-09-2024 05:29:01 pm DEBUG PackageRelationshipCollection - Parsing relationship: /_rels/.rels
19-09-2024 05:29:01 pm DEBUG PackageRelationshipCollection - Parsing relationship: /xl/_rels/workbook.xml.rels
19-09-2024 05:29:01 pm DEBUG PackageRelationshipCollection - Parsing relationship: /_rels/.rels
19-09-2024 05:29:01 pm DEBUG PackageRelationshipCollection - Parsing relationship: /xl/_rels/workbook.xml.rels
19-09-2024 05:29:01 pm DEBUG PackageRelationshipCollection - Parsing relationship: /_rels/.rels
19-09-2024 05:29:01 pm DEBUG PackageRelationshipCollection - Parsing relationship: /xl/_rels/workbook.xml.rels
19-09-2024 05:29:01 pm DEBUG PackageRelationshipCollection - Parsing relationship: /_rels/.rels
19-09-2024 05:29:01 pm DEBUG PackageRelationshipCollection - Parsing relationship: /xl/_rels/workbook.xml.rels
19-09-2024 05:29:01 pm DEBUG PackageRelationshipCollection - Parsing relationship: /_rels/.rels
19-09-2024 05:29:01 pm DEBUG PackageRelationshipCollection - Parsing relationship: /xl/_rels/workbook.xml.rels
19-09-2024 05:29:01 pm DEBUG PackageRelationshipCollection - Parsing relationship: /_rels/.rels
19-09-2024 05:29:01 pm DEBUG PackageRelationshipCollection - Parsing relationship: /xl/_rels/workbook.xml.rels
19-09-2024 05:29:01 pm DEBUG PackageRelationshipCollection - Parsing relationship: /_rels/.rels
19-09-2024 05:29:01 pm DEBUG PackageRelationshipCollection - Parsing relationship: /xl/_rels/workbook.xml.rels
19-09-2024 05:29:01 pm DEBUG PackageRelationshipCollection - Parsing relationship: /_rels/.rels
19-09-2024 05:29:01 pm DEBUG PackageRelationshipCollection - Parsing relationship: /xl/_rels/workbook.xml.rels
19-09-2024 05:29:01 pm DEBUG PackageRelationshipCollection - Parsing relationship: /_rels/.rels
19-09-2024 05:29:01 pm DEBUG PackageRelationshipCollection - Parsing relationship: /xl/_rels/workbook.xml.rels
19-09-2024 05:29:01 pm DEBUG PackageRelationshipCollection - Parsing relationship: /_rels/.rels
19-09-2024 05:29:01 pm INFO  TC03_LoginTestUsingDataProvider - ***** Started TC02_LoginTest *****
19-09-2024 05:29:03 pm INFO  TC03_LoginTestUsingDataProvider - Clicked on myaccount link.
19-09-2024 05:29:03 pm INFO  TC03_LoginTestUsingDataProvider - Clicked on register link.
19-09-2024 05:29:03 pm INFO  TC03_LoginTestUsingDataProvider - Entering user login details.
19-09-2024 05:29:05 pm INFO  TC03_LoginTestUsingDataProvider - Clicked on logout.
19-09-2024 05:29:06 pm INFO  TC03_LoginTestUsingDataProvider - Validated user login status.
19-09-2024 05:29:06 pm INFO  TC03_LoginTestUsingDataProvider - Clicked on logout.
19-09-2024 05:29:06 pm INFO  TC03_LoginTestUsingDataProvider - ***** Finished TC02_LoginTest *****
19-09-2024 05:29:06 pm INFO  TC03_LoginTestUsingDataProvider - ***** Started TC02_LoginTest *****
19-09-2024 05:29:07 pm INFO  TC03_LoginTestUsingDataProvider - Clicked on myaccount link.
19-09-2024 05:29:07 pm INFO  TC03_LoginTestUsingDataProvider - Clicked on register link.
19-09-2024 05:29:07 pm INFO  TC03_LoginTestUsingDataProvider - Entering user login details.
19-09-2024 05:29:08 pm INFO  TC03_LoginTestUsingDataProvider - Clicked on logout.
19-09-2024 05:29:09 pm INFO  TC03_LoginTestUsingDataProvider - Validated user login status.
19-09-2024 05:29:19 pm INFO  TC03_LoginTestUsingDataProvider - ***** Finished TC02_LoginTest *****
19-09-2024 05:29:19 pm INFO  TC03_LoginTestUsingDataProvider - ***** Started TC02_LoginTest *****
19-09-2024 05:29:20 pm INFO  TC03_LoginTestUsingDataProvider - Clicked on myaccount link.
19-09-2024 05:29:20 pm INFO  TC03_LoginTestUsingDataProvider - Clicked on register link.
19-09-2024 05:29:20 pm INFO  TC03_LoginTestUsingDataProvider - Entering user login details.
19-09-2024 05:29:22 pm INFO  TC03_LoginTestUsingDataProvider - Clicked on logout.
19-09-2024 05:29:22 pm INFO  TC03_LoginTestUsingDataProvider - Validated user login status.
19-09-2024 05:29:23 pm INFO  TC03_LoginTestUsingDataProvider - Clicked on logout.
19-09-2024 05:29:23 pm INFO  TC03_LoginTestUsingDataProvider - ***** Finished TC02_LoginTest *****
19-09-2024 05:35:38 pm DEBUG TestNG - suiteXmlPath: "C:\Users\Mahesh\eclipse-workspace\Opencart-FrameworkDesign\testng.xml"
19-09-2024 05:35:38 pm INFO  Utils - [TestNG] Running:
  C:\Users\Mahesh\eclipse-workspace\Opencart-FrameworkDesign\testng.xml

19-09-2024 05:35:40 pm DEBUG PackageRelationshipCollection - Parsing relationship: /xl/_rels/workbook.xml.rels
19-09-2024 05:35:40 pm DEBUG PackageRelationshipCollection - Parsing relationship: /_rels/.rels
19-09-2024 05:35:41 pm DEBUG PackageRelationshipCollection - Parsing relationship: /xl/_rels/workbook.xml.rels
19-09-2024 05:35:41 pm DEBUG PackageRelationshipCollection - Parsing relationship: /_rels/.rels
19-09-2024 05:35:41 pm DEBUG PackageRelationshipCollection - Parsing relationship: /xl/_rels/workbook.xml.rels
19-09-2024 05:35:41 pm DEBUG PackageRelationshipCollection - Parsing relationship: /_rels/.rels
19-09-2024 05:35:41 pm DEBUG PackageRelationshipCollection - Parsing relationship: /xl/_rels/workbook.xml.rels
19-09-2024 05:35:41 pm DEBUG PackageRelationshipCollection - Parsing relationship: /_rels/.rels
19-09-2024 05:35:41 pm DEBUG PackageRelationshipCollection - Parsing relationship: /xl/_rels/workbook.xml.rels
19-09-2024 05:35:41 pm DEBUG PackageRelationshipCollection - Parsing relationship: /_rels/.rels
19-09-2024 05:35:41 pm DEBUG PackageRelationshipCollection - Parsing relationship: /xl/_rels/workbook.xml.rels
19-09-2024 05:35:41 pm DEBUG PackageRelationshipCollection - Parsing relationship: /_rels/.rels
19-09-2024 05:35:41 pm DEBUG PackageRelationshipCollection - Parsing relationship: /xl/_rels/workbook.xml.rels
19-09-2024 05:35:41 pm DEBUG PackageRelationshipCollection - Parsing relationship: /_rels/.rels
19-09-2024 05:35:41 pm DEBUG PackageRelationshipCollection - Parsing relationship: /xl/_rels/workbook.xml.rels
19-09-2024 05:35:41 pm DEBUG PackageRelationshipCollection - Parsing relationship: /_rels/.rels
19-09-2024 05:35:41 pm DEBUG PackageRelationshipCollection - Parsing relationship: /xl/_rels/workbook.xml.rels
19-09-2024 05:35:41 pm DEBUG PackageRelationshipCollection - Parsing relationship: /_rels/.rels
19-09-2024 05:35:41 pm DEBUG PackageRelationshipCollection - Parsing relationship: /xl/_rels/workbook.xml.rels
19-09-2024 05:35:41 pm DEBUG PackageRelationshipCollection - Parsing relationship: /_rels/.rels
19-09-2024 05:35:41 pm DEBUG PackageRelationshipCollection - Parsing relationship: /xl/_rels/workbook.xml.rels
19-09-2024 05:35:41 pm DEBUG PackageRelationshipCollection - Parsing relationship: /_rels/.rels
19-09-2024 05:35:41 pm INFO  TC03_LoginTestUsingDataProvider - ***** Started TC02_LoginTest *****
19-09-2024 05:35:42 pm INFO  TC03_LoginTestUsingDataProvider - Clicked on myaccount.
19-09-2024 05:35:42 pm INFO  TC03_LoginTestUsingDataProvider - Clicked on register.
19-09-2024 05:35:43 pm INFO  TC03_LoginTestUsingDataProvider - Entered email address.
19-09-2024 05:35:43 pm INFO  TC03_LoginTestUsingDataProvider - Entered password.
19-09-2024 05:35:43 pm INFO  TC03_LoginTestUsingDataProvider - Clicked on login.
19-09-2024 05:35:45 pm INFO  TC03_LoginTestUsingDataProvider - Validated user login status.
19-09-2024 05:35:45 pm INFO  TC03_LoginTestUsingDataProvider - Clicked on logout.
19-09-2024 05:35:45 pm INFO  TC03_LoginTestUsingDataProvider - ***** Finished TC02_LoginTest *****
19-09-2024 05:35:46 pm INFO  TC03_LoginTestUsingDataProvider - ***** Started TC02_LoginTest *****
19-09-2024 05:35:46 pm INFO  TC03_LoginTestUsingDataProvider - Clicked on myaccount.
19-09-2024 05:35:46 pm INFO  TC03_LoginTestUsingDataProvider - Clicked on register.
19-09-2024 05:35:46 pm INFO  TC03_LoginTestUsingDataProvider - Entered email address.
19-09-2024 05:35:46 pm INFO  TC03_LoginTestUsingDataProvider - Entered password.
19-09-2024 05:35:47 pm INFO  TC03_LoginTestUsingDataProvider - Clicked on login.
19-09-2024 05:35:48 pm INFO  TC03_LoginTestUsingDataProvider - Validated user login status.
19-09-2024 05:35:58 pm INFO  TC03_LoginTestUsingDataProvider - ***** Finished TC02_LoginTest *****
19-09-2024 05:35:58 pm INFO  TC03_LoginTestUsingDataProvider - ***** Started TC02_LoginTest *****
19-09-2024 05:35:59 pm INFO  TC03_LoginTestUsingDataProvider - Clicked on myaccount.
19-09-2024 05:35:59 pm INFO  TC03_LoginTestUsingDataProvider - Clicked on register.
19-09-2024 05:35:59 pm INFO  TC03_LoginTestUsingDataProvider - Entered email address.
19-09-2024 05:35:59 pm INFO  TC03_LoginTestUsingDataProvider - Entered password.
19-09-2024 05:36:00 pm INFO  TC03_LoginTestUsingDataProvider - Clicked on login.
19-09-2024 05:36:01 pm INFO  TC03_LoginTestUsingDataProvider - Validated user login status.
19-09-2024 05:36:01 pm INFO  TC03_LoginTestUsingDataProvider - Clicked on logout.
19-09-2024 05:36:02 pm INFO  TC03_LoginTestUsingDataProvider - ***** Finished TC02_LoginTest *****
19-09-2024 05:42:33 pm DEBUG TestNG - suiteXmlPath: "C:\Users\Mahesh\eclipse-workspace\Opencart-FrameworkDesign\testng.xml"
19-09-2024 05:42:34 pm INFO  Utils - [TestNG] Running:
  C:\Users\Mahesh\eclipse-workspace\Opencart-FrameworkDesign\testng.xml

19-09-2024 05:42:45 pm DEBUG PackageRelationshipCollection - Parsing relationship: /xl/_rels/workbook.xml.rels
19-09-2024 05:42:45 pm DEBUG PackageRelationshipCollection - Parsing relationship: /_rels/.rels
19-09-2024 05:42:46 pm DEBUG PackageRelationshipCollection - Parsing relationship: /xl/_rels/workbook.xml.rels
19-09-2024 05:42:46 pm DEBUG PackageRelationshipCollection - Parsing relationship: /_rels/.rels
19-09-2024 05:42:47 pm DEBUG PackageRelationshipCollection - Parsing relationship: /xl/_rels/workbook.xml.rels
19-09-2024 05:42:47 pm DEBUG PackageRelationshipCollection - Parsing relationship: /_rels/.rels
19-09-2024 05:42:47 pm DEBUG PackageRelationshipCollection - Parsing relationship: /xl/_rels/workbook.xml.rels
19-09-2024 05:42:47 pm DEBUG PackageRelationshipCollection - Parsing relationship: /_rels/.rels
19-09-2024 05:42:47 pm DEBUG PackageRelationshipCollection - Parsing relationship: /xl/_rels/workbook.xml.rels
19-09-2024 05:42:47 pm DEBUG PackageRelationshipCollection - Parsing relationship: /_rels/.rels
19-09-2024 05:42:47 pm DEBUG PackageRelationshipCollection - Parsing relationship: /xl/_rels/workbook.xml.rels
19-09-2024 05:42:47 pm DEBUG PackageRelationshipCollection - Parsing relationship: /_rels/.rels
19-09-2024 05:42:47 pm DEBUG PackageRelationshipCollection - Parsing relationship: /xl/_rels/workbook.xml.rels
19-09-2024 05:42:47 pm DEBUG PackageRelationshipCollection - Parsing relationship: /_rels/.rels
19-09-2024 05:42:47 pm DEBUG PackageRelationshipCollection - Parsing relationship: /xl/_rels/workbook.xml.rels
19-09-2024 05:42:47 pm DEBUG PackageRelationshipCollection - Parsing relationship: /_rels/.rels
19-09-2024 05:42:47 pm DEBUG PackageRelationshipCollection - Parsing relationship: /xl/_rels/workbook.xml.rels
19-09-2024 05:42:47 pm DEBUG PackageRelationshipCollection - Parsing relationship: /_rels/.rels
19-09-2024 05:42:47 pm DEBUG PackageRelationshipCollection - Parsing relationship: /xl/_rels/workbook.xml.rels
19-09-2024 05:42:47 pm DEBUG PackageRelationshipCollection - Parsing relationship: /_rels/.rels
19-09-2024 05:42:47 pm DEBUG PackageRelationshipCollection - Parsing relationship: /xl/_rels/workbook.xml.rels
19-09-2024 05:42:47 pm DEBUG PackageRelationshipCollection - Parsing relationship: /_rels/.rels
19-09-2024 05:42:47 pm INFO  TC03_LoginTestUsingDataProvider - ***** Started TC02_LoginTest *****
19-09-2024 05:42:49 pm INFO  TC03_LoginTestUsingDataProvider - Clicked on myaccount.
19-09-2024 05:42:49 pm INFO  TC03_LoginTestUsingDataProvider - Clicked on register.
19-09-2024 05:42:50 pm INFO  TC03_LoginTestUsingDataProvider - Entered email address.
19-09-2024 05:42:50 pm INFO  TC03_LoginTestUsingDataProvider - Entered password.
19-09-2024 05:42:51 pm INFO  TC03_LoginTestUsingDataProvider - Clicked on login.
19-09-2024 05:42:52 pm INFO  TC03_LoginTestUsingDataProvider - Validated user login status.
19-09-2024 05:42:53 pm INFO  TC03_LoginTestUsingDataProvider - Clicked on logout.
19-09-2024 05:42:53 pm INFO  TC03_LoginTestUsingDataProvider - Passed : Valid user and able to login: jejurkar.mahesh@gmail.com
19-09-2024 05:42:53 pm INFO  TC03_LoginTestUsingDataProvider - ***** Finished TC02_LoginTest *****
19-09-2024 05:42:53 pm INFO  TC03_LoginTestUsingDataProvider - ***** Started TC02_LoginTest *****
19-09-2024 05:42:54 pm INFO  TC03_LoginTestUsingDataProvider - Clicked on myaccount.
19-09-2024 05:42:54 pm INFO  TC03_LoginTestUsingDataProvider - Clicked on register.
19-09-2024 05:42:54 pm INFO  TC03_LoginTestUsingDataProvider - Entered email address.
19-09-2024 05:42:55 pm INFO  TC03_LoginTestUsingDataProvider - Entered password.
19-09-2024 05:42:55 pm INFO  TC03_LoginTestUsingDataProvider - Clicked on login.
19-09-2024 05:42:57 pm INFO  TC03_LoginTestUsingDataProvider - Validated user login status.
19-09-2024 05:43:07 pm INFO  TC03_LoginTestUsingDataProvider - Passed: Invalid user and not able to login: abc.pqr@gmail.com
19-09-2024 05:43:07 pm INFO  TC03_LoginTestUsingDataProvider - ***** Finished TC02_LoginTest *****
19-09-2024 05:43:07 pm INFO  TC03_LoginTestUsingDataProvider - ***** Started TC02_LoginTest *****
19-09-2024 05:43:07 pm INFO  TC03_LoginTestUsingDataProvider - Clicked on myaccount.
19-09-2024 05:43:07 pm INFO  TC03_LoginTestUsingDataProvider - Clicked on register.
19-09-2024 05:43:08 pm INFO  TC03_LoginTestUsingDataProvider - Entered email address.
19-09-2024 05:43:08 pm INFO  TC03_LoginTestUsingDataProvider - Entered password.
19-09-2024 05:43:09 pm INFO  TC03_LoginTestUsingDataProvider - Clicked on login.
19-09-2024 05:43:10 pm INFO  TC03_LoginTestUsingDataProvider - Validated user login status.
19-09-2024 05:43:11 pm INFO  TC03_LoginTestUsingDataProvider - Clicked on logout.
19-09-2024 05:43:11 pm INFO  TC03_LoginTestUsingDataProvider - Passed : Valid user and able to login: abc.xyz@jollyfree.com
19-09-2024 05:43:11 pm INFO  TC03_LoginTestUsingDataProvider - ***** Finished TC02_LoginTest *****
19-09-2024 06:28:43 pm DEBUG TestNG - suiteXmlPath: "C:\Users\Mahesh\eclipse-workspace\Opencart-FrameworkDesign\testng.xml"
19-09-2024 06:28:43 pm INFO  Utils - [TestNG] Running:
  C:\Users\Mahesh\eclipse-workspace\Opencart-FrameworkDesign\testng.xml

19-09-2024 06:28:48 pm DEBUG PackageRelationshipCollection - Parsing relationship: /xl/_rels/workbook.xml.rels
19-09-2024 06:28:48 pm DEBUG PackageRelationshipCollection - Parsing relationship: /_rels/.rels
19-09-2024 06:28:48 pm DEBUG PackageRelationshipCollection - Parsing relationship: /xl/_rels/workbook.xml.rels
19-09-2024 06:28:48 pm DEBUG PackageRelationshipCollection - Parsing relationship: /_rels/.rels
19-09-2024 06:28:48 pm DEBUG PackageRelationshipCollection - Parsing relationship: /xl/_rels/workbook.xml.rels
19-09-2024 06:28:48 pm DEBUG PackageRelationshipCollection - Parsing relationship: /_rels/.rels
19-09-2024 06:28:48 pm DEBUG PackageRelationshipCollection - Parsing relationship: /xl/_rels/workbook.xml.rels
19-09-2024 06:28:48 pm DEBUG PackageRelationshipCollection - Parsing relationship: /_rels/.rels
19-09-2024 06:28:48 pm DEBUG PackageRelationshipCollection - Parsing relationship: /xl/_rels/workbook.xml.rels
19-09-2024 06:28:48 pm DEBUG PackageRelationshipCollection - Parsing relationship: /_rels/.rels
19-09-2024 06:28:48 pm DEBUG PackageRelationshipCollection - Parsing relationship: /xl/_rels/workbook.xml.rels
19-09-2024 06:28:48 pm DEBUG PackageRelationshipCollection - Parsing relationship: /_rels/.rels
19-09-2024 06:28:48 pm DEBUG PackageRelationshipCollection - Parsing relationship: /xl/_rels/workbook.xml.rels
19-09-2024 06:28:48 pm DEBUG PackageRelationshipCollection - Parsing relationship: /_rels/.rels
19-09-2024 06:28:48 pm DEBUG PackageRelationshipCollection - Parsing relationship: /xl/_rels/workbook.xml.rels
19-09-2024 06:28:48 pm DEBUG PackageRelationshipCollection - Parsing relationship: /_rels/.rels
19-09-2024 06:28:48 pm DEBUG PackageRelationshipCollection - Parsing relationship: /xl/_rels/workbook.xml.rels
19-09-2024 06:28:48 pm DEBUG PackageRelationshipCollection - Parsing relationship: /_rels/.rels
19-09-2024 06:28:48 pm DEBUG PackageRelationshipCollection - Parsing relationship: /xl/_rels/workbook.xml.rels
19-09-2024 06:28:48 pm DEBUG PackageRelationshipCollection - Parsing relationship: /_rels/.rels
19-09-2024 06:28:48 pm DEBUG PackageRelationshipCollection - Parsing relationship: /xl/_rels/workbook.xml.rels
19-09-2024 06:28:48 pm DEBUG PackageRelationshipCollection - Parsing relationship: /_rels/.rels
19-09-2024 06:28:49 pm DEBUG PackageRelationshipCollection - Parsing relationship: /xl/_rels/workbook.xml.rels
19-09-2024 06:28:49 pm DEBUG PackageRelationshipCollection - Parsing relationship: /_rels/.rels
19-09-2024 06:28:49 pm DEBUG PackageRelationshipCollection - Parsing relationship: /xl/_rels/workbook.xml.rels
19-09-2024 06:28:49 pm DEBUG PackageRelationshipCollection - Parsing relationship: /_rels/.rels
19-09-2024 06:28:49 pm DEBUG PackageRelationshipCollection - Parsing relationship: /xl/_rels/workbook.xml.rels
19-09-2024 06:28:49 pm DEBUG PackageRelationshipCollection - Parsing relationship: /_rels/.rels
19-09-2024 06:28:49 pm DEBUG PackageRelationshipCollection - Parsing relationship: /xl/_rels/workbook.xml.rels
19-09-2024 06:28:49 pm DEBUG PackageRelationshipCollection - Parsing relationship: /_rels/.rels
19-09-2024 06:28:49 pm DEBUG PackageRelationshipCollection - Parsing relationship: /xl/_rels/workbook.xml.rels
19-09-2024 06:28:49 pm DEBUG PackageRelationshipCollection - Parsing relationship: /_rels/.rels
19-09-2024 06:28:49 pm DEBUG PackageRelationshipCollection - Parsing relationship: /xl/_rels/workbook.xml.rels
19-09-2024 06:28:49 pm DEBUG PackageRelationshipCollection - Parsing relationship: /_rels/.rels
19-09-2024 06:28:49 pm INFO  TC03_LoginTestUsingDataProvider - ***** Started TC02_LoginTest *****
19-09-2024 06:28:50 pm INFO  TC03_LoginTestUsingDataProvider - Clicked on myaccount.
19-09-2024 06:28:50 pm INFO  TC03_LoginTestUsingDataProvider - Clicked on register.
19-09-2024 06:28:51 pm INFO  TC03_LoginTestUsingDataProvider - Entered email address.
19-09-2024 06:28:51 pm INFO  TC03_LoginTestUsingDataProvider - Entered password.
19-09-2024 06:28:51 pm INFO  TC03_LoginTestUsingDataProvider - Clicked on login.
19-09-2024 06:28:53 pm INFO  TC03_LoginTestUsingDataProvider - Validated user login status.
19-09-2024 06:28:53 pm INFO  TC03_LoginTestUsingDataProvider - Clicked on logout.
19-09-2024 06:28:53 pm INFO  TC03_LoginTestUsingDataProvider - Passed : Valid user and able to login: jejurkar.mahesh@gmail.com
19-09-2024 06:28:53 pm INFO  TC03_LoginTestUsingDataProvider - ***** Finished TC02_LoginTest *****
19-09-2024 06:28:53 pm INFO  TC03_LoginTestUsingDataProvider - ***** Started TC02_LoginTest *****
19-09-2024 06:28:53 pm INFO  TC03_LoginTestUsingDataProvider - Clicked on myaccount.
19-09-2024 06:28:53 pm INFO  TC03_LoginTestUsingDataProvider - Clicked on register.
19-09-2024 06:28:54 pm INFO  TC03_LoginTestUsingDataProvider - Entered email address.
19-09-2024 06:28:54 pm INFO  TC03_LoginTestUsingDataProvider - Entered password.
19-09-2024 06:28:54 pm INFO  TC03_LoginTestUsingDataProvider - Clicked on login.
19-09-2024 06:28:55 pm INFO  TC03_LoginTestUsingDataProvider - Validated user login status.
19-09-2024 06:29:05 pm INFO  TC03_LoginTestUsingDataProvider - Passed: Invalid user and not able to login: abc.pqr@gmail.com
19-09-2024 06:29:05 pm INFO  TC03_LoginTestUsingDataProvider - ***** Finished TC02_LoginTest *****
19-09-2024 06:29:05 pm INFO  TC03_LoginTestUsingDataProvider - ***** Started TC02_LoginTest *****
19-09-2024 06:29:06 pm INFO  TC03_LoginTestUsingDataProvider - Clicked on myaccount.
19-09-2024 06:29:06 pm INFO  TC03_LoginTestUsingDataProvider - Clicked on register.
19-09-2024 06:29:07 pm INFO  TC03_LoginTestUsingDataProvider - Entered email address.
19-09-2024 06:29:07 pm INFO  TC03_LoginTestUsingDataProvider - Entered password.
19-09-2024 06:29:08 pm INFO  TC03_LoginTestUsingDataProvider - Clicked on login.
19-09-2024 06:29:09 pm INFO  TC03_LoginTestUsingDataProvider - Validated user login status.
19-09-2024 06:29:09 pm INFO  TC03_LoginTestUsingDataProvider - Clicked on logout.
19-09-2024 06:29:09 pm INFO  TC03_LoginTestUsingDataProvider - Passed : Valid user and able to login: abc.xyz@jollyfree.com
19-09-2024 06:29:10 pm INFO  TC03_LoginTestUsingDataProvider - ***** Finished TC02_LoginTest *****
19-09-2024 06:29:10 pm INFO  TC03_LoginTestUsingDataProvider - ***** Started TC02_LoginTest *****
19-09-2024 06:29:10 pm INFO  TC03_LoginTestUsingDataProvider - Clicked on myaccount.
19-09-2024 06:29:10 pm INFO  TC03_LoginTestUsingDataProvider - Clicked on register.
19-09-2024 06:29:10 pm INFO  TC03_LoginTestUsingDataProvider - Entered email address.
19-09-2024 06:29:10 pm INFO  TC03_LoginTestUsingDataProvider - Entered password.
19-09-2024 06:29:11 pm INFO  TC03_LoginTestUsingDataProvider - Clicked on login.
19-09-2024 06:29:12 pm INFO  TC03_LoginTestUsingDataProvider - Validated user login status.
19-09-2024 06:29:22 pm INFO  TC03_LoginTestUsingDataProvider - Passed: Invalid user and not able to login: jejurkar.mahesh@gmail.com
19-09-2024 06:29:22 pm INFO  TC03_LoginTestUsingDataProvider - ***** Finished TC02_LoginTest *****
19-09-2024 06:29:22 pm INFO  TC03_LoginTestUsingDataProvider - ***** Started TC02_LoginTest *****
19-09-2024 06:29:23 pm INFO  TC03_LoginTestUsingDataProvider - Clicked on myaccount.
19-09-2024 06:29:23 pm INFO  TC03_LoginTestUsingDataProvider - Clicked on register.
19-09-2024 06:29:23 pm INFO  TC03_LoginTestUsingDataProvider - Entered email address.
19-09-2024 06:29:24 pm INFO  TC03_LoginTestUsingDataProvider - Entered password.
19-09-2024 06:29:24 pm INFO  TC03_LoginTestUsingDataProvider - Clicked on login.
19-09-2024 06:29:25 pm INFO  TC03_LoginTestUsingDataProvider - Validated user login status.
19-09-2024 06:29:35 pm INFO  TC03_LoginTestUsingDataProvider - Passed: Invalid user and not able to login: 
19-09-2024 06:29:35 pm INFO  TC03_LoginTestUsingDataProvider - ***** Finished TC02_LoginTest *****
19-09-2024 06:50:55 pm DEBUG TestNG - suiteXmlPath: "C:\Users\Mahesh\eclipse-workspace\Opencart-FrameworkDesign\grouping.xml"
19-09-2024 06:50:55 pm INFO  Utils - [TestNG] Running:
  C:\Users\Mahesh\eclipse-workspace\Opencart-FrameworkDesign\grouping.xml

19-09-2024 06:51:00 pm INFO  TC02_LoginTest - ***** Started TC02_LoginTest *****
19-09-2024 06:51:02 pm INFO  TC02_LoginTest - Clicked on myaccount link.
19-09-2024 06:51:02 pm INFO  TC02_LoginTest - Clicked on register link.
19-09-2024 06:51:02 pm INFO  TC02_LoginTest - Entering user login details.
19-09-2024 06:51:04 pm INFO  TC02_LoginTest - Validating user login status.
19-09-2024 06:51:05 pm INFO  TC02_LoginTest - ***** Finished TC02_LoginTest *****
19-09-2024 06:51:40 pm DEBUG TestNG - suiteXmlPath: "C:\Users\Mahesh\eclipse-workspace\Opencart-FrameworkDesign\grouping.xml"
19-09-2024 06:51:40 pm INFO  Utils - [TestNG] Running:
  C:\Users\Mahesh\eclipse-workspace\Opencart-FrameworkDesign\grouping.xml

19-09-2024 06:51:42 pm INFO  TC01_RegistrationTest - ***** Started TC01_RegistrationTest *****
19-09-2024 06:51:43 pm INFO  TC01_RegistrationTest - Clicked on myaccount link.
19-09-2024 06:51:43 pm INFO  TC01_RegistrationTest - Clicked on register link.
19-09-2024 06:51:43 pm INFO  TC01_RegistrationTest - Entering user registration details.
19-09-2024 06:51:46 pm INFO  TC01_RegistrationTest - Validating expected message.
19-09-2024 06:51:46 pm INFO  TC01_RegistrationTest - Clicked on logout.
19-09-2024 06:51:46 pm INFO  TC01_RegistrationTest - ***** Finished TC01_RegistrationTest *****
19-09-2024 06:51:48 pm INFO  TC02_LoginTest - ***** Started TC02_LoginTest *****
19-09-2024 06:51:49 pm INFO  TC02_LoginTest - Clicked on myaccount link.
19-09-2024 06:51:49 pm INFO  TC02_LoginTest - Clicked on register link.
19-09-2024 06:51:49 pm INFO  TC02_LoginTest - Entering user login details.
19-09-2024 06:51:51 pm INFO  TC02_LoginTest - Validating user login status.
19-09-2024 06:51:51 pm INFO  TC02_LoginTest - ***** Finished TC02_LoginTest *****
19-09-2024 10:47:27 pm DEBUG TestNG - suiteXmlPath: "C:\Users\Mahesh\eclipse-workspace\Opencart-FrameworkDesign\grouping.xml"
19-09-2024 10:47:27 pm INFO  Utils - [TestNG] Running:
  C:\Users\Mahesh\eclipse-workspace\Opencart-FrameworkDesign\grouping.xml

19-09-2024 10:47:33 pm INFO  TC01_RegistrationTest - ***** Started TC01_RegistrationTest *****
19-09-2024 10:47:34 pm INFO  TC01_RegistrationTest - Clicked on myaccount.
19-09-2024 10:47:35 pm INFO  TC01_RegistrationTest - Clicked on register.
19-09-2024 10:47:35 pm INFO  TC01_RegistrationTest - Entered firstname.
19-09-2024 10:47:35 pm INFO  TC01_RegistrationTest - Entered lastname.
19-09-2024 10:47:35 pm INFO  TC01_RegistrationTest - Entered email.
19-09-2024 10:47:35 pm INFO  TC01_RegistrationTest - Enetered telephone no.
19-09-2024 10:47:35 pm INFO  TC01_RegistrationTest - Enetered password.
19-09-2024 10:47:35 pm INFO  TC01_RegistrationTest - Entered password again.
19-09-2024 10:47:35 pm INFO  TC01_RegistrationTest - Accepted privacy and policy term.
19-09-2024 10:47:36 pm INFO  TC01_RegistrationTest - Clicked on continue.
19-09-2024 10:47:37 pm INFO  TC01_RegistrationTest - Validated expected message.
19-09-2024 10:47:37 pm INFO  TC01_RegistrationTest - Your account has been created.: RsYIst.qqaiDG@gmail.com
19-09-2024 10:47:37 pm INFO  TC01_RegistrationTest - Clicked on logout.
19-09-2024 10:47:38 pm INFO  TC01_RegistrationTest - ***** Finished TC01_RegistrationTest *****
19-09-2024 10:47:38 pm INFO  TC01_RegistrationTest - ***** Started TC01_RegistrationTest *****
19-09-2024 10:47:38 pm INFO  TC01_RegistrationTest - Clicked on myaccount.
19-09-2024 10:47:38 pm INFO  TC01_RegistrationTest - Clicked on register.
19-09-2024 10:47:38 pm INFO  TC01_RegistrationTest - Entered firstname.
19-09-2024 10:47:38 pm INFO  TC01_RegistrationTest - Entered lastname.
19-09-2024 10:47:38 pm INFO  TC01_RegistrationTest - Entered email.
19-09-2024 10:47:39 pm INFO  TC01_RegistrationTest - Enetered telephone no.
19-09-2024 10:47:39 pm INFO  TC01_RegistrationTest - Enetered password.
19-09-2024 10:47:39 pm INFO  TC01_RegistrationTest - Entered password again.
19-09-2024 10:47:39 pm INFO  TC01_RegistrationTest - Accepted privacy and policy term.
19-09-2024 10:47:40 pm INFO  TC01_RegistrationTest - Clicked on continue.
19-09-2024 10:47:41 pm INFO  TC01_RegistrationTest - Validated expected message.
19-09-2024 10:47:41 pm INFO  TC01_RegistrationTest - Your account has been created.: JuJOfM.TkDdUr@gmail.com
19-09-2024 10:47:41 pm INFO  TC01_RegistrationTest - Clicked on logout.
19-09-2024 10:47:42 pm INFO  TC01_RegistrationTest - ***** Finished TC01_RegistrationTest *****
19-09-2024 10:50:33 pm DEBUG TestNG - suiteXmlPath: "C:\Users\Mahesh\eclipse-workspace\Opencart-FrameworkDesign\grouping.xml"
19-09-2024 10:50:34 pm INFO  Utils - [TestNG] Running:
  C:\Users\Mahesh\eclipse-workspace\Opencart-FrameworkDesign\grouping.xml

19-09-2024 10:50:37 pm INFO  TC01_RegistrationTest - ***** Started TC01_RegistrationTest *****
19-09-2024 10:50:38 pm INFO  TC01_RegistrationTest - Clicked on myaccount.
19-09-2024 10:50:39 pm INFO  TC01_RegistrationTest - Clicked on register.
19-09-2024 10:50:39 pm INFO  TC01_RegistrationTest - Entered firstname.
19-09-2024 10:50:39 pm INFO  TC01_RegistrationTest - Entered lastname.
19-09-2024 10:50:39 pm INFO  TC01_RegistrationTest - Entered email.
19-09-2024 10:50:39 pm INFO  TC01_RegistrationTest - Enetered telephone no.
19-09-2024 10:50:39 pm INFO  TC01_RegistrationTest - Enetered password.
19-09-2024 10:50:39 pm INFO  TC01_RegistrationTest - Entered password again.
19-09-2024 10:50:40 pm INFO  TC01_RegistrationTest - Accepted privacy and policy term.
19-09-2024 10:50:40 pm INFO  TC01_RegistrationTest - Clicked on continue.
19-09-2024 10:50:41 pm INFO  TC01_RegistrationTest - Validated expected message.
19-09-2024 10:50:41 pm INFO  TC01_RegistrationTest - Your account registration has been failed.: xkXAEZ.NxxEQQ@gmail.com
19-09-2024 10:50:41 pm ERROR TC01_RegistrationTest - Test failed.
19-09-2024 10:50:41 pm DEBUG TC01_RegistrationTest - Debug log.
19-09-2024 10:50:41 pm INFO  TC01_RegistrationTest - ***** Started TC01_RegistrationTest *****
19-09-2024 10:50:42 pm INFO  TC01_RegistrationTest - Clicked on myaccount.
19-09-2024 10:50:52 pm ERROR TC01_RegistrationTest - Test failed.
19-09-2024 10:50:52 pm DEBUG TC01_RegistrationTest - Debug log : 
org.openqa.selenium.NoSuchElementException: no such element: Unable to locate element: {"method":"xpath","selector":"//a[text()='Register']"}
  (Session info: chrome=128.0.6613.120)
For documentation on this error, please visit: https://www.selenium.dev/documentation/webdriver/troubleshooting/errors#no-such-element-exception
Build info: version: '4.24.0', revision: '748ffc9bc3'
System info: os.name: 'Windows 11', os.arch: 'amd64', os.version: '10.0', java.version: '17.0.6'
Driver info: org.openqa.selenium.chrome.ChromeDriver
Command: [919f0411cc388bb4295f29fc2dfe13f9, findElement {value=//a[text()='Register'], using=xpath}]
Capabilities {acceptInsecureCerts: false, browserName: chrome, browserVersion: 128.0.6613.120, chrome: {chromedriverVersion: 128.0.6613.137 (fe621c5aa2d..., userDataDir: C:\Users\Mahesh\AppData\Loc...}, fedcm:accounts: true, goog:chromeOptions: {debuggerAddress: localhost:62406}, networkConnectionEnabled: false, pageLoadStrategy: normal, platformName: windows, proxy: Proxy(), se:cdp: ws://localhost:62406/devtoo..., se:cdpVersion: 128.0.6613.120, setWindowRect: true, strictFileInteractability: false, timeouts: {implicit: 0, pageLoad: 300000, script: 30000}, unhandledPromptBehavior: dismiss and notify, webauthn:extension:credBlob: true, webauthn:extension:largeBlob: true, webauthn:extension:minPinLength: true, webauthn:extension:prf: true, webauthn:virtualAuthenticators: true}
Session ID: 919f0411cc388bb4295f29fc2dfe13f9
	at java.base/jdk.internal.reflect.NativeConstructorAccessorImpl.newInstance0(Native Method) ~[?:?]
	at java.base/jdk.internal.reflect.NativeConstructorAccessorImpl.newInstance(NativeConstructorAccessorImpl.java:77) ~[?:?]
	at java.base/jdk.internal.reflect.DelegatingConstructorAccessorImpl.newInstance(DelegatingConstructorAccessorImpl.java:45) ~[?:?]
	at java.base/java.lang.reflect.Constructor.newInstanceWithCaller(Constructor.java:499) ~[?:?]
	at java.base/java.lang.reflect.Constructor.newInstance(Constructor.java:480) ~[?:?]
	at org.openqa.selenium.remote.ErrorCodec.decode(ErrorCodec.java:167) ~[selenium-remote-driver-4.24.0.jar:?]
	at org.openqa.selenium.remote.codec.w3c.W3CHttpResponseCodec.decode(W3CHttpResponseCodec.java:138) ~[selenium-remote-driver-4.24.0.jar:?]
	at org.openqa.selenium.remote.codec.w3c.W3CHttpResponseCodec.decode(W3CHttpResponseCodec.java:50) ~[selenium-remote-driver-4.24.0.jar:?]
	at org.openqa.selenium.remote.HttpCommandExecutor.execute(HttpCommandExecutor.java:190) ~[selenium-remote-driver-4.24.0.jar:?]
	at org.openqa.selenium.remote.service.DriverCommandExecutor.invokeExecute(DriverCommandExecutor.java:216) ~[selenium-remote-driver-4.24.0.jar:?]
	at org.openqa.selenium.remote.service.DriverCommandExecutor.execute(DriverCommandExecutor.java:174) ~[selenium-remote-driver-4.24.0.jar:?]
	at org.openqa.selenium.remote.RemoteWebDriver.execute(RemoteWebDriver.java:545) ~[selenium-remote-driver-4.24.0.jar:?]
	at org.openqa.selenium.remote.ElementLocation$ElementFinder$2.findElement(ElementLocation.java:165) ~[selenium-remote-driver-4.24.0.jar:?]
	at org.openqa.selenium.remote.ElementLocation.findElement(ElementLocation.java:59) ~[selenium-remote-driver-4.24.0.jar:?]
	at org.openqa.selenium.remote.RemoteWebDriver.findElement(RemoteWebDriver.java:368) ~[selenium-remote-driver-4.24.0.jar:?]
	at org.openqa.selenium.remote.RemoteWebDriver.findElement(RemoteWebDriver.java:362) ~[selenium-remote-driver-4.24.0.jar:?]
	at org.openqa.selenium.support.pagefactory.DefaultElementLocator.findElement(DefaultElementLocator.java:68) ~[selenium-support-4.24.0.jar:?]
	at org.openqa.selenium.support.pagefactory.internal.LocatingElementHandler.invoke(LocatingElementHandler.java:38) ~[selenium-support-4.24.0.jar:?]
	at jdk.proxy2/jdk.proxy2.$Proxy28.click(Unknown Source) ~[?:?]
	at pageObjects.HomePage.clickRegister(HomePage.java:28) ~[test-classes/:?]
	at testCases.TC01_RegistrationTest.validate_userRegistration(TC01_RegistrationTest.java:24) ~[test-classes/:?]
	at java.base/jdk.internal.reflect.NativeMethodAccessorImpl.invoke0(Native Method) ~[?:?]
	at java.base/jdk.internal.reflect.NativeMethodAccessorImpl.invoke(NativeMethodAccessorImpl.java:77) ~[?:?]
	at java.base/jdk.internal.reflect.DelegatingMethodAccessorImpl.invoke(DelegatingMethodAccessorImpl.java:43) ~[?:?]
	at java.base/java.lang.reflect.Method.invoke(Method.java:568) ~[?:?]
	at org.testng.internal.invokers.MethodInvocationHelper.invokeMethod(MethodInvocationHelper.java:141) ~[testng-7.10.2.jar:7.10.2]
	at org.testng.internal.invokers.TestInvoker.invokeMethod(TestInvoker.java:686) ~[testng-7.10.2.jar:7.10.2]
	at org.testng.internal.invokers.TestInvoker.invokeTestMethod(TestInvoker.java:230) ~[testng-7.10.2.jar:7.10.2]
	at org.testng.internal.invokers.MethodRunner.runInSequence(MethodRunner.java:63) ~[testng-7.10.2.jar:7.10.2]
	at org.testng.internal.invokers.TestInvoker$MethodInvocationAgent.invoke(TestInvoker.java:992) ~[testng-7.10.2.jar:7.10.2]
	at org.testng.internal.invokers.TestInvoker.invokeTestMethods(TestInvoker.java:203) ~[testng-7.10.2.jar:7.10.2]
	at org.testng.internal.invokers.TestMethodWorker.invokeTestMethods(TestMethodWorker.java:154) ~[testng-7.10.2.jar:7.10.2]
	at org.testng.internal.invokers.TestMethodWorker.run(TestMethodWorker.java:134) ~[testng-7.10.2.jar:7.10.2]
	at java.base/java.util.ArrayList.forEach(ArrayList.java:1511) ~[?:?]
	at org.testng.TestRunner.privateRun(TestRunner.java:739) ~[testng-7.10.2.jar:7.10.2]
	at org.testng.TestRunner.run(TestRunner.java:614) ~[testng-7.10.2.jar:7.10.2]
	at org.testng.SuiteRunner.runTest(SuiteRunner.java:421) ~[testng-7.10.2.jar:7.10.2]
	at org.testng.SuiteRunner$SuiteWorker.run(SuiteRunner.java:463) ~[testng-7.10.2.jar:7.10.2]
	at org.testng.internal.thread.ThreadUtil.lambda$execute$0(ThreadUtil.java:64) ~[testng-7.10.2.jar:7.10.2]
	at java.base/java.util.concurrent.FutureTask.run(FutureTask.java:264) [?:?]
	at java.base/java.util.concurrent.ThreadPoolExecutor.runWorker(ThreadPoolExecutor.java:1136) [?:?]
	at java.base/java.util.concurrent.ThreadPoolExecutor$Worker.run(ThreadPoolExecutor.java:635) [?:?]
	at java.base/java.lang.Thread.run(Thread.java:833) [?:?]
19-09-2024 10:51:19 pm DEBUG TestNG - suiteXmlPath: "C:\Users\Mahesh\AppData\Local\Temp\testng-eclipse-65591154\testng-customsuite.xml"
19-09-2024 10:51:20 pm INFO  Utils - [Utils] MethodGroupsHelper.collectMethodsByGroup() took 0 ms.
19-09-2024 10:51:20 pm INFO  Utils - [Utils] MethodGroupsHelper.sortMethods() took 2 ms.
19-09-2024 10:51:20 pm INFO  Utils - [Utils] MethodGroupsHelper.collectMethodsByGroup() took 0 ms.
19-09-2024 10:51:20 pm INFO  Utils - [Utils] MethodGroupsHelper.sortMethods() took 0 ms.
19-09-2024 10:51:20 pm INFO  Utils - [Utils] MethodGroupsHelper.collectMethodsByGroup() took 0 ms.
19-09-2024 10:51:20 pm INFO  Utils - [Utils] MethodGroupsHelper.sortMethods() took 0 ms.
19-09-2024 10:51:20 pm INFO  Utils - [Utils] MethodGroupsHelper.collectMethodsByGroup() took 0 ms.
19-09-2024 10:51:20 pm INFO  Utils - [Utils] MethodGroupsHelper.sortMethods() took 0 ms.
19-09-2024 10:51:20 pm INFO  Utils - [Utils] MethodGroupsHelper.collectMethodsByGroup() took 4 ms.
19-09-2024 10:51:20 pm INFO  Utils - [Utils] MethodGroupsHelper.sortMethods() took 9 ms.
19-09-2024 10:51:20 pm INFO  Utils - [Utils] MethodGroupsHelper.collectMethodsByGroup() took 0 ms.
19-09-2024 10:51:20 pm INFO  Utils - [Utils] MethodGroupsHelper.sortMethods() took 0 ms.
19-09-2024 10:51:20 pm INFO  Utils - [Utils] MethodGroupsHelper.collectMethodsByGroup() took 0 ms.
19-09-2024 10:51:20 pm INFO  Utils - [Utils] MethodGroupsHelper.sortMethods() took 0 ms.
19-09-2024 10:51:20 pm INFO  Utils - [Utils] MethodGroupsHelper.collectMethodsByGroup() took 0 ms.
19-09-2024 10:51:20 pm INFO  Utils - [Utils] MethodGroupsHelper.sortMethods() took 0 ms.
19-09-2024 10:51:20 pm INFO  Utils - [Utils] MethodGroupsHelper.collectMethodsByGroup() took 0 ms.
19-09-2024 10:51:20 pm INFO  Utils - [Utils] MethodGroupsHelper.sortMethods() took 0 ms.
19-09-2024 10:51:20 pm INFO  Utils - [Utils] MethodGroupsHelper.collectMethodsByGroup() took 0 ms.
19-09-2024 10:51:20 pm INFO  Utils - [Utils] MethodGroupsHelper.sortMethods() took 0 ms.
19-09-2024 10:51:20 pm INFO  Utils - [Utils] MethodGroupsHelper.collectMethodsByGroup() took 0 ms.
19-09-2024 10:51:20 pm INFO  Utils - [Utils] MethodGroupsHelper.sortMethods() took 0 ms.
19-09-2024 10:51:20 pm INFO  Utils - [Utils] MethodGroupsHelper.collectMethodsByGroup() took 0 ms.
19-09-2024 10:51:20 pm INFO  Utils - [Utils] MethodGroupsHelper.sortMethods() took 0 ms.
19-09-2024 10:51:20 pm INFO  Utils - [Utils] MethodGroupsHelper.collectMethodsByGroup() took 0 ms.
19-09-2024 10:51:20 pm INFO  Utils - [Utils] MethodGroupsHelper.sortMethods() took 0 ms.
19-09-2024 10:51:20 pm INFO  Utils - [Utils] MethodGroupsHelper.collectMethodsByGroup() took 1 ms.
19-09-2024 10:51:20 pm INFO  Utils - [Utils] MethodGroupsHelper.sortMethods() took 0 ms.
19-09-2024 10:51:20 pm INFO  Utils - [Utils] MethodGroupsHelper.collectMethodsByGroup() took 0 ms.
19-09-2024 10:51:20 pm INFO  Utils - [Utils] MethodGroupsHelper.sortMethods() took 0 ms.
19-09-2024 10:51:20 pm INFO  Utils - [TestNG] Running:
  C:\Users\Mahesh\AppData\Local\Temp\testng-eclipse-65591154\testng-customsuite.xml

19-09-2024 10:51:20 pm INFO  Utils - [Utils] DynamicGraphHelper.createDynamicGraph() took 3 ms.
19-09-2024 10:51:20 pm INFO  Utils - [TestNG] Time taken by org.testng.reporters.jq.Main@51e4ccb3: 81 ms
19-09-2024 10:51:20 pm INFO  Utils - [TestNG] Time taken by org.testng.reporters.FailedReporter@10c8f62: 14 ms
19-09-2024 10:51:20 pm INFO  Utils - [TestNG] Time taken by org.testng.reporters.XMLReporter@ce5a68e: 15 ms
19-09-2024 10:51:20 pm INFO  Utils - [TestNG] Time taken by org.testng.reporters.EmailableReporter2@664a9613: 10 ms
19-09-2024 10:51:20 pm INFO  Utils - [TestNG] Time taken by org.testng.reporters.JUnitReportReporter@71104a4: 7 ms
19-09-2024 10:51:20 pm INFO  Utils - [TestNG] Time taken by org.testng.internal.ExitCodeListener@4985cbcb: 0 ms
19-09-2024 10:51:24 pm DEBUG TestNG - suiteXmlPath: "C:\Users\Mahesh\eclipse-workspace\Opencart-FrameworkDesign\grouping.xml"
19-09-2024 10:51:25 pm INFO  Utils - [TestNG] Running:
  C:\Users\Mahesh\eclipse-workspace\Opencart-FrameworkDesign\grouping.xml

19-09-2024 10:51:26 pm INFO  TC01_RegistrationTest - ***** Started TC01_RegistrationTest *****
19-09-2024 10:51:27 pm INFO  TC01_RegistrationTest - Clicked on myaccount.
19-09-2024 10:51:28 pm INFO  TC01_RegistrationTest - Clicked on register.
19-09-2024 10:51:28 pm INFO  TC01_RegistrationTest - Entered firstname.
19-09-2024 10:51:28 pm INFO  TC01_RegistrationTest - Entered lastname.
19-09-2024 10:51:28 pm INFO  TC01_RegistrationTest - Entered email.
19-09-2024 10:51:28 pm INFO  TC01_RegistrationTest - Enetered telephone no.
19-09-2024 10:51:28 pm INFO  TC01_RegistrationTest - Enetered password.
19-09-2024 10:51:28 pm INFO  TC01_RegistrationTest - Entered password again.
19-09-2024 10:51:28 pm INFO  TC01_RegistrationTest - Accepted privacy and policy term.
19-09-2024 10:51:29 pm INFO  TC01_RegistrationTest - Clicked on continue.
19-09-2024 10:51:30 pm INFO  TC01_RegistrationTest - Validated expected message.
19-09-2024 10:51:30 pm INFO  TC01_RegistrationTest - Your account registration has been failed.: MrBPOt.veUHlf
19-09-2024 10:51:30 pm ERROR TC01_RegistrationTest - Test failed.
19-09-2024 10:51:30 pm DEBUG TC01_RegistrationTest - Debug log.
19-09-2024 10:51:30 pm INFO  TC01_RegistrationTest - ***** Started TC01_RegistrationTest *****
19-09-2024 10:51:30 pm INFO  TC01_RegistrationTest - Clicked on myaccount.
19-09-2024 10:51:30 pm INFO  TC01_RegistrationTest - Clicked on register.
19-09-2024 10:51:30 pm INFO  TC01_RegistrationTest - Entered firstname.
19-09-2024 10:51:31 pm INFO  TC01_RegistrationTest - Entered lastname.
19-09-2024 10:51:31 pm INFO  TC01_RegistrationTest - Entered email.
19-09-2024 10:51:31 pm INFO  TC01_RegistrationTest - Enetered telephone no.
19-09-2024 10:51:31 pm INFO  TC01_RegistrationTest - Enetered password.
19-09-2024 10:51:31 pm INFO  TC01_RegistrationTest - Entered password again.
19-09-2024 10:51:31 pm INFO  TC01_RegistrationTest - Accepted privacy and policy term.
19-09-2024 10:51:31 pm INFO  TC01_RegistrationTest - Clicked on continue.
19-09-2024 10:51:32 pm INFO  TC01_RegistrationTest - Validated expected message.
19-09-2024 10:51:32 pm INFO  TC01_RegistrationTest - Your account registration has been failed.: qhwKuQ.GCojyF
19-09-2024 10:51:32 pm ERROR TC01_RegistrationTest - Test failed.
19-09-2024 10:51:32 pm DEBUG TC01_RegistrationTest - Debug log.
19-09-2024 10:52:46 pm DEBUG TestNG - suiteXmlPath: "C:\Users\Mahesh\eclipse-workspace\Opencart-FrameworkDesign\grouping.xml"
19-09-2024 10:52:46 pm INFO  Utils - [TestNG] Running:
  C:\Users\Mahesh\eclipse-workspace\Opencart-FrameworkDesign\grouping.xml

19-09-2024 10:52:48 pm INFO  TC01_RegistrationTest - ***** Started TC01_RegistrationTest *****
19-09-2024 10:52:49 pm INFO  TC01_RegistrationTest - Clicked on myaccount.
19-09-2024 10:52:50 pm INFO  TC01_RegistrationTest - Clicked on register.
19-09-2024 10:52:50 pm INFO  TC01_RegistrationTest - Entered firstname.
19-09-2024 10:52:50 pm INFO  TC01_RegistrationTest - Entered lastname.
19-09-2024 10:52:50 pm INFO  TC01_RegistrationTest - Entered email.
19-09-2024 10:52:50 pm INFO  TC01_RegistrationTest - Enetered telephone no.
19-09-2024 10:52:50 pm INFO  TC01_RegistrationTest - Enetered password.
19-09-2024 10:52:50 pm INFO  TC01_RegistrationTest - Entered password again.
19-09-2024 10:52:50 pm INFO  TC01_RegistrationTest - Accepted privacy and policy term.
19-09-2024 10:52:51 pm INFO  TC01_RegistrationTest - Clicked on continue.
19-09-2024 10:52:52 pm INFO  TC01_RegistrationTest - Validated expected message.
19-09-2024 10:52:52 pm INFO  TC01_RegistrationTest - Your account registration has been done successfully.: SMlmrn.iVbcyx@gmail.com
19-09-2024 10:52:52 pm INFO  TC01_RegistrationTest - Clicked on logout.
19-09-2024 10:52:53 pm INFO  TC01_RegistrationTest - ***** Finished TC01_RegistrationTest *****
19-09-2024 10:52:53 pm INFO  TC01_RegistrationTest - ***** Started TC01_RegistrationTest *****
19-09-2024 10:52:53 pm INFO  TC01_RegistrationTest - Clicked on myaccount.
19-09-2024 10:52:53 pm INFO  TC01_RegistrationTest - Clicked on register.
19-09-2024 10:52:53 pm INFO  TC01_RegistrationTest - Entered firstname.
19-09-2024 10:52:53 pm INFO  TC01_RegistrationTest - Entered lastname.
19-09-2024 10:52:54 pm INFO  TC01_RegistrationTest - Entered email.
19-09-2024 10:52:54 pm INFO  TC01_RegistrationTest - Enetered telephone no.
19-09-2024 10:52:54 pm INFO  TC01_RegistrationTest - Enetered password.
19-09-2024 10:52:54 pm INFO  TC01_RegistrationTest - Entered password again.
19-09-2024 10:52:54 pm INFO  TC01_RegistrationTest - Accepted privacy and policy term.
19-09-2024 10:52:55 pm INFO  TC01_RegistrationTest - Clicked on continue.
19-09-2024 10:52:56 pm INFO  TC01_RegistrationTest - Validated expected message.
19-09-2024 10:52:56 pm INFO  TC01_RegistrationTest - Your account registration has been done successfully.: tHCjMY.WeGpRG@gmail.com
19-09-2024 10:52:56 pm INFO  TC01_RegistrationTest - Clicked on logout.
19-09-2024 10:52:57 pm INFO  TC01_RegistrationTest - ***** Finished TC01_RegistrationTest *****
19-09-2024 10:53:19 pm DEBUG TestNG - suiteXmlPath: "C:\Users\Mahesh\eclipse-workspace\Opencart-FrameworkDesign\grouping.xml"
19-09-2024 10:53:20 pm INFO  Utils - [TestNG] Running:
  C:\Users\Mahesh\eclipse-workspace\Opencart-FrameworkDesign\grouping.xml

19-09-2024 10:53:22 pm INFO  TC02_LoginTest - ***** Started TC02_LoginTest *****
19-09-2024 10:53:23 pm INFO  TC02_LoginTest - Clicked on myaccount link.
19-09-2024 10:53:23 pm INFO  TC02_LoginTest - Clicked on register link.
19-09-2024 10:53:23 pm INFO  TC02_LoginTest - Entering user login details.
19-09-2024 10:53:25 pm INFO  TC02_LoginTest - Validating user login status.
19-09-2024 10:53:26 pm INFO  TC02_LoginTest - ***** Finished TC02_LoginTest *****
19-09-2024 10:59:55 pm DEBUG TestNG - suiteXmlPath: "C:\Users\Mahesh\eclipse-workspace\Opencart-FrameworkDesign\grouping.xml"
19-09-2024 10:59:55 pm INFO  Utils - [TestNG] Running:
  C:\Users\Mahesh\eclipse-workspace\Opencart-FrameworkDesign\grouping.xml

19-09-2024 10:59:57 pm INFO  TC02_LoginTest - ***** Started TC02_LoginTest *****
19-09-2024 10:59:59 pm INFO  TC02_LoginTest - Clicked on myaccount link.
19-09-2024 10:59:59 pm INFO  TC02_LoginTest - Clicked on register link.
19-09-2024 10:59:59 pm INFO  TC02_LoginTest - Entered email address.
19-09-2024 10:59:59 pm INFO  TC02_LoginTest - Entered password.
19-09-2024 11:00:01 pm INFO  TC02_LoginTest - Validated user login status.
19-09-2024 11:00:01 pm INFO  TC02_LoginTest - User logged in successfully.
19-09-2024 11:00:01 pm INFO  TC02_LoginTest - Clicked on logout.
19-09-2024 11:00:01 pm INFO  TC02_LoginTest - ***** Finished TC02_LoginTest *****
19-09-2024 11:00:47 pm DEBUG TestNG - suiteXmlPath: "C:\Users\Mahesh\eclipse-workspace\Opencart-FrameworkDesign\grouping.xml"
19-09-2024 11:00:47 pm INFO  Utils - [TestNG] Running:
  C:\Users\Mahesh\eclipse-workspace\Opencart-FrameworkDesign\grouping.xml

19-09-2024 11:00:49 pm INFO  TC02_LoginTest - ***** Started TC02_LoginTest *****
19-09-2024 11:00:50 pm INFO  TC02_LoginTest - Clicked on myaccount link.
19-09-2024 11:00:50 pm INFO  TC02_LoginTest - Clicked on register link.
19-09-2024 11:00:50 pm INFO  TC02_LoginTest - Entered email address.
19-09-2024 11:00:51 pm INFO  TC02_LoginTest - Entered password.
19-09-2024 11:00:52 pm INFO  TC02_LoginTest - Validated user login status.
19-09-2024 11:05:55 pm DEBUG TestNG - suiteXmlPath: "C:\Users\Mahesh\eclipse-workspace\Opencart-FrameworkDesign\grouping.xml"
19-09-2024 11:05:55 pm INFO  Utils - [TestNG] Running:
  C:\Users\Mahesh\eclipse-workspace\Opencart-FrameworkDesign\grouping.xml

19-09-2024 11:05:57 pm INFO  TC02_LoginTest - ***** Started TC02_LoginTest *****
19-09-2024 11:05:58 pm INFO  TC02_LoginTest - Clicked on myaccount link.
19-09-2024 11:05:58 pm INFO  TC02_LoginTest - Clicked on register link.
19-09-2024 11:05:58 pm INFO  TC02_LoginTest - Entered email address.
19-09-2024 11:05:59 pm INFO  TC02_LoginTest - Entered password.
19-09-2024 11:06:00 pm INFO  TC02_LoginTest - Validated user login status.
19-09-2024 11:06:10 pm INFO  TC02_LoginTest - User login failed.: jejurkar.mahesh@gmail.com
19-09-2024 11:06:10 pm ERROR TC02_LoginTest - Test failed.
19-09-2024 11:06:10 pm DEBUG TC02_LoginTest - Debug log.
19-09-2024 11:06:33 pm DEBUG TestNG - suiteXmlPath: "C:\Users\Mahesh\eclipse-workspace\Opencart-FrameworkDesign\grouping.xml"
19-09-2024 11:06:33 pm INFO  Utils - [TestNG] Running:
  C:\Users\Mahesh\eclipse-workspace\Opencart-FrameworkDesign\grouping.xml

19-09-2024 11:06:35 pm INFO  TC02_LoginTest - ***** Started TC02_LoginTest *****
19-09-2024 11:06:35 pm INFO  TC02_LoginTest - Clicked on myaccount link.
19-09-2024 11:06:36 pm INFO  TC02_LoginTest - Clicked on register link.
19-09-2024 11:06:36 pm INFO  TC02_LoginTest - Entered email address.
19-09-2024 11:06:36 pm INFO  TC02_LoginTest - Entered password.
19-09-2024 11:06:38 pm INFO  TC02_LoginTest - Validated user login status.
19-09-2024 11:06:38 pm INFO  TC02_LoginTest - User logged in successfully.: jejurkar.mahesh@gmail.com
19-09-2024 11:06:38 pm INFO  TC02_LoginTest - Clicked on logout.
19-09-2024 11:06:38 pm INFO  TC02_LoginTest - ***** Finished TC02_LoginTest *****
19-09-2024 11:09:35 pm DEBUG TestNG - suiteXmlPath: "C:\Users\Mahesh\eclipse-workspace\Opencart-FrameworkDesign\grouping.xml"
19-09-2024 11:09:35 pm INFO  Utils - [TestNG] Running:
  C:\Users\Mahesh\eclipse-workspace\Opencart-FrameworkDesign\grouping.xml

19-09-2024 11:09:57 pm DEBUG TestNG - suiteXmlPath: "C:\Users\Mahesh\eclipse-workspace\Opencart-FrameworkDesign\grouping.xml"
19-09-2024 11:09:57 pm INFO  Utils - [TestNG] Running:
  C:\Users\Mahesh\eclipse-workspace\Opencart-FrameworkDesign\grouping.xml

19-09-2024 11:11:21 pm DEBUG TestNG - suiteXmlPath: "C:\Users\Mahesh\eclipse-workspace\Opencart-FrameworkDesign\grouping.xml"
19-09-2024 11:11:21 pm INFO  Utils - [TestNG] Running:
  C:\Users\Mahesh\eclipse-workspace\Opencart-FrameworkDesign\grouping.xml

19-09-2024 11:12:14 pm DEBUG TestNG - suiteXmlPath: "C:\Users\Mahesh\eclipse-workspace\Opencart-FrameworkDesign\grouping.xml"
19-09-2024 11:12:14 pm INFO  Utils - [TestNG] Running:
  C:\Users\Mahesh\eclipse-workspace\Opencart-FrameworkDesign\grouping.xml

19-09-2024 11:12:37 pm DEBUG TestNG - suiteXmlPath: "C:\Users\Mahesh\eclipse-workspace\Opencart-FrameworkDesign\grouping.xml"
19-09-2024 11:12:37 pm INFO  Utils - [TestNG] Running:
  C:\Users\Mahesh\eclipse-workspace\Opencart-FrameworkDesign\grouping.xml

19-09-2024 11:13:44 pm DEBUG TestNG - suiteXmlPath: "C:\Users\Mahesh\eclipse-workspace\Opencart-FrameworkDesign\grouping.xml"
19-09-2024 11:13:44 pm INFO  Utils - [TestNG] Running:
  C:\Users\Mahesh\eclipse-workspace\Opencart-FrameworkDesign\grouping.xml

19-09-2024 11:13:46 pm INFO  TC02_LoginTest - ***** Started TC02_LoginTest *****
19-09-2024 11:13:47 pm INFO  TC02_LoginTest - Clicked on myaccount link.
19-09-2024 11:13:47 pm INFO  TC02_LoginTest - Clicked on register link.
19-09-2024 11:13:48 pm INFO  TC02_LoginTest - Entered email address.
19-09-2024 11:13:48 pm INFO  TC02_LoginTest - Entered password.
19-09-2024 11:13:50 pm INFO  TC02_LoginTest - Validated user login status.
19-09-2024 11:13:50 pm INFO  TC02_LoginTest - User logged in successfully.: jejurkar.mahesh@gmail.com
19-09-2024 11:13:50 pm INFO  TC02_LoginTest - Clicked on logout.
19-09-2024 11:13:50 pm INFO  TC02_LoginTest - ***** Finished TC02_LoginTest *****
20-09-2024 11:26:34 am DEBUG TestNG - suiteXmlPath: "C:\Users\Mahesh\eclipse-workspace\Opencart-FrameworkDesign\master.xml"
20-09-2024 11:26:58 am DEBUG TestNG - suiteXmlPath: "C:\Users\Mahesh\eclipse-workspace\Opencart-FrameworkDesign\master.xml"
20-09-2024 11:26:59 am INFO  Utils - [TestNG] Running:
  C:\Users\Mahesh\eclipse-workspace\Opencart-FrameworkDesign\master.xml

20-09-2024 11:27:05 am INFO  TC01_RegistrationTest - ***** Started TC01_RegistrationTest *****
20-09-2024 11:27:07 am INFO  TC01_RegistrationTest - Clicked on myaccount.
20-09-2024 11:27:07 am INFO  TC01_RegistrationTest - Clicked on register.
20-09-2024 11:27:07 am INFO  TC01_RegistrationTest - Entered firstname.
20-09-2024 11:27:08 am INFO  TC01_RegistrationTest - Entered lastname.
20-09-2024 11:27:08 am INFO  TC01_RegistrationTest - Entered email.
20-09-2024 11:27:08 am INFO  TC01_RegistrationTest - Enetered telephone no.
20-09-2024 11:27:08 am INFO  TC01_RegistrationTest - Enetered password.
20-09-2024 11:27:08 am INFO  TC01_RegistrationTest - Entered password again.
20-09-2024 11:27:08 am INFO  TC01_RegistrationTest - Accepted privacy and policy term.
20-09-2024 11:27:09 am INFO  TC01_RegistrationTest - Clicked on continue.
20-09-2024 11:27:10 am INFO  TC01_RegistrationTest - Validated expected message.
20-09-2024 11:27:10 am INFO  TC01_RegistrationTest - Your account registration has been done successfully.: CmYmsX.kfEBLl@gmail.com
20-09-2024 11:27:10 am INFO  TC01_RegistrationTest - Clicked on logout.
20-09-2024 11:27:11 am INFO  TC01_RegistrationTest - ***** Finished TC01_RegistrationTest *****
20-09-2024 11:27:11 am INFO  TC01_RegistrationTest - ***** Started TC01_RegistrationTest *****
20-09-2024 11:27:11 am INFO  TC01_RegistrationTest - Clicked on myaccount.
20-09-2024 11:27:12 am INFO  TC01_RegistrationTest - Clicked on register.
20-09-2024 11:27:12 am INFO  TC01_RegistrationTest - Entered firstname.
20-09-2024 11:27:12 am INFO  TC01_RegistrationTest - Entered lastname.
20-09-2024 11:27:12 am INFO  TC01_RegistrationTest - Entered email.
20-09-2024 11:27:12 am INFO  TC01_RegistrationTest - Enetered telephone no.
20-09-2024 11:27:12 am INFO  TC01_RegistrationTest - Enetered password.
20-09-2024 11:27:12 am INFO  TC01_RegistrationTest - Entered password again.
20-09-2024 11:27:12 am INFO  TC01_RegistrationTest - Accepted privacy and policy term.
20-09-2024 11:27:13 am INFO  TC01_RegistrationTest - Clicked on continue.
20-09-2024 11:27:14 am INFO  TC01_RegistrationTest - Validated expected message.
20-09-2024 11:27:14 am INFO  TC01_RegistrationTest - Your account registration has been done successfully.: sZfdEo.nebWPe@gmail.com
20-09-2024 11:27:14 am INFO  TC01_RegistrationTest - Clicked on logout.
20-09-2024 11:27:14 am INFO  TC01_RegistrationTest - ***** Finished TC01_RegistrationTest *****
20-09-2024 11:27:17 am INFO  TC02_LoginTest - ***** Started TC02_LoginTest *****
20-09-2024 11:27:18 am INFO  TC02_LoginTest - Clicked on myaccount link.
20-09-2024 11:27:18 am INFO  TC02_LoginTest - Clicked on register link.
20-09-2024 11:27:18 am INFO  TC02_LoginTest - Entered email address.
20-09-2024 11:27:19 am INFO  TC02_LoginTest - Entered password.
20-09-2024 11:27:20 am INFO  TC02_LoginTest - Validated user login status.
20-09-2024 11:27:20 am INFO  TC02_LoginTest - User logged in successfully.: jejurkar.mahesh@gmail.com
20-09-2024 11:27:20 am INFO  TC02_LoginTest - Clicked on logout.
20-09-2024 11:27:21 am INFO  TC02_LoginTest - ***** Finished TC02_LoginTest *****
20-09-2024 11:37:11 am DEBUG TestNG - suiteXmlPath: "C:\Users\Mahesh\eclipse-workspace\Opencart-FrameworkDesign\master.xml"
20-09-2024 11:37:11 am INFO  Utils - [TestNG] Running:
  C:\Users\Mahesh\eclipse-workspace\Opencart-FrameworkDesign\master.xml

20-09-2024 11:37:14 am INFO  TC01_RegistrationTest - ***** Started TC01_RegistrationTest *****
20-09-2024 11:37:15 am INFO  TC01_RegistrationTest - Clicked on myaccount.
20-09-2024 11:37:16 am INFO  TC01_RegistrationTest - Clicked on register.
20-09-2024 11:37:16 am INFO  TC01_RegistrationTest - Entered firstname.
20-09-2024 11:37:16 am INFO  TC01_RegistrationTest - Entered lastname.
20-09-2024 11:37:16 am INFO  TC01_RegistrationTest - Entered email.
20-09-2024 11:37:16 am INFO  TC01_RegistrationTest - Enetered telephone no.
20-09-2024 11:37:16 am INFO  TC01_RegistrationTest - Enetered password.
20-09-2024 11:37:16 am INFO  TC01_RegistrationTest - Entered password again.
20-09-2024 11:37:16 am INFO  TC01_RegistrationTest - Accepted privacy and policy term.
20-09-2024 11:37:17 am INFO  TC01_RegistrationTest - Clicked on continue.
20-09-2024 11:37:19 am INFO  TC01_RegistrationTest - Validated expected message.
20-09-2024 11:37:19 am INFO  TC01_RegistrationTest - Your account registration has been done successfully.: wJlEBf.GgWptS@gmail.com
20-09-2024 11:37:19 am INFO  TC01_RegistrationTest - Clicked on logout.
20-09-2024 11:37:19 am INFO  TC01_RegistrationTest - ***** Finished TC01_RegistrationTest *****
20-09-2024 11:37:19 am INFO  TC01_RegistrationTest - ***** Started TC01_RegistrationTest *****
20-09-2024 11:37:19 am INFO  TC01_RegistrationTest - Clicked on myaccount.
20-09-2024 11:37:20 am INFO  TC01_RegistrationTest - Clicked on register.
20-09-2024 11:37:20 am INFO  TC01_RegistrationTest - Entered firstname.
20-09-2024 11:37:20 am INFO  TC01_RegistrationTest - Entered lastname.
20-09-2024 11:37:20 am INFO  TC01_RegistrationTest - Entered email.
20-09-2024 11:37:20 am INFO  TC01_RegistrationTest - Enetered telephone no.
20-09-2024 11:37:20 am INFO  TC01_RegistrationTest - Enetered password.
20-09-2024 11:37:20 am INFO  TC01_RegistrationTest - Entered password again.
20-09-2024 11:37:20 am INFO  TC01_RegistrationTest - Accepted privacy and policy term.
20-09-2024 11:37:21 am INFO  TC01_RegistrationTest - Clicked on continue.
20-09-2024 11:37:22 am INFO  TC01_RegistrationTest - Validated expected message.
20-09-2024 11:37:22 am INFO  TC01_RegistrationTest - Your account registration has been done successfully.: uAkMYF.WajVrC@gmail.com
20-09-2024 11:37:22 am INFO  TC01_RegistrationTest - Clicked on logout.
20-09-2024 11:37:23 am INFO  TC01_RegistrationTest - ***** Finished TC01_RegistrationTest *****
20-09-2024 11:37:25 am INFO  TC02_LoginTest - ***** Started TC02_LoginTest *****
20-09-2024 11:37:26 am INFO  TC02_LoginTest - Clicked on myaccount link.
20-09-2024 11:37:26 am INFO  TC02_LoginTest - Clicked on register link.
20-09-2024 11:37:27 am INFO  TC02_LoginTest - Entered email address.
20-09-2024 11:37:27 am INFO  TC02_LoginTest - Entered password.
20-09-2024 11:37:29 am INFO  TC02_LoginTest - Validated user login status.
20-09-2024 11:37:29 am INFO  TC02_LoginTest - User logged in successfully.: jejurkar.mahesh@gmail.com
20-09-2024 11:37:29 am INFO  TC02_LoginTest - Clicked on logout.
20-09-2024 11:37:30 am INFO  TC02_LoginTest - ***** Finished TC02_LoginTest *****
20-09-2024 11:43:20 am DEBUG TestNG - suiteXmlPath: "C:\Users\Mahesh\eclipse-workspace\Opencart-FrameworkDesign\master.xml"
20-09-2024 11:43:20 am INFO  Utils - [TestNG] Running:
  C:\Users\Mahesh\eclipse-workspace\Opencart-FrameworkDesign\master.xml

20-09-2024 11:43:22 am INFO  TC01_RegistrationTest - ***** Started TC01_RegistrationTest *****
20-09-2024 11:43:24 am INFO  TC01_RegistrationTest - Clicked on myaccount.
20-09-2024 11:43:24 am INFO  TC01_RegistrationTest - Clicked on register.
20-09-2024 11:43:24 am INFO  TC01_RegistrationTest - Entered firstname.
20-09-2024 11:43:24 am INFO  TC01_RegistrationTest - Entered lastname.
20-09-2024 11:43:24 am INFO  TC01_RegistrationTest - Entered email.
20-09-2024 11:43:25 am INFO  TC01_RegistrationTest - Enetered telephone no.
20-09-2024 11:43:25 am INFO  TC01_RegistrationTest - Enetered password.
20-09-2024 11:43:25 am INFO  TC01_RegistrationTest - Entered password again.
20-09-2024 11:43:25 am INFO  TC01_RegistrationTest - Accepted privacy and policy term.
20-09-2024 11:43:25 am INFO  TC01_RegistrationTest - Clicked on continue.
20-09-2024 11:43:27 am INFO  TC01_RegistrationTest - Validated expected message.
20-09-2024 11:43:27 am INFO  TC01_RegistrationTest - Your account registration has been done successfully.: WOHhrd.YQHcvs@gmail.com
20-09-2024 11:43:27 am INFO  TC01_RegistrationTest - Clicked on logout.
20-09-2024 11:43:27 am INFO  TC01_RegistrationTest - ***** Finished TC01_RegistrationTest *****
20-09-2024 11:43:27 am INFO  TC01_RegistrationTest - ***** Started TC01_RegistrationTest *****
20-09-2024 11:43:28 am INFO  TC01_RegistrationTest - Clicked on myaccount.
20-09-2024 11:43:28 am INFO  TC01_RegistrationTest - Clicked on register.
20-09-2024 11:43:28 am INFO  TC01_RegistrationTest - Entered firstname.
20-09-2024 11:43:28 am INFO  TC01_RegistrationTest - Entered lastname.
20-09-2024 11:43:28 am INFO  TC01_RegistrationTest - Entered email.
20-09-2024 11:43:28 am INFO  TC01_RegistrationTest - Enetered telephone no.
20-09-2024 11:43:29 am INFO  TC01_RegistrationTest - Enetered password.
20-09-2024 11:43:29 am INFO  TC01_RegistrationTest - Entered password again.
20-09-2024 11:43:29 am INFO  TC01_RegistrationTest - Accepted privacy and policy term.
20-09-2024 11:43:29 am INFO  TC01_RegistrationTest - Clicked on continue.
20-09-2024 11:43:31 am INFO  TC01_RegistrationTest - Validated expected message.
20-09-2024 11:43:31 am INFO  TC01_RegistrationTest - Your account registration has been done successfully.: WmKxPD.eUaofr@gmail.com
20-09-2024 11:43:31 am INFO  TC01_RegistrationTest - Clicked on logout.
20-09-2024 11:43:31 am INFO  TC01_RegistrationTest - ***** Finished TC01_RegistrationTest *****
20-09-2024 11:43:33 am INFO  TC02_LoginTest - ***** Started TC02_LoginTest *****
20-09-2024 11:43:34 am INFO  TC02_LoginTest - Clicked on myaccount link.
20-09-2024 11:43:34 am INFO  TC02_LoginTest - Clicked on register link.
20-09-2024 11:43:34 am INFO  TC02_LoginTest - Entered email address.
20-09-2024 11:43:35 am INFO  TC02_LoginTest - Entered password.
20-09-2024 11:43:36 am INFO  TC02_LoginTest - Validated user login status.
20-09-2024 11:43:37 am INFO  TC02_LoginTest - User logged in successfully.: jejurkar.mahesh@gmail.com
20-09-2024 11:43:37 am INFO  TC02_LoginTest - Clicked on logout.
20-09-2024 11:43:37 am INFO  TC02_LoginTest - ***** Finished TC02_LoginTest *****
20-09-2024 11:47:28 am DEBUG TestNG - suiteXmlPath: "C:\Users\Mahesh\eclipse-workspace\Opencart-FrameworkDesign\master.xml"
20-09-2024 11:47:29 am INFO  Utils - [TestNG] Running:
  C:\Users\Mahesh\eclipse-workspace\Opencart-FrameworkDesign\master.xml

20-09-2024 11:47:33 am INFO  TC01_RegistrationTest - ***** Started TC01_RegistrationTest *****
20-09-2024 11:47:35 am INFO  TC01_RegistrationTest - Clicked on myaccount.
20-09-2024 11:47:35 am INFO  TC01_RegistrationTest - Clicked on register.
20-09-2024 11:47:35 am INFO  TC01_RegistrationTest - Entered firstname.
20-09-2024 11:47:35 am INFO  TC01_RegistrationTest - Entered lastname.
20-09-2024 11:47:35 am INFO  TC01_RegistrationTest - Entered email.
20-09-2024 11:47:36 am INFO  TC01_RegistrationTest - Enetered telephone no.
20-09-2024 11:47:36 am INFO  TC01_RegistrationTest - Enetered password.
20-09-2024 11:47:36 am INFO  TC01_RegistrationTest - Entered password again.
20-09-2024 11:47:36 am INFO  TC01_RegistrationTest - Accepted privacy and policy term.
20-09-2024 11:47:36 am INFO  TC01_RegistrationTest - Clicked on continue.
20-09-2024 11:47:38 am INFO  TC01_RegistrationTest - Validated expected message.
20-09-2024 11:47:38 am INFO  TC01_RegistrationTest - Your account registration has been done successfully.: kWGScg.GNQewS@gmail.com
20-09-2024 11:47:38 am INFO  TC01_RegistrationTest - Clicked on logout.
20-09-2024 11:47:39 am INFO  TC01_RegistrationTest - ***** Finished TC01_RegistrationTest *****
20-09-2024 11:47:39 am INFO  TC01_RegistrationTest - ***** Started TC01_RegistrationTest *****
20-09-2024 11:47:39 am INFO  TC01_RegistrationTest - Clicked on myaccount.
20-09-2024 11:47:39 am INFO  TC01_RegistrationTest - Clicked on register.
20-09-2024 11:47:39 am INFO  TC01_RegistrationTest - Entered firstname.
20-09-2024 11:47:39 am INFO  TC01_RegistrationTest - Entered lastname.
20-09-2024 11:47:39 am INFO  TC01_RegistrationTest - Entered email.
20-09-2024 11:47:40 am INFO  TC01_RegistrationTest - Enetered telephone no.
20-09-2024 11:47:40 am INFO  TC01_RegistrationTest - Enetered password.
20-09-2024 11:47:40 am INFO  TC01_RegistrationTest - Entered password again.
20-09-2024 11:47:40 am INFO  TC01_RegistrationTest - Accepted privacy and policy term.
20-09-2024 11:47:41 am INFO  TC01_RegistrationTest - Clicked on continue.
20-09-2024 11:47:42 am INFO  TC01_RegistrationTest - Validated expected message.
20-09-2024 11:47:42 am INFO  TC01_RegistrationTest - Your account registration has been done successfully.: EkoOSM.ZWywTv@gmail.com
20-09-2024 11:47:42 am INFO  TC01_RegistrationTest - Clicked on logout.
20-09-2024 11:47:42 am INFO  TC01_RegistrationTest - ***** Finished TC01_RegistrationTest *****
20-09-2024 11:47:45 am INFO  TC02_LoginTest - ***** Started TC02_LoginTest *****
20-09-2024 11:47:46 am INFO  TC02_LoginTest - Clicked on myaccount link.
20-09-2024 11:47:46 am INFO  TC02_LoginTest - Clicked on register link.
20-09-2024 11:47:46 am INFO  TC02_LoginTest - Entered email address.
20-09-2024 11:47:46 am INFO  TC02_LoginTest - Entered password.
20-09-2024 11:47:48 am INFO  TC02_LoginTest - Validated user login status.
20-09-2024 11:47:48 am INFO  TC02_LoginTest - User logged in successfully.: jejurkar.mahesh@gmail.com
20-09-2024 11:47:48 am INFO  TC02_LoginTest - Clicked on logout.
20-09-2024 11:47:48 am INFO  TC02_LoginTest - ***** Finished TC02_LoginTest *****
20-09-2024 11:56:54 am DEBUG TestNG - suiteXmlPath: "C:\Users\Mahesh\eclipse-workspace\Opencart-FrameworkDesign\master.xml"
20-09-2024 11:56:55 am INFO  Utils - [TestNG] Running:
  C:\Users\Mahesh\eclipse-workspace\Opencart-FrameworkDesign\master.xml

20-09-2024 11:57:01 am INFO  TC01_RegistrationTest - ***** Started TC01_RegistrationTest *****
20-09-2024 11:57:02 am INFO  TC01_RegistrationTest - Clicked on myaccount.
20-09-2024 11:57:02 am INFO  TC01_RegistrationTest - Clicked on register.
20-09-2024 11:57:02 am INFO  TC01_RegistrationTest - Entered firstname.
20-09-2024 11:57:03 am INFO  TC01_RegistrationTest - Entered lastname.
20-09-2024 11:57:03 am INFO  TC01_RegistrationTest - Entered email.
20-09-2024 11:57:03 am INFO  TC01_RegistrationTest - Enetered telephone no.
20-09-2024 11:57:03 am INFO  TC01_RegistrationTest - Enetered password.
20-09-2024 11:57:03 am INFO  TC01_RegistrationTest - Entered password again.
20-09-2024 11:57:03 am INFO  TC01_RegistrationTest - Accepted privacy and policy term.
20-09-2024 11:57:04 am INFO  TC01_RegistrationTest - Clicked on continue.
20-09-2024 11:57:05 am INFO  TC01_RegistrationTest - Validated expected message.
20-09-2024 11:57:05 am INFO  TC01_RegistrationTest - Your account registration has been done successfully.: pyCNYj.JJUsxO@gmail.com
20-09-2024 11:57:05 am INFO  TC01_RegistrationTest - Clicked on logout.
20-09-2024 11:57:06 am INFO  TC01_RegistrationTest - ***** Finished TC01_RegistrationTest *****
20-09-2024 11:57:06 am INFO  TC01_RegistrationTest - ***** Started TC01_RegistrationTest *****
20-09-2024 11:57:06 am INFO  TC01_RegistrationTest - Clicked on myaccount.
20-09-2024 11:57:06 am INFO  TC01_RegistrationTest - Clicked on register.
20-09-2024 11:57:06 am INFO  TC01_RegistrationTest - Entered firstname.
20-09-2024 11:57:06 am INFO  TC01_RegistrationTest - Entered lastname.
20-09-2024 11:57:06 am INFO  TC01_RegistrationTest - Entered email.
20-09-2024 11:57:07 am INFO  TC01_RegistrationTest - Enetered telephone no.
20-09-2024 11:57:07 am INFO  TC01_RegistrationTest - Enetered password.
20-09-2024 11:57:07 am INFO  TC01_RegistrationTest - Entered password again.
20-09-2024 11:57:07 am INFO  TC01_RegistrationTest - Accepted privacy and policy term.
20-09-2024 11:57:07 am INFO  TC01_RegistrationTest - Clicked on continue.
20-09-2024 11:57:09 am INFO  TC01_RegistrationTest - Validated expected message.
20-09-2024 11:57:09 am INFO  TC01_RegistrationTest - Your account registration has been done successfully.: gySAgY.xWFYEA@gmail.com
20-09-2024 11:57:09 am INFO  TC01_RegistrationTest - Clicked on logout.
20-09-2024 11:57:09 am INFO  TC01_RegistrationTest - ***** Finished TC01_RegistrationTest *****
20-09-2024 11:57:12 am INFO  TC02_LoginTest - ***** Started TC02_LoginTest *****
20-09-2024 11:57:13 am INFO  TC02_LoginTest - Clicked on myaccount link.
20-09-2024 11:57:13 am INFO  TC02_LoginTest - Clicked on register link.
20-09-2024 11:57:13 am INFO  TC02_LoginTest - Entered email address.
20-09-2024 11:57:13 am INFO  TC02_LoginTest - Entered password.
20-09-2024 11:57:15 am INFO  TC02_LoginTest - Validated user login status.
20-09-2024 11:57:25 am INFO  TC02_LoginTest - User login failed.: jejurkar.mahesh@gmail.com
20-09-2024 11:57:25 am ERROR TC02_LoginTest - Test failed.
20-09-2024 11:57:25 am DEBUG TC02_LoginTest - Debug log.
20-09-2024 12:12:40 pm DEBUG TestNG - suiteXmlPath: "C:\Users\Mahesh\eclipse-workspace\Opencart-FrameworkDesign\master.xml"
20-09-2024 12:12:41 pm INFO  Utils - [TestNG] Running:
  C:\Users\Mahesh\eclipse-workspace\Opencart-FrameworkDesign\master.xml

20-09-2024 12:12:45 pm INFO  TC01_RegistrationTest - ***** Started TC01_RegistrationTest *****
20-09-2024 12:12:55 pm INFO  TC01_RegistrationTest - Clicked on myaccount.
20-09-2024 12:13:01 pm INFO  TC01_RegistrationTest - Clicked on register.
20-09-2024 12:13:01 pm INFO  TC01_RegistrationTest - Entered firstname.
20-09-2024 12:13:01 pm INFO  TC01_RegistrationTest - Entered lastname.
20-09-2024 12:13:01 pm INFO  TC01_RegistrationTest - Entered email.
20-09-2024 12:13:01 pm INFO  TC01_RegistrationTest - Enetered telephone no.
20-09-2024 12:13:01 pm INFO  TC01_RegistrationTest - Enetered password.
20-09-2024 12:13:01 pm INFO  TC01_RegistrationTest - Entered password again.
20-09-2024 12:13:01 pm INFO  TC01_RegistrationTest - Accepted privacy and policy term.
20-09-2024 12:13:02 pm INFO  TC01_RegistrationTest - Clicked on continue.
20-09-2024 12:13:03 pm INFO  TC01_RegistrationTest - Validated expected message.
20-09-2024 12:13:03 pm INFO  TC01_RegistrationTest - Your account registration has been done successfully.: zmFgIz.hjntNm@gmail.com
20-09-2024 12:13:03 pm INFO  TC01_RegistrationTest - Clicked on logout.
20-09-2024 12:13:06 pm INFO  TC01_RegistrationTest - ***** Finished TC01_RegistrationTest *****
20-09-2024 12:13:06 pm INFO  TC01_RegistrationTest - ***** Started TC01_RegistrationTest *****
20-09-2024 12:13:08 pm INFO  TC01_RegistrationTest - Clicked on myaccount.
20-09-2024 12:13:09 pm INFO  TC01_RegistrationTest - Clicked on register.
20-09-2024 12:13:09 pm INFO  TC01_RegistrationTest - Entered firstname.
20-09-2024 12:13:09 pm INFO  TC01_RegistrationTest - Entered lastname.
20-09-2024 12:13:09 pm INFO  TC01_RegistrationTest - Entered email.
20-09-2024 12:13:09 pm INFO  TC01_RegistrationTest - Enetered telephone no.
20-09-2024 12:13:09 pm INFO  TC01_RegistrationTest - Enetered password.
20-09-2024 12:13:10 pm INFO  TC01_RegistrationTest - Entered password again.
20-09-2024 12:13:10 pm INFO  TC01_RegistrationTest - Accepted privacy and policy term.
20-09-2024 12:13:10 pm INFO  TC01_RegistrationTest - Clicked on continue.
20-09-2024 12:13:12 pm INFO  TC01_RegistrationTest - Validated expected message.
20-09-2024 12:13:12 pm INFO  TC01_RegistrationTest - Your account registration has been done successfully.: GPacmq.AMCNAj@gmail.com
20-09-2024 12:13:12 pm INFO  TC01_RegistrationTest - Clicked on logout.
20-09-2024 12:13:13 pm INFO  TC01_RegistrationTest - ***** Finished TC01_RegistrationTest *****
20-09-2024 12:13:15 pm INFO  TC02_LoginTest - ***** Started TC02_LoginTest *****
20-09-2024 12:13:25 pm INFO  TC02_LoginTest - Clicked on myaccount link.
20-09-2024 12:13:25 pm INFO  TC02_LoginTest - Clicked on register link.
20-09-2024 12:13:26 pm INFO  TC02_LoginTest - Entered email address.
20-09-2024 12:13:27 pm INFO  TC02_LoginTest - Entered password.
20-09-2024 12:13:30 pm INFO  TC02_LoginTest - Validated user login status.
20-09-2024 12:13:40 pm INFO  TC02_LoginTest - User login failed.: jejurkar.mahesh@gmail.com
20-09-2024 12:13:40 pm ERROR TC02_LoginTest - Test failed.
20-09-2024 12:13:40 pm DEBUG TC02_LoginTest - Debug log.
20-09-2024 01:57:46 pm DEBUG TestNG - suiteXmlPath: "C:\Users\Mahesh\eclipse-workspace\Opencart-FrameworkDesign\master.xml"
20-09-2024 01:57:47 pm INFO  Utils - [TestNG] Running:
  C:\Users\Mahesh\eclipse-workspace\Opencart-FrameworkDesign\master.xml

20-09-2024 01:57:53 pm INFO  TC01_RegistrationTest - ***** Started TC01_RegistrationTest *****
20-09-2024 01:57:55 pm INFO  TC01_RegistrationTest - Clicked on myaccount.
20-09-2024 01:57:55 pm INFO  TC01_RegistrationTest - Clicked on register.
20-09-2024 01:57:55 pm INFO  TC01_RegistrationTest - Entered firstname.
20-09-2024 01:57:55 pm INFO  TC01_RegistrationTest - Entered lastname.
20-09-2024 01:57:56 pm INFO  TC01_RegistrationTest - Entered email.
20-09-2024 01:57:56 pm INFO  TC01_RegistrationTest - Enetered telephone no.
20-09-2024 01:57:56 pm INFO  TC01_RegistrationTest - Enetered password.
20-09-2024 01:57:56 pm INFO  TC01_RegistrationTest - Entered password again.
20-09-2024 01:57:56 pm INFO  TC01_RegistrationTest - Accepted privacy and policy term.
20-09-2024 01:57:57 pm INFO  TC01_RegistrationTest - Clicked on continue.
20-09-2024 01:57:58 pm INFO  TC01_RegistrationTest - Validated expected message.
20-09-2024 01:57:58 pm INFO  TC01_RegistrationTest - Your account registration has been done successfully.: LonZMq.iEvFMI@gmail.com
20-09-2024 01:57:58 pm INFO  TC01_RegistrationTest - Clicked on logout.
20-09-2024 01:57:59 pm INFO  TC01_RegistrationTest - ***** Finished TC01_RegistrationTest *****
20-09-2024 01:57:59 pm INFO  TC01_RegistrationTest - ***** Started TC01_RegistrationTest *****
20-09-2024 01:57:59 pm INFO  TC01_RegistrationTest - Clicked on myaccount.
20-09-2024 01:57:59 pm INFO  TC01_RegistrationTest - Clicked on register.
20-09-2024 01:57:59 pm INFO  TC01_RegistrationTest - Entered firstname.
20-09-2024 01:57:59 pm INFO  TC01_RegistrationTest - Entered lastname.
20-09-2024 01:58:00 pm INFO  TC01_RegistrationTest - Entered email.
20-09-2024 01:58:00 pm INFO  TC01_RegistrationTest - Enetered telephone no.
20-09-2024 01:58:00 pm INFO  TC01_RegistrationTest - Enetered password.
20-09-2024 01:58:00 pm INFO  TC01_RegistrationTest - Entered password again.
20-09-2024 01:58:00 pm INFO  TC01_RegistrationTest - Accepted privacy and policy term.
20-09-2024 01:58:01 pm INFO  TC01_RegistrationTest - Clicked on continue.
20-09-2024 01:58:02 pm INFO  TC01_RegistrationTest - Validated expected message.
20-09-2024 01:58:02 pm INFO  TC01_RegistrationTest - Your account registration has been done successfully.: PfvfGc.CNkKqY@gmail.com
20-09-2024 01:58:02 pm INFO  TC01_RegistrationTest - Clicked on logout.
20-09-2024 01:58:03 pm INFO  TC01_RegistrationTest - ***** Finished TC01_RegistrationTest *****
20-09-2024 01:58:05 pm INFO  TC02_LoginTest - ***** Started TC02_LoginTest *****
20-09-2024 01:58:06 pm INFO  TC02_LoginTest - Clicked on myaccount link.
20-09-2024 01:58:06 pm INFO  TC02_LoginTest - Clicked on register link.
20-09-2024 01:58:07 pm INFO  TC02_LoginTest - Entered email address.
20-09-2024 01:58:07 pm INFO  TC02_LoginTest - Entered password.
20-09-2024 01:58:08 pm INFO  TC02_LoginTest - Validated user login status.
20-09-2024 01:58:18 pm INFO  TC02_LoginTest - User login failed.: jejurkar.mahesh@gmail.com
20-09-2024 01:58:18 pm ERROR TC02_LoginTest - Test failed.
20-09-2024 01:58:18 pm DEBUG TC02_LoginTest - Debug log.
20-09-2024 01:59:34 pm DEBUG TestNG - suiteXmlPath: "C:\Users\Mahesh\eclipse-workspace\Opencart-FrameworkDesign\grouping.xml"
20-09-2024 02:00:02 pm DEBUG TestNG - suiteXmlPath: "C:\Users\Mahesh\eclipse-workspace\Opencart-FrameworkDesign\grouping.xml"
20-09-2024 02:00:02 pm INFO  Utils - [TestNG] Running:
  C:\Users\Mahesh\eclipse-workspace\Opencart-FrameworkDesign\grouping.xml

20-09-2024 02:00:06 pm INFO  TC02_LoginTest - ***** Started TC02_LoginTest *****
20-09-2024 02:00:07 pm INFO  TC02_LoginTest - Clicked on myaccount link.
20-09-2024 02:00:07 pm INFO  TC02_LoginTest - Clicked on register link.
20-09-2024 02:00:08 pm INFO  TC02_LoginTest - Entered email address.
20-09-2024 02:00:08 pm INFO  TC02_LoginTest - Entered password.
20-09-2024 02:00:10 pm INFO  TC02_LoginTest - Validated user login status.
20-09-2024 02:00:20 pm INFO  TC02_LoginTest - User login failed.: jejurkar.mahesh@gmail.com
20-09-2024 02:00:20 pm ERROR TC02_LoginTest - Test failed.
20-09-2024 02:00:20 pm DEBUG TC02_LoginTest - Debug log.
20-09-2024 02:04:05 pm DEBUG TestNG - suiteXmlPath: "C:\Users\Mahesh\eclipse-workspace\Opencart-FrameworkDesign\grouping.xml"
20-09-2024 02:04:06 pm INFO  Utils - [TestNG] Running:
  C:\Users\Mahesh\eclipse-workspace\Opencart-FrameworkDesign\grouping.xml

20-09-2024 02:04:10 pm INFO  TC01_RegistrationTest - ***** Started TC01_RegistrationTest *****
20-09-2024 02:04:11 pm INFO  TC01_RegistrationTest - Clicked on myaccount.
20-09-2024 02:04:12 pm INFO  TC01_RegistrationTest - Clicked on register.
20-09-2024 02:04:12 pm INFO  TC01_RegistrationTest - Entered firstname.
20-09-2024 02:04:12 pm INFO  TC01_RegistrationTest - Entered lastname.
20-09-2024 02:04:12 pm INFO  TC01_RegistrationTest - Entered email.
20-09-2024 02:04:12 pm INFO  TC01_RegistrationTest - Enetered telephone no.
20-09-2024 02:04:12 pm INFO  TC01_RegistrationTest - Enetered password.
20-09-2024 02:04:12 pm INFO  TC01_RegistrationTest - Entered password again.
20-09-2024 02:04:12 pm INFO  TC01_RegistrationTest - Accepted privacy and policy term.
20-09-2024 02:04:13 pm INFO  TC01_RegistrationTest - Clicked on continue.
20-09-2024 02:04:14 pm INFO  TC01_RegistrationTest - Validated expected message.
20-09-2024 02:04:14 pm INFO  TC01_RegistrationTest - Your account registration has been done successfully.: TKtWXo.XRVPZh@gmail.com
20-09-2024 02:04:14 pm INFO  TC01_RegistrationTest - Clicked on logout.
20-09-2024 02:04:15 pm INFO  TC01_RegistrationTest - ***** Finished TC01_RegistrationTest *****
20-09-2024 02:04:15 pm INFO  TC01_RegistrationTest - ***** Started TC01_RegistrationTest *****
20-09-2024 02:04:15 pm INFO  TC01_RegistrationTest - Clicked on myaccount.
20-09-2024 02:04:15 pm INFO  TC01_RegistrationTest - Clicked on register.
20-09-2024 02:04:15 pm INFO  TC01_RegistrationTest - Entered firstname.
20-09-2024 02:04:15 pm INFO  TC01_RegistrationTest - Entered lastname.
20-09-2024 02:04:15 pm INFO  TC01_RegistrationTest - Entered email.
20-09-2024 02:04:16 pm INFO  TC01_RegistrationTest - Enetered telephone no.
20-09-2024 02:04:16 pm INFO  TC01_RegistrationTest - Enetered password.
20-09-2024 02:04:16 pm INFO  TC01_RegistrationTest - Entered password again.
20-09-2024 02:04:16 pm INFO  TC01_RegistrationTest - Accepted privacy and policy term.
20-09-2024 02:04:17 pm INFO  TC01_RegistrationTest - Clicked on continue.
20-09-2024 02:04:18 pm INFO  TC01_RegistrationTest - Validated expected message.
20-09-2024 02:04:18 pm INFO  TC01_RegistrationTest - Your account registration has been done successfully.: AunzQG.nOixHH@gmail.com
20-09-2024 02:04:18 pm INFO  TC01_RegistrationTest - Clicked on logout.
20-09-2024 02:04:18 pm INFO  TC01_RegistrationTest - ***** Finished TC01_RegistrationTest *****
20-09-2024 02:04:20 pm INFO  TC02_LoginTest - ***** Started TC02_LoginTest *****
20-09-2024 02:04:21 pm INFO  TC02_LoginTest - Clicked on myaccount link.
20-09-2024 02:04:21 pm INFO  TC02_LoginTest - Clicked on register link.
20-09-2024 02:04:22 pm INFO  TC02_LoginTest - Entered email address.
20-09-2024 02:04:22 pm INFO  TC02_LoginTest - Entered password.
20-09-2024 02:04:24 pm INFO  TC02_LoginTest - Validated user login status.
20-09-2024 02:04:34 pm INFO  TC02_LoginTest - User login failed.: jejurkar.mahesh@gmail.com
20-09-2024 02:04:34 pm ERROR TC02_LoginTest - Test failed.
20-09-2024 02:04:34 pm DEBUG TC02_LoginTest - Debug log.
20-09-2024 02:11:35 pm DEBUG TestNG - suiteXmlPath: "C:\Users\Mahesh\eclipse-workspace\Opencart-FrameworkDesign\test-output\testng-failed.xml"
20-09-2024 02:11:36 pm INFO  Utils - [TestNG] Running:
  C:\Users\Mahesh\eclipse-workspace\Opencart-FrameworkDesign\test-output\testng-failed.xml

20-09-2024 02:11:40 pm INFO  TC02_LoginTest - ***** Started TC02_LoginTest *****
20-09-2024 02:11:44 pm INFO  TC02_LoginTest - Clicked on myaccount link.
20-09-2024 02:11:44 pm INFO  TC02_LoginTest - Clicked on register link.
20-09-2024 02:11:44 pm INFO  TC02_LoginTest - Entered email address.
20-09-2024 02:11:44 pm INFO  TC02_LoginTest - Entered password.
20-09-2024 02:11:46 pm INFO  TC02_LoginTest - Validated user login status.
20-09-2024 02:11:56 pm INFO  TC02_LoginTest - User login failed.: jejurkar.mahesh@gmail.com
20-09-2024 02:11:56 pm ERROR TC02_LoginTest - Test failed.
20-09-2024 02:11:56 pm DEBUG TC02_LoginTest - Debug log.
20-09-2024 02:15:19 pm DEBUG TestNG - suiteXmlPath: "C:\Users\Mahesh\eclipse-workspace\Opencart-FrameworkDesign\grouping.xml"
20-09-2024 02:15:19 pm INFO  Utils - [TestNG] Running:
  C:\Users\Mahesh\eclipse-workspace\Opencart-FrameworkDesign\grouping.xml

20-09-2024 02:15:22 pm INFO  TC01_RegistrationTest - ***** Started TC01_RegistrationTest *****
20-09-2024 02:15:23 pm INFO  TC01_RegistrationTest - Clicked on myaccount.
20-09-2024 02:15:23 pm INFO  TC01_RegistrationTest - Clicked on register.
20-09-2024 02:15:23 pm INFO  TC01_RegistrationTest - Entered firstname.
20-09-2024 02:15:23 pm INFO  TC01_RegistrationTest - Entered lastname.
20-09-2024 02:15:23 pm INFO  TC01_RegistrationTest - Entered email.
20-09-2024 02:15:24 pm INFO  TC01_RegistrationTest - Enetered telephone no.
20-09-2024 02:15:24 pm INFO  TC01_RegistrationTest - Enetered password.
20-09-2024 02:15:24 pm INFO  TC01_RegistrationTest - Entered password again.
20-09-2024 02:15:24 pm INFO  TC01_RegistrationTest - Accepted privacy and policy term.
20-09-2024 02:15:24 pm INFO  TC01_RegistrationTest - Clicked on continue.
20-09-2024 02:15:25 pm INFO  TC01_RegistrationTest - Validated expected message.
20-09-2024 02:15:25 pm INFO  TC01_RegistrationTest - Your account registration has been failed.: ntiAkR.HSnETO@gmail.com
20-09-2024 02:15:25 pm ERROR TC01_RegistrationTest - Test failed.
20-09-2024 02:15:25 pm DEBUG TC01_RegistrationTest - Debug log.
20-09-2024 02:15:27 pm INFO  TC02_LoginTest - ***** Started TC02_LoginTest *****
20-09-2024 02:15:28 pm INFO  TC02_LoginTest - Clicked on myaccount link.
20-09-2024 02:15:28 pm INFO  TC02_LoginTest - Clicked on register link.
20-09-2024 02:15:29 pm INFO  TC02_LoginTest - Entered email address.
20-09-2024 02:15:29 pm INFO  TC02_LoginTest - Entered password.
20-09-2024 02:15:31 pm INFO  TC02_LoginTest - Validated user login status.
20-09-2024 02:15:31 pm INFO  TC02_LoginTest - User logged in successfully.: abc.xyz@jollyfree.com
20-09-2024 02:15:31 pm INFO  TC02_LoginTest - Clicked on logout.
20-09-2024 02:15:31 pm INFO  TC02_LoginTest - ***** Finished TC02_LoginTest *****
20-09-2024 02:17:10 pm DEBUG TestNG - suiteXmlPath: "C:\Users\Mahesh\eclipse-workspace\Opencart-FrameworkDesign\grouping.xml"
20-09-2024 02:17:10 pm INFO  Utils - [TestNG] Running:
  C:\Users\Mahesh\eclipse-workspace\Opencart-FrameworkDesign\grouping.xml

20-09-2024 02:17:12 pm INFO  TC01_RegistrationTest - ***** Started TC01_RegistrationTest *****
20-09-2024 02:17:13 pm INFO  TC01_RegistrationTest - Clicked on myaccount.
20-09-2024 02:17:14 pm INFO  TC01_RegistrationTest - Clicked on register.
20-09-2024 02:17:14 pm INFO  TC01_RegistrationTest - Entered firstname.
20-09-2024 02:17:14 pm INFO  TC01_RegistrationTest - Entered lastname.
20-09-2024 02:17:14 pm INFO  TC01_RegistrationTest - Entered email.
20-09-2024 02:17:14 pm INFO  TC01_RegistrationTest - Enetered telephone no.
20-09-2024 02:17:14 pm INFO  TC01_RegistrationTest - Enetered password.
20-09-2024 02:17:15 pm INFO  TC01_RegistrationTest - Entered password again.
20-09-2024 02:17:15 pm INFO  TC01_RegistrationTest - Accepted privacy and policy term.
20-09-2024 02:17:15 pm INFO  TC01_RegistrationTest - Clicked on continue.
20-09-2024 02:17:17 pm INFO  TC01_RegistrationTest - Validated expected message.
20-09-2024 02:17:17 pm INFO  TC01_RegistrationTest - Your account registration has been done successfully.: qhxSSX.gUTvhW@gmail.com
20-09-2024 02:17:17 pm INFO  TC01_RegistrationTest - Clicked on logout.
20-09-2024 02:17:17 pm INFO  TC01_RegistrationTest - ***** Finished TC01_RegistrationTest *****
20-09-2024 02:17:19 pm INFO  TC02_LoginTest - ***** Started TC02_LoginTest *****
20-09-2024 02:17:20 pm INFO  TC02_LoginTest - Clicked on myaccount link.
20-09-2024 02:17:20 pm INFO  TC02_LoginTest - Clicked on register link.
20-09-2024 02:17:21 pm INFO  TC02_LoginTest - Entered email address.
20-09-2024 02:17:21 pm INFO  TC02_LoginTest - Entered password.
20-09-2024 02:17:23 pm INFO  TC02_LoginTest - Validated user login status.
20-09-2024 02:17:23 pm INFO  TC02_LoginTest - User logged in successfully.: abc.xyz@jollyfree.com
20-09-2024 02:17:23 pm INFO  TC02_LoginTest - Clicked on logout.
20-09-2024 02:17:23 pm INFO  TC02_LoginTest - ***** Finished TC02_LoginTest *****
20-09-2024 05:57:45 pm DEBUG TestNG - suiteXmlPath: "C:\Users\Mahesh\eclipse-workspace\Opencart-FrameworkDesign\grouping.xml"
20-09-2024 05:57:46 pm INFO  Utils - [TestNG] Running:
  C:\Users\Mahesh\eclipse-workspace\Opencart-FrameworkDesign\grouping.xml

20-09-2024 05:57:52 pm INFO  TC01_RegistrationTest - ***** Started TC01_RegistrationTest *****
20-09-2024 05:57:54 pm INFO  TC01_RegistrationTest - Clicked on myaccount.
20-09-2024 05:57:54 pm INFO  TC01_RegistrationTest - Clicked on register.
20-09-2024 05:57:54 pm INFO  TC01_RegistrationTest - Entered firstname.
20-09-2024 05:57:55 pm INFO  TC01_RegistrationTest - Entered lastname.
20-09-2024 05:57:55 pm INFO  TC01_RegistrationTest - Entered email.
20-09-2024 05:57:55 pm INFO  TC01_RegistrationTest - Enetered telephone no.
20-09-2024 05:57:55 pm INFO  TC01_RegistrationTest - Enetered password.
20-09-2024 05:57:55 pm INFO  TC01_RegistrationTest - Entered password again.
20-09-2024 05:57:55 pm INFO  TC01_RegistrationTest - Accepted privacy and policy term.
20-09-2024 05:57:56 pm INFO  TC01_RegistrationTest - Clicked on continue.
20-09-2024 05:57:57 pm INFO  TC01_RegistrationTest - Validated expected message.
20-09-2024 05:57:57 pm INFO  TC01_RegistrationTest - Your account registration has been done successfully.: UVMgCz.mLjJhm@gmail.com
20-09-2024 05:57:57 pm INFO  TC01_RegistrationTest - Clicked on logout.
20-09-2024 05:57:58 pm INFO  TC01_RegistrationTest - ***** Finished TC01_RegistrationTest *****
20-09-2024 05:58:01 pm INFO  TC02_LoginTest - ***** Started TC02_LoginTest *****
20-09-2024 05:58:02 pm INFO  TC02_LoginTest - Clicked on myaccount link.
20-09-2024 05:58:02 pm INFO  TC02_LoginTest - Clicked on register link.
20-09-2024 05:58:02 pm INFO  TC02_LoginTest - Entered email address.
20-09-2024 05:58:02 pm INFO  TC02_LoginTest - Entered password.
20-09-2024 05:58:05 pm INFO  TC02_LoginTest - Validated user login status.
20-09-2024 05:58:05 pm INFO  TC02_LoginTest - User logged in successfully.: abc.xyz@jollyfree.com
20-09-2024 05:58:05 pm INFO  TC02_LoginTest - Clicked on logout.
20-09-2024 05:58:05 pm INFO  TC02_LoginTest - ***** Finished TC02_LoginTest *****
20-09-2024 05:58:34 pm DEBUG TestNG - suiteXmlPath: "C:\Users\Mahesh\eclipse-workspace\Opencart-FrameworkDesign\grouping.xml"
20-09-2024 05:58:34 pm INFO  Utils - [TestNG] Running:
  C:\Users\Mahesh\eclipse-workspace\Opencart-FrameworkDesign\grouping.xml

20-09-2024 05:58:38 pm INFO  TC01_RegistrationTest - ***** Started TC01_RegistrationTest *****
20-09-2024 05:58:39 pm INFO  TC01_RegistrationTest - Clicked on myaccount.
20-09-2024 05:58:40 pm INFO  TC01_RegistrationTest - Clicked on register.
20-09-2024 05:58:40 pm INFO  TC01_RegistrationTest - Entered firstname.
20-09-2024 05:58:40 pm INFO  TC01_RegistrationTest - Entered lastname.
20-09-2024 05:58:40 pm INFO  TC01_RegistrationTest - Entered email.
20-09-2024 05:58:40 pm INFO  TC01_RegistrationTest - Enetered telephone no.
20-09-2024 05:58:40 pm INFO  TC01_RegistrationTest - Enetered password.
20-09-2024 05:58:40 pm INFO  TC01_RegistrationTest - Entered password again.
20-09-2024 05:58:41 pm INFO  TC01_RegistrationTest - Accepted privacy and policy term.
20-09-2024 05:58:41 pm INFO  TC01_RegistrationTest - Clicked on continue.
20-09-2024 05:58:43 pm INFO  TC01_RegistrationTest - Validated expected message.
20-09-2024 05:58:43 pm INFO  TC01_RegistrationTest - Your account registration has been done successfully.: fhDyVt.VqvFxO@gmail.com
20-09-2024 05:58:43 pm INFO  TC01_RegistrationTest - Clicked on logout.
20-09-2024 05:58:43 pm INFO  TC01_RegistrationTest - ***** Finished TC01_RegistrationTest *****
20-09-2024 05:58:45 pm INFO  TC02_LoginTest - ***** Started TC02_LoginTest *****
20-09-2024 05:58:46 pm INFO  TC02_LoginTest - Clicked on myaccount link.
20-09-2024 05:58:46 pm INFO  TC02_LoginTest - Clicked on register link.
20-09-2024 05:58:47 pm INFO  TC02_LoginTest - Entered email address.
20-09-2024 05:58:47 pm INFO  TC02_LoginTest - Entered password.
20-09-2024 05:58:49 pm INFO  TC02_LoginTest - Validated user login status.
20-09-2024 05:58:49 pm INFO  TC02_LoginTest - User logged in successfully.: abc.xyz@jollyfree.com
20-09-2024 05:58:49 pm INFO  TC02_LoginTest - Clicked on logout.
20-09-2024 05:58:49 pm INFO  TC02_LoginTest - ***** Finished TC02_LoginTest *****
20-09-2024 06:01:59 pm DEBUG TestNG - suiteXmlPath: "C:\Users\Mahesh\eclipse-workspace\Opencart-FrameworkDesign\grouping.xml"
20-09-2024 06:02:00 pm INFO  Utils - [TestNG] Running:
  C:\Users\Mahesh\eclipse-workspace\Opencart-FrameworkDesign\grouping.xml

20-09-2024 06:02:04 pm INFO  TC01_RegistrationTest - ***** Started TC01_RegistrationTest *****
20-09-2024 06:02:06 pm INFO  TC01_RegistrationTest - Clicked on myaccount.
20-09-2024 06:02:06 pm INFO  TC01_RegistrationTest - Clicked on register.
20-09-2024 06:02:06 pm INFO  TC01_RegistrationTest - Entered firstname.
20-09-2024 06:02:06 pm INFO  TC01_RegistrationTest - Entered lastname.
20-09-2024 06:02:07 pm INFO  TC01_RegistrationTest - Entered email.
20-09-2024 06:02:07 pm INFO  TC01_RegistrationTest - Enetered telephone no.
20-09-2024 06:02:07 pm INFO  TC01_RegistrationTest - Enetered password.
20-09-2024 06:02:07 pm INFO  TC01_RegistrationTest - Entered password again.
20-09-2024 06:02:07 pm INFO  TC01_RegistrationTest - Accepted privacy and policy term.
20-09-2024 06:02:08 pm INFO  TC01_RegistrationTest - Clicked on continue.
20-09-2024 06:02:09 pm INFO  TC01_RegistrationTest - Validated expected message.
20-09-2024 06:02:09 pm INFO  TC01_RegistrationTest - Your account registration has been done successfully.: pBsAIy.MTilBa@gmail.com
20-09-2024 06:02:09 pm INFO  TC01_RegistrationTest - Clicked on logout.
20-09-2024 06:02:10 pm INFO  TC01_RegistrationTest - ***** Finished TC01_RegistrationTest *****
20-09-2024 06:02:11 pm INFO  TC02_LoginTest - ***** Started TC02_LoginTest *****
20-09-2024 06:02:13 pm INFO  TC02_LoginTest - Clicked on myaccount link.
20-09-2024 06:02:13 pm INFO  TC02_LoginTest - Clicked on register link.
20-09-2024 06:02:13 pm INFO  TC02_LoginTest - Entered email address.
20-09-2024 06:02:13 pm INFO  TC02_LoginTest - Entered password.
20-09-2024 06:02:15 pm INFO  TC02_LoginTest - Validated user login status.
20-09-2024 06:02:15 pm INFO  TC02_LoginTest - User logged in successfully.: abc.xyz@jollyfree.com
20-09-2024 06:02:15 pm INFO  TC02_LoginTest - Clicked on logout.
20-09-2024 06:02:16 pm INFO  TC02_LoginTest - ***** Finished TC02_LoginTest *****
20-09-2024 06:06:10 pm DEBUG TestNG - suiteXmlPath: "C:\Users\Mahesh\eclipse-workspace\Opencart-FrameworkDesign\crossbrowserrun.xml"
20-09-2024 06:07:14 pm DEBUG TestNG - suiteXmlPath: "C:\Users\Mahesh\eclipse-workspace\Opencart-FrameworkDesign\crossbrowserrun.xml"
20-09-2024 06:07:14 pm INFO  Utils - [TestNG] Running:
  C:\Users\Mahesh\eclipse-workspace\Opencart-FrameworkDesign\crossbrowserrun.xml

20-09-2024 06:07:18 pm INFO  TC02_LoginTest - ***** Started TC02_LoginTest *****
20-09-2024 06:07:19 pm INFO  TC02_LoginTest - Clicked on myaccount link.
20-09-2024 06:07:19 pm INFO  TC02_LoginTest - Clicked on register link.
20-09-2024 06:07:20 pm INFO  TC02_LoginTest - Entered email address.
20-09-2024 06:07:20 pm INFO  TC02_LoginTest - Entered password.
20-09-2024 06:07:23 pm INFO  TC02_LoginTest - Validated user login status.
20-09-2024 06:07:23 pm INFO  TC02_LoginTest - User logged in successfully.: abc.xyz@jollyfree.com
20-09-2024 06:07:23 pm INFO  TC02_LoginTest - Clicked on logout.
20-09-2024 06:07:23 pm INFO  TC02_LoginTest - ***** Finished TC02_LoginTest *****
20-09-2024 06:13:46 pm DEBUG TestNG - suiteXmlPath: "C:\Users\Mahesh\eclipse-workspace\Opencart-FrameworkDesign\crossbrowserrun.xml"
20-09-2024 06:13:47 pm INFO  Utils - [TestNG] Running:
  C:\Users\Mahesh\eclipse-workspace\Opencart-FrameworkDesign\crossbrowserrun.xml

20-09-2024 06:13:50 pm INFO  TC02_LoginTest - ***** Started TC02_LoginTest *****
20-09-2024 06:13:52 pm INFO  TC02_LoginTest - Clicked on myaccount link.
20-09-2024 06:13:52 pm INFO  TC02_LoginTest - Clicked on register link.
20-09-2024 06:13:52 pm INFO  TC02_LoginTest - Entered email address.
20-09-2024 06:13:52 pm INFO  TC02_LoginTest - Entered password.
20-09-2024 06:13:54 pm INFO  TC02_LoginTest - Validated user login status.
20-09-2024 06:13:54 pm INFO  TC02_LoginTest - ***** Started TC02_LoginTest *****
20-09-2024 06:14:04 pm INFO  TC02_LoginTest - User login failed.: abc.xyz@jollyfree.com
20-09-2024 06:14:04 pm ERROR TC02_LoginTest - Test failed.
20-09-2024 06:14:04 pm DEBUG TC02_LoginTest - Debug log.
20-09-2024 06:14:07 pm INFO  TC02_LoginTest - Clicked on myaccount link.
20-09-2024 06:14:07 pm INFO  TC02_LoginTest - Clicked on register link.
20-09-2024 06:14:08 pm INFO  TC02_LoginTest - User login failed.
20-09-2024 06:14:08 pm ERROR TC02_LoginTest - Test failed.
20-09-2024 06:14:08 pm DEBUG TC02_LoginTest - Debug log : 
org.openqa.selenium.NoSuchSessionException: Tried to run command without establishing a connection
Build info: version: '4.24.0', revision: '748ffc9bc3'
System info: os.name: 'Windows 11', os.arch: 'amd64', os.version: '10.0', java.version: '17.0.6'
Driver info: org.openqa.selenium.remote.RemoteWebDriver
Command: [08d3db45-2119-4115-87c5-756b7ec2f5cc, findElement {value=//a[text()='Login'], using=xpath}]
Capabilities {acceptInsecureCerts: false, browserName: firefox, browserVersion: 130.0.1, moz:accessibilityChecks: false, moz:buildID: 20240913135723, moz:geckodriverVersion: 0.35.0, moz:headless: false, moz:platformVersion: 10.0, moz:processID: 38872, moz:profile: C:\Users\Mahesh\AppData\Loc..., moz:shutdownTimeout: 60000, moz:webdriverClick: true, moz:windowless: false, pageLoadStrategy: normal, platformName: Windows 11, proxy: Proxy(), se:bidiEnabled: false, se:cdp: ws://192.168.45.251:4444/se..., setWindowRect: true, strictFileInteractability: false, timeouts: {implicit: 0, pageLoad: 300000, script: 30000}, unhandledPromptBehavior: dismiss and notify, userAgent: Mozilla/5.0 (Windows NT 10....}
Session ID: 08d3db45-2119-4115-87c5-756b7ec2f5cc
	at java.base/jdk.internal.reflect.NativeConstructorAccessorImpl.newInstance0(Native Method) ~[?:?]
	at java.base/jdk.internal.reflect.NativeConstructorAccessorImpl.newInstance(NativeConstructorAccessorImpl.java:77) ~[?:?]
	at java.base/jdk.internal.reflect.DelegatingConstructorAccessorImpl.newInstance(DelegatingConstructorAccessorImpl.java:45) ~[?:?]
	at java.base/java.lang.reflect.Constructor.newInstanceWithCaller(Constructor.java:499) ~[?:?]
	at java.base/java.lang.reflect.Constructor.newInstance(Constructor.java:480) ~[?:?]
	at org.openqa.selenium.remote.ErrorCodec.decode(ErrorCodec.java:167) ~[selenium-remote-driver-4.24.0.jar:?]
	at org.openqa.selenium.remote.codec.w3c.W3CHttpResponseCodec.decode(W3CHttpResponseCodec.java:138) ~[selenium-remote-driver-4.24.0.jar:?]
	at org.openqa.selenium.remote.codec.w3c.W3CHttpResponseCodec.decode(W3CHttpResponseCodec.java:50) ~[selenium-remote-driver-4.24.0.jar:?]
	at org.openqa.selenium.remote.HttpCommandExecutor.execute(HttpCommandExecutor.java:190) ~[selenium-remote-driver-4.24.0.jar:?]
	at org.openqa.selenium.remote.TracedCommandExecutor.execute(TracedCommandExecutor.java:53) ~[selenium-remote-driver-4.24.0.jar:?]
	at org.openqa.selenium.remote.RemoteWebDriver.execute(RemoteWebDriver.java:545) ~[selenium-remote-driver-4.24.0.jar:?]
	at org.openqa.selenium.remote.ElementLocation$ElementFinder$2.findElement(ElementLocation.java:165) ~[selenium-remote-driver-4.24.0.jar:?]
	at org.openqa.selenium.remote.ElementLocation.findElement(ElementLocation.java:59) ~[selenium-remote-driver-4.24.0.jar:?]
	at org.openqa.selenium.remote.RemoteWebDriver.findElement(RemoteWebDriver.java:368) ~[selenium-remote-driver-4.24.0.jar:?]
	at org.openqa.selenium.remote.RemoteWebDriver.findElement(RemoteWebDriver.java:362) ~[selenium-remote-driver-4.24.0.jar:?]
	at org.openqa.selenium.support.pagefactory.DefaultElementLocator.findElement(DefaultElementLocator.java:68) ~[selenium-support-4.24.0.jar:?]
	at org.openqa.selenium.support.pagefactory.internal.LocatingElementHandler.invoke(LocatingElementHandler.java:38) ~[selenium-support-4.24.0.jar:?]
	at jdk.proxy2/jdk.proxy2.$Proxy29.click(Unknown Source) ~[?:?]
	at pageObjects.HomePage.clickLogin(HomePage.java:32) ~[test-classes/:?]
	at testCases.TC02_LoginTest.testUserLogin(TC02_LoginTest.java:26) ~[test-classes/:?]
	at java.base/jdk.internal.reflect.NativeMethodAccessorImpl.invoke0(Native Method) ~[?:?]
	at java.base/jdk.internal.reflect.NativeMethodAccessorImpl.invoke(NativeMethodAccessorImpl.java:77) ~[?:?]
	at java.base/jdk.internal.reflect.DelegatingMethodAccessorImpl.invoke(DelegatingMethodAccessorImpl.java:43) ~[?:?]
	at java.base/java.lang.reflect.Method.invoke(Method.java:568) ~[?:?]
	at org.testng.internal.invokers.MethodInvocationHelper.invokeMethod(MethodInvocationHelper.java:141) ~[testng-7.10.2.jar:7.10.2]
	at org.testng.internal.invokers.TestInvoker.invokeMethod(TestInvoker.java:686) ~[testng-7.10.2.jar:7.10.2]
	at org.testng.internal.invokers.TestInvoker.invokeTestMethod(TestInvoker.java:230) ~[testng-7.10.2.jar:7.10.2]
	at org.testng.internal.invokers.MethodRunner.runInSequence(MethodRunner.java:63) ~[testng-7.10.2.jar:7.10.2]
	at org.testng.internal.invokers.TestInvoker$MethodInvocationAgent.invoke(TestInvoker.java:992) ~[testng-7.10.2.jar:7.10.2]
	at org.testng.internal.invokers.TestInvoker.invokeTestMethods(TestInvoker.java:203) ~[testng-7.10.2.jar:7.10.2]
	at org.testng.internal.invokers.TestMethodWorker.invokeTestMethods(TestMethodWorker.java:154) ~[testng-7.10.2.jar:7.10.2]
	at org.testng.internal.invokers.TestMethodWorker.run(TestMethodWorker.java:134) ~[testng-7.10.2.jar:7.10.2]
	at java.base/java.util.ArrayList.forEach(ArrayList.java:1511) ~[?:?]
	at org.testng.TestRunner.privateRun(TestRunner.java:739) ~[testng-7.10.2.jar:7.10.2]
	at org.testng.TestRunner.run(TestRunner.java:614) ~[testng-7.10.2.jar:7.10.2]
	at org.testng.SuiteRunner.runTest(SuiteRunner.java:421) ~[testng-7.10.2.jar:7.10.2]
	at org.testng.SuiteRunner$SuiteWorker.run(SuiteRunner.java:463) ~[testng-7.10.2.jar:7.10.2]
	at org.testng.internal.thread.ThreadUtil.lambda$execute$0(ThreadUtil.java:64) ~[testng-7.10.2.jar:7.10.2]
	at java.base/java.util.concurrent.FutureTask.run(FutureTask.java:264) [?:?]
	at java.base/java.util.concurrent.ThreadPoolExecutor.runWorker(ThreadPoolExecutor.java:1136) [?:?]
	at java.base/java.util.concurrent.ThreadPoolExecutor$Worker.run(ThreadPoolExecutor.java:635) [?:?]
	at java.base/java.lang.Thread.run(Thread.java:833) [?:?]
20-09-2024 06:19:24 pm DEBUG TestNG - suiteXmlPath: "C:\Users\Mahesh\eclipse-workspace\Opencart-FrameworkDesign\crossbrowserrun.xml"
20-09-2024 06:19:24 pm INFO  Utils - [TestNG] Running:
  C:\Users\Mahesh\eclipse-workspace\Opencart-FrameworkDesign\crossbrowserrun.xml

20-09-2024 06:19:27 pm INFO  TC02_LoginTest - ***** Started TC02_LoginTest *****
20-09-2024 06:19:28 pm INFO  TC02_LoginTest - Clicked on myaccount link.
20-09-2024 06:19:28 pm INFO  TC02_LoginTest - Clicked on register link.
20-09-2024 06:19:28 pm INFO  TC02_LoginTest - Entered email address.
20-09-2024 06:19:29 pm INFO  TC02_LoginTest - Entered password.
20-09-2024 06:19:30 pm INFO  TC02_LoginTest - ***** Started TC02_LoginTest *****
20-09-2024 06:19:31 pm INFO  TC02_LoginTest - Validated user login status.
20-09-2024 06:19:31 pm INFO  TC02_LoginTest - Clicked on myaccount link.
20-09-2024 06:19:41 pm INFO  TC02_LoginTest - User login failed.: abc.xyz@jollyfree.com
20-09-2024 06:19:41 pm ERROR TC02_LoginTest - Test failed.
20-09-2024 06:19:41 pm DEBUG TC02_LoginTest - Debug log.
20-09-2024 06:19:41 pm INFO  TC02_LoginTest - Clicked on register link.
20-09-2024 06:19:42 pm INFO  TC02_LoginTest - Entered email address.
20-09-2024 06:19:43 pm INFO  TC02_LoginTest - User login failed.
20-09-2024 06:19:43 pm ERROR TC02_LoginTest - Test failed.
20-09-2024 06:19:43 pm DEBUG TC02_LoginTest - Debug log : 
org.openqa.selenium.NoSuchSessionException: Tried to run command without establishing a connection
Build info: version: '4.24.0', revision: '748ffc9bc3'
System info: os.name: 'Windows 11', os.arch: 'amd64', os.version: '10.0', java.version: '17.0.6'
Driver info: org.openqa.selenium.remote.RemoteWebDriver
Command: [c72bf555-a384-4eaa-8c81-59cce0ebb47a, findElement {value=//input[@id='input-email'], using=xpath}]
Capabilities {acceptInsecureCerts: false, browserName: firefox, browserVersion: 130.0.1, moz:accessibilityChecks: false, moz:buildID: 20240913135723, moz:geckodriverVersion: 0.35.0, moz:headless: false, moz:platformVersion: 10.0, moz:processID: 21524, moz:profile: C:\Users\Mahesh\AppData\Loc..., moz:shutdownTimeout: 60000, moz:webdriverClick: true, moz:windowless: false, pageLoadStrategy: normal, platformName: Windows 11, proxy: Proxy(), se:bidiEnabled: false, se:cdp: ws://192.168.45.251:4444/se..., setWindowRect: true, strictFileInteractability: false, timeouts: {implicit: 0, pageLoad: 300000, script: 30000}, unhandledPromptBehavior: dismiss and notify, userAgent: Mozilla/5.0 (Windows NT 10....}
Session ID: c72bf555-a384-4eaa-8c81-59cce0ebb47a
	at java.base/jdk.internal.reflect.NativeConstructorAccessorImpl.newInstance0(Native Method) ~[?:?]
	at java.base/jdk.internal.reflect.NativeConstructorAccessorImpl.newInstance(NativeConstructorAccessorImpl.java:77) ~[?:?]
	at java.base/jdk.internal.reflect.DelegatingConstructorAccessorImpl.newInstance(DelegatingConstructorAccessorImpl.java:45) ~[?:?]
	at java.base/java.lang.reflect.Constructor.newInstanceWithCaller(Constructor.java:499) ~[?:?]
	at java.base/java.lang.reflect.Constructor.newInstance(Constructor.java:480) ~[?:?]
	at org.openqa.selenium.remote.ErrorCodec.decode(ErrorCodec.java:167) ~[selenium-remote-driver-4.24.0.jar:?]
	at org.openqa.selenium.remote.codec.w3c.W3CHttpResponseCodec.decode(W3CHttpResponseCodec.java:138) ~[selenium-remote-driver-4.24.0.jar:?]
	at org.openqa.selenium.remote.codec.w3c.W3CHttpResponseCodec.decode(W3CHttpResponseCodec.java:50) ~[selenium-remote-driver-4.24.0.jar:?]
	at org.openqa.selenium.remote.HttpCommandExecutor.execute(HttpCommandExecutor.java:190) ~[selenium-remote-driver-4.24.0.jar:?]
	at org.openqa.selenium.remote.TracedCommandExecutor.execute(TracedCommandExecutor.java:53) ~[selenium-remote-driver-4.24.0.jar:?]
	at org.openqa.selenium.remote.RemoteWebDriver.execute(RemoteWebDriver.java:545) ~[selenium-remote-driver-4.24.0.jar:?]
	at org.openqa.selenium.remote.ElementLocation$ElementFinder$2.findElement(ElementLocation.java:165) ~[selenium-remote-driver-4.24.0.jar:?]
	at org.openqa.selenium.remote.ElementLocation.findElement(ElementLocation.java:59) ~[selenium-remote-driver-4.24.0.jar:?]
	at org.openqa.selenium.remote.RemoteWebDriver.findElement(RemoteWebDriver.java:368) ~[selenium-remote-driver-4.24.0.jar:?]
	at org.openqa.selenium.remote.RemoteWebDriver.findElement(RemoteWebDriver.java:362) ~[selenium-remote-driver-4.24.0.jar:?]
	at org.openqa.selenium.support.pagefactory.DefaultElementLocator.findElement(DefaultElementLocator.java:68) ~[selenium-support-4.24.0.jar:?]
	at org.openqa.selenium.support.pagefactory.internal.LocatingElementHandler.invoke(LocatingElementHandler.java:38) ~[selenium-support-4.24.0.jar:?]
	at jdk.proxy2/jdk.proxy2.$Proxy29.sendKeys(Unknown Source) ~[?:?]
	at pageObjects.LoginPage.enterEmail(LoginPage.java:26) ~[test-classes/:?]
	at testCases.TC02_LoginTest.testUserLogin(TC02_LoginTest.java:31) ~[test-classes/:?]
	at java.base/jdk.internal.reflect.NativeMethodAccessorImpl.invoke0(Native Method) ~[?:?]
	at java.base/jdk.internal.reflect.NativeMethodAccessorImpl.invoke(NativeMethodAccessorImpl.java:77) ~[?:?]
	at java.base/jdk.internal.reflect.DelegatingMethodAccessorImpl.invoke(DelegatingMethodAccessorImpl.java:43) ~[?:?]
	at java.base/java.lang.reflect.Method.invoke(Method.java:568) ~[?:?]
	at org.testng.internal.invokers.MethodInvocationHelper.invokeMethod(MethodInvocationHelper.java:141) ~[testng-7.10.2.jar:7.10.2]
	at org.testng.internal.invokers.TestInvoker.invokeMethod(TestInvoker.java:686) ~[testng-7.10.2.jar:7.10.2]
	at org.testng.internal.invokers.TestInvoker.invokeTestMethod(TestInvoker.java:230) ~[testng-7.10.2.jar:7.10.2]
	at org.testng.internal.invokers.MethodRunner.runInSequence(MethodRunner.java:63) ~[testng-7.10.2.jar:7.10.2]
	at org.testng.internal.invokers.TestInvoker$MethodInvocationAgent.invoke(TestInvoker.java:992) ~[testng-7.10.2.jar:7.10.2]
	at org.testng.internal.invokers.TestInvoker.invokeTestMethods(TestInvoker.java:203) ~[testng-7.10.2.jar:7.10.2]
	at org.testng.internal.invokers.TestMethodWorker.invokeTestMethods(TestMethodWorker.java:154) ~[testng-7.10.2.jar:7.10.2]
	at org.testng.internal.invokers.TestMethodWorker.run(TestMethodWorker.java:134) ~[testng-7.10.2.jar:7.10.2]
	at java.base/java.util.ArrayList.forEach(ArrayList.java:1511) ~[?:?]
	at org.testng.TestRunner.privateRun(TestRunner.java:739) ~[testng-7.10.2.jar:7.10.2]
	at org.testng.TestRunner.run(TestRunner.java:614) ~[testng-7.10.2.jar:7.10.2]
	at org.testng.SuiteRunner.runTest(SuiteRunner.java:421) ~[testng-7.10.2.jar:7.10.2]
	at org.testng.SuiteRunner$SuiteWorker.run(SuiteRunner.java:463) ~[testng-7.10.2.jar:7.10.2]
	at org.testng.internal.thread.ThreadUtil.lambda$execute$0(ThreadUtil.java:64) ~[testng-7.10.2.jar:7.10.2]
	at java.base/java.util.concurrent.FutureTask.run(FutureTask.java:264) [?:?]
	at java.base/java.util.concurrent.ThreadPoolExecutor.runWorker(ThreadPoolExecutor.java:1136) [?:?]
	at java.base/java.util.concurrent.ThreadPoolExecutor$Worker.run(ThreadPoolExecutor.java:635) [?:?]
	at java.base/java.lang.Thread.run(Thread.java:833) [?:?]
20-09-2024 06:21:40 pm DEBUG TestNG - suiteXmlPath: "C:\Users\Mahesh\eclipse-workspace\Opencart-FrameworkDesign\crossbrowserrun.xml"
20-09-2024 06:21:41 pm INFO  Utils - [TestNG] Running:
  C:\Users\Mahesh\eclipse-workspace\Opencart-FrameworkDesign\crossbrowserrun.xml

20-09-2024 06:21:43 pm INFO  TC02_LoginTest - ***** Started TC02_LoginTest *****
20-09-2024 06:21:44 pm INFO  TC02_LoginTest - Clicked on myaccount link.
20-09-2024 06:21:44 pm INFO  TC02_LoginTest - Clicked on register link.
20-09-2024 06:21:45 pm INFO  TC02_LoginTest - Entered email address.
20-09-2024 06:21:45 pm INFO  TC02_LoginTest - Entered password.
20-09-2024 06:21:47 pm INFO  TC02_LoginTest - Validated user login status.
20-09-2024 06:21:47 pm INFO  TC02_LoginTest - ***** Started TC02_LoginTest *****
20-09-2024 06:21:57 pm INFO  TC02_LoginTest - User login failed.: abc.xyz@jollyfree.com
20-09-2024 06:21:57 pm ERROR TC02_LoginTest - Test failed.
20-09-2024 06:21:57 pm DEBUG TC02_LoginTest - Debug log.
20-09-2024 06:21:58 pm INFO  TC02_LoginTest - Clicked on myaccount link.
20-09-2024 06:21:59 pm INFO  TC02_LoginTest - Clicked on register link.
20-09-2024 06:22:00 pm INFO  TC02_LoginTest - User login failed.
20-09-2024 06:22:00 pm ERROR TC02_LoginTest - Test failed.
20-09-2024 06:22:00 pm DEBUG TC02_LoginTest - Debug log : 
org.openqa.selenium.NoSuchSessionException: Tried to run command without establishing a connection
Build info: version: '4.24.0', revision: '748ffc9bc3'
System info: os.name: 'Windows 11', os.arch: 'amd64', os.version: '10.0', java.version: '17.0.6'
Driver info: org.openqa.selenium.remote.RemoteWebDriver
Command: [0190850e-1bfd-4f3e-8656-307d211ebc49, findElement {using=xpath, value=//a[text()='Login']}]
Capabilities {acceptInsecureCerts: false, browserName: firefox, browserVersion: 130.0.1, moz:accessibilityChecks: false, moz:buildID: 20240913135723, moz:geckodriverVersion: 0.35.0, moz:headless: false, moz:platformVersion: 10.0, moz:processID: 42332, moz:profile: C:\Users\Mahesh\AppData\Loc..., moz:shutdownTimeout: 60000, moz:webdriverClick: true, moz:windowless: false, pageLoadStrategy: normal, platformName: Windows 11, proxy: Proxy(), se:bidiEnabled: false, se:cdp: ws://192.168.45.251:4444/se..., setWindowRect: true, strictFileInteractability: false, timeouts: {implicit: 0, pageLoad: 300000, script: 30000}, unhandledPromptBehavior: dismiss and notify, userAgent: Mozilla/5.0 (Windows NT 10....}
Session ID: 0190850e-1bfd-4f3e-8656-307d211ebc49
	at java.base/jdk.internal.reflect.NativeConstructorAccessorImpl.newInstance0(Native Method) ~[?:?]
	at java.base/jdk.internal.reflect.NativeConstructorAccessorImpl.newInstance(NativeConstructorAccessorImpl.java:77) ~[?:?]
	at java.base/jdk.internal.reflect.DelegatingConstructorAccessorImpl.newInstance(DelegatingConstructorAccessorImpl.java:45) ~[?:?]
	at java.base/java.lang.reflect.Constructor.newInstanceWithCaller(Constructor.java:499) ~[?:?]
	at java.base/java.lang.reflect.Constructor.newInstance(Constructor.java:480) ~[?:?]
	at org.openqa.selenium.remote.ErrorCodec.decode(ErrorCodec.java:167) ~[selenium-remote-driver-4.24.0.jar:?]
	at org.openqa.selenium.remote.codec.w3c.W3CHttpResponseCodec.decode(W3CHttpResponseCodec.java:138) ~[selenium-remote-driver-4.24.0.jar:?]
	at org.openqa.selenium.remote.codec.w3c.W3CHttpResponseCodec.decode(W3CHttpResponseCodec.java:50) ~[selenium-remote-driver-4.24.0.jar:?]
	at org.openqa.selenium.remote.HttpCommandExecutor.execute(HttpCommandExecutor.java:190) ~[selenium-remote-driver-4.24.0.jar:?]
	at org.openqa.selenium.remote.TracedCommandExecutor.execute(TracedCommandExecutor.java:53) ~[selenium-remote-driver-4.24.0.jar:?]
	at org.openqa.selenium.remote.RemoteWebDriver.execute(RemoteWebDriver.java:545) ~[selenium-remote-driver-4.24.0.jar:?]
	at org.openqa.selenium.remote.ElementLocation$ElementFinder$2.findElement(ElementLocation.java:165) ~[selenium-remote-driver-4.24.0.jar:?]
	at org.openqa.selenium.remote.ElementLocation.findElement(ElementLocation.java:59) ~[selenium-remote-driver-4.24.0.jar:?]
	at org.openqa.selenium.remote.RemoteWebDriver.findElement(RemoteWebDriver.java:368) ~[selenium-remote-driver-4.24.0.jar:?]
	at org.openqa.selenium.remote.RemoteWebDriver.findElement(RemoteWebDriver.java:362) ~[selenium-remote-driver-4.24.0.jar:?]
	at org.openqa.selenium.support.pagefactory.DefaultElementLocator.findElement(DefaultElementLocator.java:68) ~[selenium-support-4.24.0.jar:?]
	at org.openqa.selenium.support.pagefactory.internal.LocatingElementHandler.invoke(LocatingElementHandler.java:38) ~[selenium-support-4.24.0.jar:?]
	at jdk.proxy2/jdk.proxy2.$Proxy29.click(Unknown Source) ~[?:?]
	at pageObjects.HomePage.clickLogin(HomePage.java:32) ~[test-classes/:?]
	at testCases.TC02_LoginTest.testUserLogin(TC02_LoginTest.java:26) ~[test-classes/:?]
	at java.base/jdk.internal.reflect.NativeMethodAccessorImpl.invoke0(Native Method) ~[?:?]
	at java.base/jdk.internal.reflect.NativeMethodAccessorImpl.invoke(NativeMethodAccessorImpl.java:77) ~[?:?]
	at java.base/jdk.internal.reflect.DelegatingMethodAccessorImpl.invoke(DelegatingMethodAccessorImpl.java:43) ~[?:?]
	at java.base/java.lang.reflect.Method.invoke(Method.java:568) ~[?:?]
	at org.testng.internal.invokers.MethodInvocationHelper.invokeMethod(MethodInvocationHelper.java:141) ~[testng-7.10.2.jar:7.10.2]
	at org.testng.internal.invokers.TestInvoker.invokeMethod(TestInvoker.java:686) ~[testng-7.10.2.jar:7.10.2]
	at org.testng.internal.invokers.TestInvoker.invokeTestMethod(TestInvoker.java:230) ~[testng-7.10.2.jar:7.10.2]
	at org.testng.internal.invokers.MethodRunner.runInSequence(MethodRunner.java:63) ~[testng-7.10.2.jar:7.10.2]
	at org.testng.internal.invokers.TestInvoker$MethodInvocationAgent.invoke(TestInvoker.java:992) ~[testng-7.10.2.jar:7.10.2]
	at org.testng.internal.invokers.TestInvoker.invokeTestMethods(TestInvoker.java:203) ~[testng-7.10.2.jar:7.10.2]
	at org.testng.internal.invokers.TestMethodWorker.invokeTestMethods(TestMethodWorker.java:154) ~[testng-7.10.2.jar:7.10.2]
	at org.testng.internal.invokers.TestMethodWorker.run(TestMethodWorker.java:134) ~[testng-7.10.2.jar:7.10.2]
	at java.base/java.util.ArrayList.forEach(ArrayList.java:1511) ~[?:?]
	at org.testng.TestRunner.privateRun(TestRunner.java:739) ~[testng-7.10.2.jar:7.10.2]
	at org.testng.TestRunner.run(TestRunner.java:614) ~[testng-7.10.2.jar:7.10.2]
	at org.testng.SuiteRunner.runTest(SuiteRunner.java:421) ~[testng-7.10.2.jar:7.10.2]
	at org.testng.SuiteRunner$SuiteWorker.run(SuiteRunner.java:463) ~[testng-7.10.2.jar:7.10.2]
	at org.testng.internal.thread.ThreadUtil.lambda$execute$0(ThreadUtil.java:64) ~[testng-7.10.2.jar:7.10.2]
	at java.base/java.util.concurrent.FutureTask.run(FutureTask.java:264) [?:?]
	at java.base/java.util.concurrent.ThreadPoolExecutor.runWorker(ThreadPoolExecutor.java:1136) [?:?]
	at java.base/java.util.concurrent.ThreadPoolExecutor$Worker.run(ThreadPoolExecutor.java:635) [?:?]
	at java.base/java.lang.Thread.run(Thread.java:833) [?:?]
20-09-2024 10:09:51 pm DEBUG TestNG - suiteXmlPath: "C:\Users\Mahesh\eclipse-workspace\Opencart-FrameworkDesign\crossbrowserrun.xml"
20-09-2024 10:09:52 pm INFO  Utils - [TestNG] Running:
  C:\Users\Mahesh\eclipse-workspace\Opencart-FrameworkDesign\crossbrowserrun.xml

20-09-2024 10:09:57 pm INFO  TC02_LoginTest - ***** Started TC02_LoginTest *****
20-09-2024 10:10:00 pm INFO  TC02_LoginTest - Clicked on myaccount link.
20-09-2024 10:10:00 pm INFO  TC02_LoginTest - Clicked on register link.
20-09-2024 10:10:00 pm INFO  TC02_LoginTest - Entered email address.
20-09-2024 10:10:00 pm INFO  TC02_LoginTest - Entered password.
20-09-2024 10:10:01 pm INFO  TC02_LoginTest - ***** Started TC02_LoginTest *****
20-09-2024 10:10:03 pm INFO  TC02_LoginTest - Clicked on myaccount link.
20-09-2024 10:10:04 pm INFO  TC02_LoginTest - Clicked on register link.
20-09-2024 10:10:04 pm INFO  TC02_LoginTest - Validated user login status.
20-09-2024 10:10:04 pm INFO  TC02_LoginTest - User logged in successfully.: abc.xyz@jollyfree.com
20-09-2024 10:10:04 pm INFO  TC02_LoginTest - Clicked on logout.
20-09-2024 10:10:04 pm INFO  TC02_LoginTest - Entered email address.
20-09-2024 10:10:04 pm INFO  TC02_LoginTest - Entered password.
20-09-2024 10:10:05 pm INFO  TC02_LoginTest - ***** Finished TC02_LoginTest *****
20-09-2024 10:10:06 pm INFO  TC02_LoginTest - Validated user login status.
20-09-2024 10:10:07 pm INFO  TC02_LoginTest - User logged in successfully.: abc.xyz@jollyfree.com
20-09-2024 10:10:07 pm INFO  TC02_LoginTest - Clicked on logout.
20-09-2024 10:10:07 pm INFO  TC02_LoginTest - ***** Finished TC02_LoginTest *****
20-09-2024 10:14:30 pm DEBUG TestNG - suiteXmlPath: "C:\Users\Mahesh\eclipse-workspace\Opencart-FrameworkDesign\crossbrowserrun.xml"
20-09-2024 10:14:30 pm INFO  Utils - [TestNG] Running:
  C:\Users\Mahesh\eclipse-workspace\Opencart-FrameworkDesign\crossbrowserrun.xml

20-09-2024 10:14:33 pm INFO  TC02_LoginTest - ***** Started TC02_LoginTest *****
20-09-2024 10:14:35 pm INFO  TC02_LoginTest - Clicked on myaccount link.
20-09-2024 10:14:35 pm INFO  TC02_LoginTest - Clicked on register link.
20-09-2024 10:14:35 pm INFO  TC02_LoginTest - Entered email address.
20-09-2024 10:14:36 pm INFO  TC02_LoginTest - Entered password.
20-09-2024 10:14:37 pm INFO  TC02_LoginTest - ***** Started TC02_LoginTest *****
20-09-2024 10:14:37 pm INFO  TC02_LoginTest - Validated user login status.
20-09-2024 10:14:38 pm INFO  TC02_LoginTest - User logged in successfully.: abc.xyz@jollyfree.com
20-09-2024 10:14:38 pm INFO  TC02_LoginTest - Clicked on logout.
20-09-2024 10:14:38 pm INFO  TC02_LoginTest - ***** Finished TC02_LoginTest *****
20-09-2024 10:14:39 pm INFO  TC02_LoginTest - Clicked on myaccount link.
20-09-2024 10:14:39 pm INFO  TC02_LoginTest - Clicked on register link.
20-09-2024 10:14:39 pm INFO  TC02_LoginTest - Entered email address.
20-09-2024 10:14:39 pm INFO  TC02_LoginTest - Entered password.
20-09-2024 10:14:41 pm INFO  TC02_LoginTest - Validated user login status.
20-09-2024 10:14:41 pm INFO  TC02_LoginTest - User logged in successfully.: abc.xyz@jollyfree.com
20-09-2024 10:14:41 pm INFO  TC02_LoginTest - Clicked on logout.
20-09-2024 10:14:41 pm INFO  TC02_LoginTest - ***** Finished TC02_LoginTest *****
20-09-2024 10:15:41 pm DEBUG TestNG - suiteXmlPath: "C:\Users\Mahesh\eclipse-workspace\Opencart-FrameworkDesign\crossbrowserrun.xml"
20-09-2024 10:15:41 pm INFO  Utils - [TestNG] Running:
  C:\Users\Mahesh\eclipse-workspace\Opencart-FrameworkDesign\crossbrowserrun.xml

20-09-2024 10:15:43 pm INFO  TC02_LoginTest - ***** Started TC02_LoginTest *****
20-09-2024 10:15:44 pm INFO  TC02_LoginTest - Clicked on myaccount link.
20-09-2024 10:15:44 pm INFO  TC02_LoginTest - Clicked on register link.
20-09-2024 10:15:45 pm INFO  TC02_LoginTest - Entered email address.
20-09-2024 10:15:45 pm INFO  TC02_LoginTest - Entered password.
20-09-2024 10:15:46 pm INFO  TC02_LoginTest - ***** Started TC02_LoginTest *****
20-09-2024 10:15:47 pm INFO  TC02_LoginTest - Validated user login status.
20-09-2024 10:15:48 pm INFO  TC02_LoginTest - Clicked on myaccount link.
20-09-2024 10:15:48 pm INFO  TC02_LoginTest - Clicked on register link.
20-09-2024 10:15:48 pm INFO  TC02_LoginTest - Entered email address.
20-09-2024 10:15:48 pm INFO  TC02_LoginTest - Entered password.
20-09-2024 10:15:55 pm INFO  TC02_LoginTest - Validated user login status.
20-09-2024 10:15:57 pm INFO  TC02_LoginTest - User login failed.: abc.xyz@jollyfree.com
20-09-2024 10:15:57 pm ERROR TC02_LoginTest - Test failed.
20-09-2024 10:15:57 pm DEBUG TC02_LoginTest - Debug log.
20-09-2024 10:16:05 pm INFO  TC02_LoginTest - User login failed.: abc.xyz@jollyfree.com
20-09-2024 10:16:05 pm ERROR TC02_LoginTest - Test failed.
20-09-2024 10:16:05 pm DEBUG TC02_LoginTest - Debug log.
20-09-2024 10:19:08 pm DEBUG TestNG - suiteXmlPath: "C:\Users\Mahesh\eclipse-workspace\Opencart-FrameworkDesign\crossbrowserrun.xml"
20-09-2024 10:19:08 pm INFO  Utils - [TestNG] Running:
  C:\Users\Mahesh\eclipse-workspace\Opencart-FrameworkDesign\crossbrowserrun.xml

20-09-2024 10:19:13 pm INFO  TC02_LoginTest - ***** Started TC02_LoginTest *****
20-09-2024 10:19:15 pm INFO  TC02_LoginTest - Clicked on myaccount link.
20-09-2024 10:19:16 pm INFO  TC02_LoginTest - Clicked on register link.
20-09-2024 10:19:16 pm INFO  TC02_LoginTest - Entered email address.
20-09-2024 10:19:16 pm INFO  TC02_LoginTest - Entered password.
20-09-2024 10:19:18 pm INFO  TC02_LoginTest - Validated user login status.
20-09-2024 10:19:28 pm INFO  TC02_LoginTest - User login failed.: abc.xyz@jollyfree.com
20-09-2024 10:19:28 pm ERROR TC02_LoginTest - Test failed.
20-09-2024 10:19:28 pm DEBUG TC02_LoginTest - Debug log.
20-09-2024 10:21:33 pm DEBUG TestNG - suiteXmlPath: "C:\Users\Mahesh\eclipse-workspace\Opencart-FrameworkDesign\crossbrowserrun.xml"
20-09-2024 10:21:33 pm INFO  Utils - [TestNG] Running:
  C:\Users\Mahesh\eclipse-workspace\Opencart-FrameworkDesign\crossbrowserrun.xml

20-09-2024 10:21:36 pm INFO  TC02_LoginTest - ***** Started TC02_LoginTest *****
20-09-2024 10:21:38 pm INFO  TC02_LoginTest - Clicked on myaccount link.
20-09-2024 10:21:38 pm INFO  TC02_LoginTest - Clicked on register link.
20-09-2024 10:21:38 pm INFO  TC02_LoginTest - Entered email address.
20-09-2024 10:21:38 pm INFO  TC02_LoginTest - Entered password.
20-09-2024 10:21:39 pm INFO  TC02_LoginTest - ***** Started TC02_LoginTest *****
20-09-2024 10:21:40 pm INFO  TC02_LoginTest - Validated user login status.
20-09-2024 10:21:40 pm INFO  TC02_LoginTest - Clicked on myaccount link.
20-09-2024 10:21:41 pm INFO  TC02_LoginTest - Clicked on register link.
20-09-2024 10:21:41 pm INFO  TC02_LoginTest - Entered email address.
20-09-2024 10:21:41 pm INFO  TC02_LoginTest - Entered password.
20-09-2024 10:21:42 pm INFO  TC02_LoginTest - Validated user login status.
20-09-2024 10:21:50 pm INFO  TC02_LoginTest - User login failed.: abc.xyz@jollyfree.com
20-09-2024 10:21:50 pm ERROR TC02_LoginTest - Test failed.
20-09-2024 10:21:50 pm DEBUG TC02_LoginTest - Debug log.
20-09-2024 10:21:52 pm INFO  TC02_LoginTest - User login failed.: abc.xyz@jollyfree.com
20-09-2024 10:21:52 pm ERROR TC02_LoginTest - Test failed.
20-09-2024 10:21:52 pm DEBUG TC02_LoginTest - Debug log.
20-09-2024 10:32:58 pm DEBUG TestNG - suiteXmlPath: "C:\Users\Mahesh\eclipse-workspace\Opencart-FrameworkDesign\crossbrowserrun.xml"
20-09-2024 10:32:58 pm INFO  Utils - [TestNG] Running:
  C:\Users\Mahesh\eclipse-workspace\Opencart-FrameworkDesign\crossbrowserrun.xml

20-09-2024 10:33:02 pm INFO  TC02_LoginTest - ***** Started TC02_LoginTest *****
20-09-2024 10:33:03 pm INFO  TC02_LoginTest - Clicked on myaccount link.
20-09-2024 10:33:03 pm INFO  TC02_LoginTest - Clicked on register link.
20-09-2024 10:33:04 pm INFO  TC02_LoginTest - Entered email address.
20-09-2024 10:33:04 pm INFO  TC02_LoginTest - Entered password.
20-09-2024 10:33:06 pm INFO  TC02_LoginTest - Validated user login status.
20-09-2024 10:33:06 pm INFO  TC02_LoginTest - ***** Started TC02_LoginTest *****
20-09-2024 10:33:06 pm INFO  TC02_LoginTest - User logged in successfully.: abc.xyz@jollyfree.com
20-09-2024 10:33:06 pm INFO  TC02_LoginTest - Clicked on logout.
20-09-2024 10:33:07 pm INFO  TC02_LoginTest - ***** Finished TC02_LoginTest *****
20-09-2024 10:33:08 pm INFO  TC02_LoginTest - Clicked on myaccount link.
20-09-2024 10:33:08 pm INFO  TC02_LoginTest - Clicked on register link.
20-09-2024 10:33:08 pm INFO  TC02_LoginTest - Entered email address.
20-09-2024 10:33:09 pm INFO  TC02_LoginTest - Entered password.
20-09-2024 10:33:10 pm INFO  TC02_LoginTest - Validated user login status.
20-09-2024 10:33:11 pm INFO  TC02_LoginTest - User logged in successfully.: abc.xyz@jollyfree.com
20-09-2024 10:33:11 pm INFO  TC02_LoginTest - Clicked on logout.
20-09-2024 10:33:11 pm INFO  TC02_LoginTest - ***** Finished TC02_LoginTest *****
20-09-2024 10:35:47 pm DEBUG TestNG - suiteXmlPath: "C:\Users\Mahesh\eclipse-workspace\Opencart-FrameworkDesign\crossbrowserrun.xml"
20-09-2024 10:35:47 pm INFO  Utils - [TestNG] Running:
  C:\Users\Mahesh\eclipse-workspace\Opencart-FrameworkDesign\crossbrowserrun.xml

20-09-2024 10:35:50 pm INFO  TC02_LoginTest - ***** Started TC02_LoginTest *****
20-09-2024 10:35:51 pm INFO  TC02_LoginTest - Clicked on myaccount link.
20-09-2024 10:35:51 pm INFO  TC02_LoginTest - Clicked on register link.
20-09-2024 10:35:51 pm INFO  TC02_LoginTest - Entered email address.
20-09-2024 10:35:52 pm INFO  TC02_LoginTest - Entered password.
20-09-2024 10:35:54 pm INFO  TC02_LoginTest - Validated user login status.
20-09-2024 10:35:54 pm INFO  TC02_LoginTest - User logged in successfully.: abc.xyz@jollyfree.com
20-09-2024 10:35:54 pm INFO  TC02_LoginTest - Clicked on logout.
20-09-2024 10:35:54 pm INFO  TC02_LoginTest - ***** Finished TC02_LoginTest *****
20-09-2024 10:35:59 pm INFO  TC02_LoginTest - ***** Started TC02_LoginTest *****
20-09-2024 10:36:00 pm INFO  TC02_LoginTest - Clicked on myaccount link.
20-09-2024 10:36:00 pm INFO  TC02_LoginTest - Clicked on register link.
20-09-2024 10:36:01 pm INFO  TC02_LoginTest - Entered email address.
20-09-2024 10:36:01 pm INFO  TC02_LoginTest - Entered password.
20-09-2024 10:36:02 pm INFO  TC02_LoginTest - Validated user login status.
20-09-2024 10:36:02 pm INFO  TC02_LoginTest - User logged in successfully.: abc.xyz@jollyfree.com
20-09-2024 10:36:02 pm INFO  TC02_LoginTest - Clicked on logout.
20-09-2024 10:36:03 pm INFO  TC02_LoginTest - ***** Finished TC02_LoginTest *****
20-09-2024 10:36:24 pm DEBUG TestNG - suiteXmlPath: "C:\Users\Mahesh\eclipse-workspace\Opencart-FrameworkDesign\crossbrowserrun.xml"
20-09-2024 10:36:25 pm INFO  Utils - [TestNG] Running:
  C:\Users\Mahesh\eclipse-workspace\Opencart-FrameworkDesign\crossbrowserrun.xml

20-09-2024 10:36:26 pm INFO  TC02_LoginTest - ***** Started TC02_LoginTest *****
20-09-2024 10:36:27 pm INFO  TC02_LoginTest - Clicked on myaccount link.
20-09-2024 10:36:27 pm INFO  TC02_LoginTest - Clicked on register link.
20-09-2024 10:36:28 pm INFO  TC02_LoginTest - Entered email address.
20-09-2024 10:36:28 pm INFO  TC02_LoginTest - Entered password.
20-09-2024 10:36:30 pm INFO  TC02_LoginTest - Validated user login status.
20-09-2024 10:36:40 pm INFO  TC02_LoginTest - User login failed.: abc.xyz@jollyfree.com
20-09-2024 10:36:40 pm ERROR TC02_LoginTest - Test failed.
20-09-2024 10:36:40 pm DEBUG TC02_LoginTest - Debug log.
20-09-2024 10:36:45 pm INFO  TC02_LoginTest - ***** Started TC02_LoginTest *****
20-09-2024 10:36:46 pm INFO  TC02_LoginTest - Clicked on myaccount link.
20-09-2024 10:36:46 pm INFO  TC02_LoginTest - Clicked on register link.
20-09-2024 10:36:47 pm INFO  TC02_LoginTest - Entered email address.
20-09-2024 10:36:47 pm INFO  TC02_LoginTest - Entered password.
20-09-2024 10:36:48 pm INFO  TC02_LoginTest - Validated user login status.
20-09-2024 10:36:58 pm INFO  TC02_LoginTest - User login failed.: abc.xyz@jollyfree.com
20-09-2024 10:36:58 pm ERROR TC02_LoginTest - Test failed.
20-09-2024 10:36:58 pm DEBUG TC02_LoginTest - Debug log.
20-09-2024 10:37:39 pm DEBUG TestNG - suiteXmlPath: "C:\Users\Mahesh\eclipse-workspace\Opencart-FrameworkDesign\crossbrowserrun.xml"
20-09-2024 10:37:39 pm INFO  Utils - [TestNG] Running:
  C:\Users\Mahesh\eclipse-workspace\Opencart-FrameworkDesign\crossbrowserrun.xml

20-09-2024 10:37:41 pm INFO  TC02_LoginTest - ***** Started TC02_LoginTest *****
20-09-2024 10:37:43 pm INFO  TC02_LoginTest - Clicked on myaccount link.
20-09-2024 10:37:43 pm INFO  TC02_LoginTest - Clicked on register link.
20-09-2024 10:37:43 pm INFO  TC02_LoginTest - Entered email address.
20-09-2024 10:37:43 pm INFO  TC02_LoginTest - Entered password.
20-09-2024 10:37:45 pm INFO  TC02_LoginTest - Validated user login status.
20-09-2024 10:37:55 pm INFO  TC02_LoginTest - User login failed.: abc.xyz@jollyfree.com
20-09-2024 10:37:55 pm ERROR TC02_LoginTest - Test failed.
20-09-2024 10:37:55 pm DEBUG TC02_LoginTest - Debug log.
20-09-2024 10:38:01 pm INFO  TC02_LoginTest - ***** Started TC02_LoginTest *****
20-09-2024 10:38:03 pm INFO  TC02_LoginTest - Clicked on myaccount link.
20-09-2024 10:38:03 pm INFO  TC02_LoginTest - Clicked on register link.
20-09-2024 10:38:04 pm INFO  TC02_LoginTest - Entered email address.
20-09-2024 10:38:04 pm INFO  TC02_LoginTest - Entered password.
20-09-2024 10:38:05 pm INFO  TC02_LoginTest - Validated user login status.
20-09-2024 10:38:15 pm INFO  TC02_LoginTest - User login failed.: abc.xyz@jollyfree.com
20-09-2024 10:38:15 pm ERROR TC02_LoginTest - Test failed.
20-09-2024 10:38:15 pm DEBUG TC02_LoginTest - Debug log.
20-09-2024 10:39:01 pm DEBUG TestNG - suiteXmlPath: "C:\Users\Mahesh\eclipse-workspace\Opencart-FrameworkDesign\crossbrowserrun.xml"
20-09-2024 10:39:01 pm INFO  Utils - [TestNG] Running:
  C:\Users\Mahesh\eclipse-workspace\Opencart-FrameworkDesign\crossbrowserrun.xml

20-09-2024 10:39:04 pm INFO  TC02_LoginTest - ***** Started TC02_LoginTest *****
20-09-2024 10:39:04 pm INFO  TC02_LoginTest - Clicked on myaccount link.
20-09-2024 10:39:05 pm INFO  TC02_LoginTest - Clicked on register link.
20-09-2024 10:39:05 pm INFO  TC02_LoginTest - Entered email address.
20-09-2024 10:39:05 pm INFO  TC02_LoginTest - Entered password.
20-09-2024 10:39:07 pm INFO  TC02_LoginTest - Validated user login status.
20-09-2024 10:39:07 pm INFO  TC02_LoginTest - User logged in successfully.: abc.xyz@jollyfree.com
20-09-2024 10:39:07 pm INFO  TC02_LoginTest - Clicked on logout.
20-09-2024 10:39:08 pm INFO  TC02_LoginTest - ***** Finished TC02_LoginTest *****
20-09-2024 10:39:13 pm INFO  TC02_LoginTest - ***** Started TC02_LoginTest *****
20-09-2024 10:39:15 pm INFO  TC02_LoginTest - Clicked on myaccount link.
20-09-2024 10:39:15 pm INFO  TC02_LoginTest - Clicked on register link.
20-09-2024 10:39:15 pm INFO  TC02_LoginTest - Entered email address.
20-09-2024 10:39:15 pm INFO  TC02_LoginTest - Entered password.
20-09-2024 10:39:17 pm INFO  TC02_LoginTest - Validated user login status.
20-09-2024 10:39:17 pm INFO  TC02_LoginTest - User logged in successfully.: abc.xyz@jollyfree.com
20-09-2024 10:39:17 pm INFO  TC02_LoginTest - Clicked on logout.
20-09-2024 10:39:18 pm INFO  TC02_LoginTest - ***** Finished TC02_LoginTest *****
21-09-2024 11:09:49 am DEBUG TestNG - suiteXmlPath: "C:\Users\Mahesh\eclipse-workspace\Opencart-FrameworkDesign\selenium-grid.xml"
21-09-2024 11:09:49 am INFO  Utils - [TestNG] Running:
  C:\Users\Mahesh\eclipse-workspace\Opencart-FrameworkDesign\selenium-grid.xml

21-09-2024 11:09:50 am INFO  TC02_LoginTest - ***** Started TC02_LoginTest *****
21-09-2024 11:09:50 am INFO  TC02_LoginTest - User login failed.
21-09-2024 11:09:50 am ERROR TC02_LoginTest - Test failed.
21-09-2024 11:09:50 am DEBUG TC02_LoginTest - Debug log : 
java.lang.NullPointerException: Cannot invoke "org.openqa.selenium.WebDriver.get(String)" because "this.driver" is null
	at testCases.TC02_LoginTest.testUserLogin(TC02_LoginTest.java:20) ~[test-classes/:?]
	at java.base/jdk.internal.reflect.NativeMethodAccessorImpl.invoke0(Native Method) ~[?:?]
	at java.base/jdk.internal.reflect.NativeMethodAccessorImpl.invoke(NativeMethodAccessorImpl.java:77) ~[?:?]
	at java.base/jdk.internal.reflect.DelegatingMethodAccessorImpl.invoke(DelegatingMethodAccessorImpl.java:43) ~[?:?]
	at java.base/java.lang.reflect.Method.invoke(Method.java:568) ~[?:?]
	at org.testng.internal.invokers.MethodInvocationHelper.invokeMethod(MethodInvocationHelper.java:141) ~[testng-7.10.2.jar:7.10.2]
	at org.testng.internal.invokers.TestInvoker.invokeMethod(TestInvoker.java:686) ~[testng-7.10.2.jar:7.10.2]
	at org.testng.internal.invokers.TestInvoker.invokeTestMethod(TestInvoker.java:230) ~[testng-7.10.2.jar:7.10.2]
	at org.testng.internal.invokers.MethodRunner.runInSequence(MethodRunner.java:63) ~[testng-7.10.2.jar:7.10.2]
	at org.testng.internal.invokers.TestInvoker$MethodInvocationAgent.invoke(TestInvoker.java:992) ~[testng-7.10.2.jar:7.10.2]
	at org.testng.internal.invokers.TestInvoker.invokeTestMethods(TestInvoker.java:203) ~[testng-7.10.2.jar:7.10.2]
	at org.testng.internal.invokers.TestMethodWorker.invokeTestMethods(TestMethodWorker.java:154) ~[testng-7.10.2.jar:7.10.2]
	at org.testng.internal.invokers.TestMethodWorker.run(TestMethodWorker.java:134) ~[testng-7.10.2.jar:7.10.2]
	at java.base/java.util.ArrayList.forEach(ArrayList.java:1511) [?:?]
	at org.testng.TestRunner.privateRun(TestRunner.java:739) [testng-7.10.2.jar:7.10.2]
	at org.testng.TestRunner.run(TestRunner.java:614) [testng-7.10.2.jar:7.10.2]
	at org.testng.SuiteRunner.runTest(SuiteRunner.java:421) [testng-7.10.2.jar:7.10.2]
	at org.testng.SuiteRunner.runSequentially(SuiteRunner.java:413) [testng-7.10.2.jar:7.10.2]
	at org.testng.SuiteRunner.privateRun(SuiteRunner.java:373) [testng-7.10.2.jar:7.10.2]
	at org.testng.SuiteRunner.run(SuiteRunner.java:312) [testng-7.10.2.jar:7.10.2]
	at org.testng.SuiteRunnerWorker.runSuite(SuiteRunnerWorker.java:52) [testng-7.10.2.jar:7.10.2]
	at org.testng.SuiteRunnerWorker.run(SuiteRunnerWorker.java:95) [testng-7.10.2.jar:7.10.2]
	at org.testng.TestNG.runSuitesSequentially(TestNG.java:1274) [testng-7.10.2.jar:7.10.2]
	at org.testng.TestNG.runSuitesLocally(TestNG.java:1208) [testng-7.10.2.jar:7.10.2]
	at org.testng.TestNG.runSuites(TestNG.java:1112) [testng-7.10.2.jar:7.10.2]
	at org.testng.TestNG.run(TestNG.java:1079) [testng-7.10.2.jar:7.10.2]
	at org.testng.remote.AbstractRemoteTestNG.run(AbstractRemoteTestNG.java:115) [testng-remote.jar:?]
	at org.testng.remote.RemoteTestNG.initAndRun(RemoteTestNG.java:293) [testng-remote.jar:?]
	at org.testng.remote.RemoteTestNG.main(RemoteTestNG.java:91) [testng-remote.jar:?]
21-09-2024 11:11:35 am DEBUG TestNG - suiteXmlPath: "C:\Users\Mahesh\eclipse-workspace\Opencart-FrameworkDesign\selenium-grid.xml"
21-09-2024 11:11:35 am INFO  Utils - [TestNG] Running:
  C:\Users\Mahesh\eclipse-workspace\Opencart-FrameworkDesign\selenium-grid.xml

21-09-2024 11:19:50 am DEBUG TestNG - suiteXmlPath: "C:\Users\Mahesh\eclipse-workspace\Opencart-FrameworkDesign\selenium-grid.xml"
21-09-2024 11:19:50 am INFO  Utils - [TestNG] Running:
  C:\Users\Mahesh\eclipse-workspace\Opencart-FrameworkDesign\selenium-grid.xml

21-09-2024 11:21:42 am DEBUG TestNG - suiteXmlPath: "C:\Users\Mahesh\eclipse-workspace\Opencart-FrameworkDesign\selenium-grid.xml"
21-09-2024 11:21:43 am INFO  Utils - [TestNG] Running:
  C:\Users\Mahesh\eclipse-workspace\Opencart-FrameworkDesign\selenium-grid.xml

21-09-2024 11:25:02 am DEBUG TestNG - suiteXmlPath: "C:\Users\Mahesh\eclipse-workspace\Opencart-FrameworkDesign\selenium-grid.xml"
21-09-2024 11:25:02 am INFO  Utils - [TestNG] Running:
  C:\Users\Mahesh\eclipse-workspace\Opencart-FrameworkDesign\selenium-grid.xml

21-09-2024 11:25:26 am INFO  TC02_LoginTest - ***** Started TC02_LoginTest *****
21-09-2024 11:25:29 am INFO  TC02_LoginTest - Clicked on myaccount link.
21-09-2024 11:25:29 am INFO  TC02_LoginTest - Clicked on register link.
21-09-2024 11:25:30 am INFO  TC02_LoginTest - Entered email address.
21-09-2024 11:25:30 am INFO  TC02_LoginTest - Entered password.
21-09-2024 11:25:32 am INFO  TC02_LoginTest - Validated user login status.
21-09-2024 11:25:32 am INFO  TC02_LoginTest - User logged in successfully.: abc.xyz@jollyfree.com
21-09-2024 11:25:32 am INFO  TC02_LoginTest - Clicked on logout.
21-09-2024 11:25:33 am INFO  TC02_LoginTest - ***** Finished TC02_LoginTest *****
21-09-2024 11:28:57 am DEBUG TestNG - suiteXmlPath: "C:\Users\Mahesh\eclipse-workspace\Opencart-FrameworkDesign\selenium-grid.xml"
21-09-2024 11:28:57 am INFO  Utils - [TestNG] Running:
  C:\Users\Mahesh\eclipse-workspace\Opencart-FrameworkDesign\selenium-grid.xml

21-09-2024 11:29:01 am INFO  TC02_LoginTest - ***** Started TC02_LoginTest *****
21-09-2024 11:29:04 am INFO  TC02_LoginTest - Clicked on myaccount link.
21-09-2024 11:29:04 am INFO  TC02_LoginTest - Clicked on register link.
21-09-2024 11:29:04 am INFO  TC02_LoginTest - Entered email address.
21-09-2024 11:29:05 am INFO  TC02_LoginTest - Entered password.
21-09-2024 11:29:06 am INFO  TC02_LoginTest - Validated user login status.
21-09-2024 11:29:07 am INFO  TC02_LoginTest - User logged in successfully.: abc.xyz@jollyfree.com
21-09-2024 11:29:07 am INFO  TC02_LoginTest - Clicked on logout.
21-09-2024 11:29:07 am INFO  TC02_LoginTest - ***** Finished TC02_LoginTest *****
21-09-2024 11:30:09 am DEBUG TestNG - suiteXmlPath: "C:\Users\Mahesh\eclipse-workspace\Opencart-FrameworkDesign\selenium-grid.xml"
21-09-2024 11:30:09 am INFO  Utils - [TestNG] Running:
  C:\Users\Mahesh\eclipse-workspace\Opencart-FrameworkDesign\selenium-grid.xml

21-09-2024 11:30:15 am INFO  TC02_LoginTest - ***** Started TC02_LoginTest *****
21-09-2024 11:30:19 am INFO  TC02_LoginTest - Clicked on myaccount link.
21-09-2024 11:30:19 am INFO  TC02_LoginTest - Clicked on register link.
21-09-2024 11:30:20 am INFO  TC02_LoginTest - Entered email address.
21-09-2024 11:30:20 am INFO  TC02_LoginTest - Entered password.
21-09-2024 11:30:22 am INFO  TC02_LoginTest - Validated user login status.
21-09-2024 11:30:22 am INFO  TC02_LoginTest - User logged in successfully.: abc.xyz@jollyfree.com
21-09-2024 11:30:22 am INFO  TC02_LoginTest - Clicked on logout.
21-09-2024 11:30:22 am INFO  TC02_LoginTest - ***** Finished TC02_LoginTest *****
21-09-2024 11:31:07 am DEBUG TestNG - suiteXmlPath: "C:\Users\Mahesh\eclipse-workspace\Opencart-FrameworkDesign\selenium-grid.xml"
21-09-2024 11:31:08 am INFO  Utils - [TestNG] Running:
  C:\Users\Mahesh\eclipse-workspace\Opencart-FrameworkDesign\selenium-grid.xml

21-09-2024 11:32:19 am DEBUG TestNG - suiteXmlPath: "C:\Users\Mahesh\eclipse-workspace\Opencart-FrameworkDesign\selenium-grid.xml"
21-09-2024 11:32:19 am INFO  Utils - [TestNG] Running:
  C:\Users\Mahesh\eclipse-workspace\Opencart-FrameworkDesign\selenium-grid.xml

21-09-2024 11:32:55 am DEBUG TestNG - suiteXmlPath: "C:\Users\Mahesh\eclipse-workspace\Opencart-FrameworkDesign\selenium-grid.xml"
21-09-2024 11:32:56 am INFO  Utils - [TestNG] Running:
  C:\Users\Mahesh\eclipse-workspace\Opencart-FrameworkDesign\selenium-grid.xml

21-09-2024 11:33:02 am INFO  TC02_LoginTest - ***** Started TC02_LoginTest *****
21-09-2024 11:33:04 am INFO  TC02_LoginTest - Clicked on myaccount link.
21-09-2024 11:33:04 am INFO  TC02_LoginTest - Clicked on register link.
21-09-2024 11:33:05 am INFO  TC02_LoginTest - Entered email address.
21-09-2024 11:33:05 am INFO  TC02_LoginTest - Entered password.
21-09-2024 11:33:07 am INFO  TC02_LoginTest - Validated user login status.
21-09-2024 11:33:07 am INFO  TC02_LoginTest - User logged in successfully.: abc.xyz@jollyfree.com
21-09-2024 11:33:07 am INFO  TC02_LoginTest - Clicked on logout.
21-09-2024 11:33:08 am INFO  TC02_LoginTest - ***** Finished TC02_LoginTest *****
21-09-2024 11:46:40 am DEBUG TestNG - suiteXmlPath: "C:\Users\Mahesh\eclipse-workspace\Opencart-FrameworkDesign\selenium-grid.xml"
21-09-2024 11:46:40 am INFO  Utils - [TestNG] Running:
  C:\Users\Mahesh\eclipse-workspace\Opencart-FrameworkDesign\selenium-grid.xml

21-09-2024 11:46:48 am INFO  TC02_LoginTest - ***** Started TC02_LoginTest *****
21-09-2024 11:46:52 am INFO  TC02_LoginTest - ***** Started TC02_LoginTest *****
21-09-2024 11:46:53 am INFO  TC02_LoginTest - Clicked on myaccount link.
21-09-2024 11:46:54 am INFO  TC02_LoginTest - Clicked on register link.
21-09-2024 11:46:54 am INFO  TC02_LoginTest - Entered email address.
21-09-2024 11:46:55 am INFO  TC02_LoginTest - Entered password.
21-09-2024 11:46:57 am INFO  TC02_LoginTest - Validated user login status.
21-09-2024 11:46:57 am INFO  TC02_LoginTest - User logged in successfully.: abc.xyz@jollyfree.com
21-09-2024 11:46:57 am INFO  TC02_LoginTest - Clicked on logout.
21-09-2024 11:46:58 am INFO  TC02_LoginTest - Clicked on myaccount link.
21-09-2024 11:46:58 am INFO  TC02_LoginTest - Clicked on register link.
21-09-2024 11:46:59 am INFO  TC02_LoginTest - ***** Finished TC02_LoginTest *****
21-09-2024 11:47:00 am INFO  TC02_LoginTest - Entered email address.
21-09-2024 11:47:00 am INFO  TC02_LoginTest - Entered password.
21-09-2024 11:47:02 am INFO  TC02_LoginTest - Validated user login status.
21-09-2024 11:47:03 am INFO  TC02_LoginTest - User logged in successfully.: abc.xyz@jollyfree.com
21-09-2024 11:47:03 am INFO  TC02_LoginTest - Clicked on logout.
21-09-2024 11:47:03 am INFO  TC02_LoginTest - ***** Finished TC02_LoginTest *****
21-09-2024 11:48:07 am DEBUG TestNG - suiteXmlPath: "C:\Users\Mahesh\eclipse-workspace\Opencart-FrameworkDesign\selenium-grid.xml"
21-09-2024 11:48:07 am INFO  Utils - [TestNG] Running:
  C:\Users\Mahesh\eclipse-workspace\Opencart-FrameworkDesign\selenium-grid.xml

21-09-2024 11:48:10 am INFO  TC02_LoginTest - ***** Started TC02_LoginTest *****
21-09-2024 11:48:13 am INFO  TC02_LoginTest - Clicked on myaccount link.
21-09-2024 11:48:14 am INFO  TC02_LoginTest - Clicked on register link.
21-09-2024 11:48:14 am INFO  TC02_LoginTest - Entered email address.
21-09-2024 11:48:14 am INFO  TC02_LoginTest - Entered password.
21-09-2024 11:48:17 am INFO  TC02_LoginTest - Validated user login status.
21-09-2024 11:48:17 am INFO  TC02_LoginTest - User logged in successfully.: abc.xyz@jollyfree.com
21-09-2024 11:48:17 am INFO  TC02_LoginTest - Clicked on logout.
21-09-2024 11:48:17 am INFO  TC02_LoginTest - ***** Finished TC02_LoginTest *****
21-09-2024 11:48:27 am INFO  TC02_LoginTest - ***** Started TC02_LoginTest *****
21-09-2024 11:48:32 am INFO  TC02_LoginTest - Clicked on myaccount link.
21-09-2024 11:48:32 am INFO  TC02_LoginTest - Clicked on register link.
21-09-2024 11:48:33 am INFO  TC02_LoginTest - Entered email address.
21-09-2024 11:48:34 am INFO  TC02_LoginTest - Entered password.
21-09-2024 11:48:36 am INFO  TC02_LoginTest - Validated user login status.
21-09-2024 11:48:36 am INFO  TC02_LoginTest - User logged in successfully.: abc.xyz@jollyfree.com
21-09-2024 11:48:36 am INFO  TC02_LoginTest - Clicked on logout.
21-09-2024 11:48:37 am INFO  TC02_LoginTest - ***** Finished TC02_LoginTest *****
21-09-2024 12:11:18 pm DEBUG TestNG - suiteXmlPath: "C:\Users\Mahesh\eclipse-workspace\Opencart-FrameworkDesign\selenium-grid.xml"
21-09-2024 12:11:34 pm DEBUG TestNG - suiteXmlPath: "C:\Users\Mahesh\eclipse-workspace\Opencart-FrameworkDesign\selenium-grid.xml"
21-09-2024 12:11:34 pm INFO  Utils - [TestNG] Running:
  C:\Users\Mahesh\eclipse-workspace\Opencart-FrameworkDesign\selenium-grid.xml

21-09-2024 12:11:40 pm INFO  TC02_LoginTest - ***** Started TC02_LoginTest *****
21-09-2024 12:11:44 pm INFO  TC02_LoginTest - Clicked on myaccount link.
21-09-2024 12:11:45 pm INFO  TC02_LoginTest - Clicked on register link.
21-09-2024 12:11:45 pm INFO  TC02_LoginTest - Entered email address.
21-09-2024 12:11:45 pm INFO  TC02_LoginTest - Entered password.
21-09-2024 12:11:47 pm INFO  TC02_LoginTest - Validated user login status.
21-09-2024 12:11:47 pm INFO  TC02_LoginTest - User logged in successfully.: abc.xyz@jollyfree.com
21-09-2024 12:11:47 pm INFO  TC02_LoginTest - Clicked on logout.
21-09-2024 12:11:48 pm INFO  TC02_LoginTest - ***** Finished TC02_LoginTest *****
21-09-2024 12:11:57 pm INFO  TC02_LoginTest - ***** Started TC02_LoginTest *****
21-09-2024 12:11:59 pm INFO  TC02_LoginTest - Clicked on myaccount link.
21-09-2024 12:12:00 pm INFO  TC02_LoginTest - Clicked on register link.
21-09-2024 12:12:00 pm INFO  TC02_LoginTest - Entered email address.
21-09-2024 12:12:01 pm INFO  TC02_LoginTest - Entered password.
21-09-2024 12:12:03 pm INFO  TC02_LoginTest - Validated user login status.
21-09-2024 12:12:03 pm INFO  TC02_LoginTest - User logged in successfully.: abc.xyz@jollyfree.com
21-09-2024 12:12:03 pm INFO  TC02_LoginTest - Clicked on logout.
21-09-2024 12:12:04 pm INFO  TC02_LoginTest - ***** Finished TC02_LoginTest *****
21-09-2024 12:13:53 pm DEBUG TestNG - suiteXmlPath: "C:\Users\Mahesh\eclipse-workspace\Opencart-FrameworkDesign\selenium-grid.xml"
21-09-2024 12:13:53 pm INFO  Utils - [TestNG] Running:
  C:\Users\Mahesh\eclipse-workspace\Opencart-FrameworkDesign\selenium-grid.xml

21-09-2024 12:13:56 pm INFO  TC02_LoginTest - ***** Started TC02_LoginTest *****
21-09-2024 12:13:58 pm INFO  TC02_LoginTest - Clicked on myaccount link.
21-09-2024 12:13:59 pm INFO  TC02_LoginTest - Clicked on register link.
21-09-2024 12:13:59 pm INFO  TC02_LoginTest - Entered email address.
21-09-2024 12:13:59 pm INFO  TC02_LoginTest - Entered password.
21-09-2024 12:14:01 pm INFO  TC02_LoginTest - Validated user login status.
21-09-2024 12:14:01 pm INFO  TC02_LoginTest - User logged in successfully.: abc.xyz@jollyfree.com
21-09-2024 12:14:01 pm INFO  TC02_LoginTest - Clicked on logout.
21-09-2024 12:14:02 pm INFO  TC02_LoginTest - ***** Finished TC02_LoginTest *****
21-09-2024 12:14:08 pm INFO  TC02_LoginTest - ***** Started TC02_LoginTest *****
21-09-2024 12:14:13 pm INFO  TC02_LoginTest - Clicked on myaccount link.
21-09-2024 12:14:13 pm INFO  TC02_LoginTest - Clicked on register link.
21-09-2024 12:14:13 pm INFO  TC02_LoginTest - Entered email address.
21-09-2024 12:14:13 pm INFO  TC02_LoginTest - Entered password.
21-09-2024 12:14:15 pm INFO  TC02_LoginTest - Validated user login status.
21-09-2024 12:14:16 pm INFO  TC02_LoginTest - User logged in successfully.: abc.xyz@jollyfree.com
21-09-2024 12:14:16 pm INFO  TC02_LoginTest - Clicked on logout.
21-09-2024 12:14:16 pm INFO  TC02_LoginTest - ***** Finished TC02_LoginTest *****
21-09-2024 12:14:24 pm INFO  TC02_LoginTest - ***** Started TC02_LoginTest *****
21-09-2024 12:14:28 pm INFO  TC02_LoginTest - Clicked on myaccount link.
21-09-2024 12:14:28 pm INFO  TC02_LoginTest - User login failed.
21-09-2024 12:14:28 pm ERROR TC02_LoginTest - Test failed.
21-09-2024 12:14:28 pm DEBUG TC02_LoginTest - Debug log : 
org.openqa.selenium.WebDriverException: unknown error: session deleted because of page crash
from unknown error: cannot determine loading status
from tab crashed
  (Session info: MicrosoftEdge=128.0.2739.67)
Build info: version: '4.24.0', revision: '748ffc9bc3'
System info: os.name: 'Windows 11', os.arch: 'amd64', os.version: '10.0', java.version: '17.0.6'
Driver info: org.openqa.selenium.remote.RemoteWebDriver
Command: [bba9728b48563ace2fb1333d650f8e9b, findElement {using=xpath, value=//span[text()='My Account']}]
Capabilities {acceptInsecureCerts: false, browserName: MicrosoftEdge, browserVersion: 128.0.2739.67, fedcm:accounts: true, ms:edgeOptions: {debuggerAddress: localhost:43013}, msedge: {msedgedriverVersion: 128.0.2739.68 (a8b0275e87ce..., userDataDir: /tmp/.com.microsoft.Edge.40...}, networkConnectionEnabled: false, pageLoadStrategy: normal, platformName: linux, proxy: Proxy(), se:bidiEnabled: false, se:cdp: ws://172.19.0.4:4444/sessio..., se:cdpVersion: 128.0.2739.67, se:containerName: , se:noVncPort: 7900, se:vnc: ws://172.19.0.4:4444/sessio..., se:vncEnabled: true, se:vncLocalAddress: ws://172.19.0.4:7900, setWindowRect: true, strictFileInteractability: false, timeouts: {implicit: 0, pageLoad: 300000, script: 30000}, unhandledPromptBehavior: dismiss and notify, webauthn:extension:credBlob: true, webauthn:extension:largeBlob: true, webauthn:extension:minPinLength: true, webauthn:extension:prf: true, webauthn:virtualAuthenticators: true}
Session ID: bba9728b48563ace2fb1333d650f8e9b
	at java.base/jdk.internal.reflect.NativeConstructorAccessorImpl.newInstance0(Native Method) ~[?:?]
	at java.base/jdk.internal.reflect.NativeConstructorAccessorImpl.newInstance(NativeConstructorAccessorImpl.java:77) ~[?:?]
	at java.base/jdk.internal.reflect.DelegatingConstructorAccessorImpl.newInstance(DelegatingConstructorAccessorImpl.java:45) ~[?:?]
	at java.base/java.lang.reflect.Constructor.newInstanceWithCaller(Constructor.java:499) ~[?:?]
	at java.base/java.lang.reflect.Constructor.newInstance(Constructor.java:480) ~[?:?]
	at org.openqa.selenium.remote.ErrorCodec.decode(ErrorCodec.java:167) ~[selenium-remote-driver-4.24.0.jar:?]
	at org.openqa.selenium.remote.codec.w3c.W3CHttpResponseCodec.decode(W3CHttpResponseCodec.java:138) ~[selenium-remote-driver-4.24.0.jar:?]
	at org.openqa.selenium.remote.codec.w3c.W3CHttpResponseCodec.decode(W3CHttpResponseCodec.java:50) ~[selenium-remote-driver-4.24.0.jar:?]
	at org.openqa.selenium.remote.HttpCommandExecutor.execute(HttpCommandExecutor.java:190) ~[selenium-remote-driver-4.24.0.jar:?]
	at org.openqa.selenium.remote.TracedCommandExecutor.execute(TracedCommandExecutor.java:53) ~[selenium-remote-driver-4.24.0.jar:?]
	at org.openqa.selenium.remote.RemoteWebDriver.execute(RemoteWebDriver.java:545) ~[selenium-remote-driver-4.24.0.jar:?]
	at org.openqa.selenium.remote.ElementLocation$ElementFinder$2.findElement(ElementLocation.java:165) ~[selenium-remote-driver-4.24.0.jar:?]
	at org.openqa.selenium.remote.ElementLocation.findElement(ElementLocation.java:59) ~[selenium-remote-driver-4.24.0.jar:?]
	at org.openqa.selenium.remote.RemoteWebDriver.findElement(RemoteWebDriver.java:368) ~[selenium-remote-driver-4.24.0.jar:?]
	at org.openqa.selenium.remote.RemoteWebDriver.findElement(RemoteWebDriver.java:362) ~[selenium-remote-driver-4.24.0.jar:?]
	at org.openqa.selenium.support.pagefactory.DefaultElementLocator.findElement(DefaultElementLocator.java:68) ~[selenium-support-4.24.0.jar:?]
	at org.openqa.selenium.support.pagefactory.internal.LocatingElementHandler.invoke(LocatingElementHandler.java:38) ~[selenium-support-4.24.0.jar:?]
	at jdk.proxy2/jdk.proxy2.$Proxy29.click(Unknown Source) ~[?:?]
	at pageObjects.HomePage.clickMyAccount(HomePage.java:24) ~[test-classes/:?]
	at testCases.TC02_LoginTest.testUserLogin(TC02_LoginTest.java:24) ~[test-classes/:?]
	at java.base/jdk.internal.reflect.NativeMethodAccessorImpl.invoke0(Native Method) ~[?:?]
	at java.base/jdk.internal.reflect.NativeMethodAccessorImpl.invoke(NativeMethodAccessorImpl.java:77) ~[?:?]
	at java.base/jdk.internal.reflect.DelegatingMethodAccessorImpl.invoke(DelegatingMethodAccessorImpl.java:43) ~[?:?]
	at java.base/java.lang.reflect.Method.invoke(Method.java:568) ~[?:?]
	at org.testng.internal.invokers.MethodInvocationHelper.invokeMethod(MethodInvocationHelper.java:141) ~[testng-7.10.2.jar:7.10.2]
	at org.testng.internal.invokers.TestInvoker.invokeMethod(TestInvoker.java:686) ~[testng-7.10.2.jar:7.10.2]
	at org.testng.internal.invokers.TestInvoker.invokeTestMethod(TestInvoker.java:230) ~[testng-7.10.2.jar:7.10.2]
	at org.testng.internal.invokers.MethodRunner.runInSequence(MethodRunner.java:63) ~[testng-7.10.2.jar:7.10.2]
	at org.testng.internal.invokers.TestInvoker$MethodInvocationAgent.invoke(TestInvoker.java:992) ~[testng-7.10.2.jar:7.10.2]
	at org.testng.internal.invokers.TestInvoker.invokeTestMethods(TestInvoker.java:203) ~[testng-7.10.2.jar:7.10.2]
	at org.testng.internal.invokers.TestMethodWorker.invokeTestMethods(TestMethodWorker.java:154) ~[testng-7.10.2.jar:7.10.2]
	at org.testng.internal.invokers.TestMethodWorker.run(TestMethodWorker.java:134) ~[testng-7.10.2.jar:7.10.2]
	at java.base/java.util.ArrayList.forEach(ArrayList.java:1511) [?:?]
	at org.testng.TestRunner.privateRun(TestRunner.java:739) [testng-7.10.2.jar:7.10.2]
	at org.testng.TestRunner.run(TestRunner.java:614) [testng-7.10.2.jar:7.10.2]
	at org.testng.SuiteRunner.runTest(SuiteRunner.java:421) [testng-7.10.2.jar:7.10.2]
	at org.testng.SuiteRunner.runSequentially(SuiteRunner.java:413) [testng-7.10.2.jar:7.10.2]
	at org.testng.SuiteRunner.privateRun(SuiteRunner.java:373) [testng-7.10.2.jar:7.10.2]
	at org.testng.SuiteRunner.run(SuiteRunner.java:312) [testng-7.10.2.jar:7.10.2]
	at org.testng.SuiteRunnerWorker.runSuite(SuiteRunnerWorker.java:52) [testng-7.10.2.jar:7.10.2]
	at org.testng.SuiteRunnerWorker.run(SuiteRunnerWorker.java:95) [testng-7.10.2.jar:7.10.2]
	at org.testng.TestNG.runSuitesSequentially(TestNG.java:1274) [testng-7.10.2.jar:7.10.2]
	at org.testng.TestNG.runSuitesLocally(TestNG.java:1208) [testng-7.10.2.jar:7.10.2]
	at org.testng.TestNG.runSuites(TestNG.java:1112) [testng-7.10.2.jar:7.10.2]
	at org.testng.TestNG.run(TestNG.java:1079) [testng-7.10.2.jar:7.10.2]
	at org.testng.remote.AbstractRemoteTestNG.run(AbstractRemoteTestNG.java:115) [testng-remote.jar:?]
	at org.testng.remote.RemoteTestNG.initAndRun(RemoteTestNG.java:293) [testng-remote.jar:?]
	at org.testng.remote.RemoteTestNG.main(RemoteTestNG.java:91) [testng-remote.jar:?]
21-09-2024 12:16:33 pm DEBUG TestNG - suiteXmlPath: "C:\Users\Mahesh\eclipse-workspace\Opencart-FrameworkDesign\selenium-grid.xml"
21-09-2024 12:16:33 pm INFO  Utils - [TestNG] Running:
  C:\Users\Mahesh\eclipse-workspace\Opencart-FrameworkDesign\selenium-grid.xml

21-09-2024 12:16:36 pm INFO  TC02_LoginTest - ***** Started TC02_LoginTest *****
21-09-2024 12:16:41 pm INFO  TC02_LoginTest - Clicked on myaccount link.
21-09-2024 12:16:41 pm INFO  TC02_LoginTest - Clicked on register link.
21-09-2024 12:16:42 pm INFO  TC02_LoginTest - Entered email address.
21-09-2024 12:16:42 pm INFO  TC02_LoginTest - User login failed.
21-09-2024 12:16:42 pm ERROR TC02_LoginTest - Test failed.
21-09-2024 12:16:42 pm DEBUG TC02_LoginTest - Debug log : 
org.openqa.selenium.WebDriverException: unknown error: session deleted because of page crash
from unknown error: cannot determine loading status
from tab crashed
  (Session info: MicrosoftEdge=128.0.2739.67)
Build info: version: '4.24.0', revision: '748ffc9bc3'
System info: os.name: 'Windows 11', os.arch: 'amd64', os.version: '10.0', java.version: '17.0.6'
Driver info: org.openqa.selenium.remote.RemoteWebDriver
Command: [b313dab492c7d2def9757b454bb5b73f, findElement {value=//input[@id='input-email'], using=xpath}]
Capabilities {acceptInsecureCerts: false, browserName: MicrosoftEdge, browserVersion: 128.0.2739.67, fedcm:accounts: true, ms:edgeOptions: {debuggerAddress: localhost:42113}, msedge: {msedgedriverVersion: 128.0.2739.68 (a8b0275e87ce..., userDataDir: /tmp/.com.microsoft.Edge.1H...}, networkConnectionEnabled: false, pageLoadStrategy: normal, platformName: linux, proxy: Proxy(), se:bidiEnabled: false, se:cdp: ws://172.19.0.4:4444/sessio..., se:cdpVersion: 128.0.2739.67, se:containerName: , se:noVncPort: 7900, se:vnc: ws://172.19.0.4:4444/sessio..., se:vncEnabled: true, se:vncLocalAddress: ws://172.19.0.4:7900, setWindowRect: true, strictFileInteractability: false, timeouts: {implicit: 0, pageLoad: 300000, script: 30000}, unhandledPromptBehavior: dismiss and notify, webauthn:extension:credBlob: true, webauthn:extension:largeBlob: true, webauthn:extension:minPinLength: true, webauthn:extension:prf: true, webauthn:virtualAuthenticators: true}
Session ID: b313dab492c7d2def9757b454bb5b73f
	at java.base/jdk.internal.reflect.NativeConstructorAccessorImpl.newInstance0(Native Method) ~[?:?]
	at java.base/jdk.internal.reflect.NativeConstructorAccessorImpl.newInstance(NativeConstructorAccessorImpl.java:77) ~[?:?]
	at java.base/jdk.internal.reflect.DelegatingConstructorAccessorImpl.newInstance(DelegatingConstructorAccessorImpl.java:45) ~[?:?]
	at java.base/java.lang.reflect.Constructor.newInstanceWithCaller(Constructor.java:499) ~[?:?]
	at java.base/java.lang.reflect.Constructor.newInstance(Constructor.java:480) ~[?:?]
	at org.openqa.selenium.remote.ErrorCodec.decode(ErrorCodec.java:167) ~[selenium-remote-driver-4.24.0.jar:?]
	at org.openqa.selenium.remote.codec.w3c.W3CHttpResponseCodec.decode(W3CHttpResponseCodec.java:138) ~[selenium-remote-driver-4.24.0.jar:?]
	at org.openqa.selenium.remote.codec.w3c.W3CHttpResponseCodec.decode(W3CHttpResponseCodec.java:50) ~[selenium-remote-driver-4.24.0.jar:?]
	at org.openqa.selenium.remote.HttpCommandExecutor.execute(HttpCommandExecutor.java:190) ~[selenium-remote-driver-4.24.0.jar:?]
	at org.openqa.selenium.remote.TracedCommandExecutor.execute(TracedCommandExecutor.java:53) ~[selenium-remote-driver-4.24.0.jar:?]
	at org.openqa.selenium.remote.RemoteWebDriver.execute(RemoteWebDriver.java:545) ~[selenium-remote-driver-4.24.0.jar:?]
	at org.openqa.selenium.remote.ElementLocation$ElementFinder$2.findElement(ElementLocation.java:165) ~[selenium-remote-driver-4.24.0.jar:?]
	at org.openqa.selenium.remote.ElementLocation.findElement(ElementLocation.java:59) ~[selenium-remote-driver-4.24.0.jar:?]
	at org.openqa.selenium.remote.RemoteWebDriver.findElement(RemoteWebDriver.java:368) ~[selenium-remote-driver-4.24.0.jar:?]
	at org.openqa.selenium.remote.RemoteWebDriver.findElement(RemoteWebDriver.java:362) ~[selenium-remote-driver-4.24.0.jar:?]
	at org.openqa.selenium.support.pagefactory.DefaultElementLocator.findElement(DefaultElementLocator.java:68) ~[selenium-support-4.24.0.jar:?]
	at org.openqa.selenium.support.pagefactory.internal.LocatingElementHandler.invoke(LocatingElementHandler.java:38) ~[selenium-support-4.24.0.jar:?]
	at jdk.proxy2/jdk.proxy2.$Proxy29.sendKeys(Unknown Source) ~[?:?]
	at pageObjects.LoginPage.enterEmail(LoginPage.java:26) ~[test-classes/:?]
	at testCases.TC02_LoginTest.testUserLogin(TC02_LoginTest.java:31) ~[test-classes/:?]
	at java.base/jdk.internal.reflect.NativeMethodAccessorImpl.invoke0(Native Method) ~[?:?]
	at java.base/jdk.internal.reflect.NativeMethodAccessorImpl.invoke(NativeMethodAccessorImpl.java:77) ~[?:?]
	at java.base/jdk.internal.reflect.DelegatingMethodAccessorImpl.invoke(DelegatingMethodAccessorImpl.java:43) ~[?:?]
	at java.base/java.lang.reflect.Method.invoke(Method.java:568) ~[?:?]
	at org.testng.internal.invokers.MethodInvocationHelper.invokeMethod(MethodInvocationHelper.java:141) ~[testng-7.10.2.jar:7.10.2]
	at org.testng.internal.invokers.TestInvoker.invokeMethod(TestInvoker.java:686) ~[testng-7.10.2.jar:7.10.2]
	at org.testng.internal.invokers.TestInvoker.invokeTestMethod(TestInvoker.java:230) ~[testng-7.10.2.jar:7.10.2]
	at org.testng.internal.invokers.MethodRunner.runInSequence(MethodRunner.java:63) ~[testng-7.10.2.jar:7.10.2]
	at org.testng.internal.invokers.TestInvoker$MethodInvocationAgent.invoke(TestInvoker.java:992) ~[testng-7.10.2.jar:7.10.2]
	at org.testng.internal.invokers.TestInvoker.invokeTestMethods(TestInvoker.java:203) ~[testng-7.10.2.jar:7.10.2]
	at org.testng.internal.invokers.TestMethodWorker.invokeTestMethods(TestMethodWorker.java:154) ~[testng-7.10.2.jar:7.10.2]
	at org.testng.internal.invokers.TestMethodWorker.run(TestMethodWorker.java:134) ~[testng-7.10.2.jar:7.10.2]
	at java.base/java.util.ArrayList.forEach(ArrayList.java:1511) [?:?]
	at org.testng.TestRunner.privateRun(TestRunner.java:739) [testng-7.10.2.jar:7.10.2]
	at org.testng.TestRunner.run(TestRunner.java:614) [testng-7.10.2.jar:7.10.2]
	at org.testng.SuiteRunner.runTest(SuiteRunner.java:421) [testng-7.10.2.jar:7.10.2]
	at org.testng.SuiteRunner.runSequentially(SuiteRunner.java:413) [testng-7.10.2.jar:7.10.2]
	at org.testng.SuiteRunner.privateRun(SuiteRunner.java:373) [testng-7.10.2.jar:7.10.2]
	at org.testng.SuiteRunner.run(SuiteRunner.java:312) [testng-7.10.2.jar:7.10.2]
	at org.testng.SuiteRunnerWorker.runSuite(SuiteRunnerWorker.java:52) [testng-7.10.2.jar:7.10.2]
	at org.testng.SuiteRunnerWorker.run(SuiteRunnerWorker.java:95) [testng-7.10.2.jar:7.10.2]
	at org.testng.TestNG.runSuitesSequentially(TestNG.java:1274) [testng-7.10.2.jar:7.10.2]
	at org.testng.TestNG.runSuitesLocally(TestNG.java:1208) [testng-7.10.2.jar:7.10.2]
	at org.testng.TestNG.runSuites(TestNG.java:1112) [testng-7.10.2.jar:7.10.2]
	at org.testng.TestNG.run(TestNG.java:1079) [testng-7.10.2.jar:7.10.2]
	at org.testng.remote.AbstractRemoteTestNG.run(AbstractRemoteTestNG.java:115) [testng-remote.jar:?]
	at org.testng.remote.RemoteTestNG.initAndRun(RemoteTestNG.java:293) [testng-remote.jar:?]
	at org.testng.remote.RemoteTestNG.main(RemoteTestNG.java:91) [testng-remote.jar:?]
21-09-2024 12:30:07 pm DEBUG TestNG - suiteXmlPath: "C:\Users\Mahesh\eclipse-workspace\Opencart-FrameworkDesign\selenium-grid.xml"
21-09-2024 12:30:08 pm INFO  Utils - [TestNG] Running:
  C:\Users\Mahesh\eclipse-workspace\Opencart-FrameworkDesign\selenium-grid.xml

21-09-2024 12:30:12 pm INFO  TC02_LoginTest - ***** Started TC02_LoginTest *****
21-09-2024 12:30:14 pm INFO  TC02_LoginTest - Clicked on myaccount link.
21-09-2024 12:30:14 pm INFO  TC02_LoginTest - Clicked on register link.
21-09-2024 12:30:15 pm INFO  TC02_LoginTest - Entered email address.
21-09-2024 12:30:15 pm INFO  TC02_LoginTest - Entered password.
21-09-2024 12:30:17 pm INFO  TC02_LoginTest - Validated user login status.
21-09-2024 12:30:17 pm INFO  TC02_LoginTest - User logged in successfully.: abc.xyz@jollyfree.com
21-09-2024 12:30:17 pm INFO  TC02_LoginTest - Clicked on logout.
21-09-2024 12:30:17 pm INFO  TC02_LoginTest - ***** Finished TC02_LoginTest *****
21-09-2024 12:30:25 pm INFO  TC02_LoginTest - ***** Started TC02_LoginTest *****
21-09-2024 12:30:35 pm INFO  TC02_LoginTest - Clicked on myaccount link.
21-09-2024 12:30:35 pm INFO  TC02_LoginTest - Clicked on register link.
21-09-2024 12:30:36 pm INFO  TC02_LoginTest - Entered email address.
21-09-2024 12:30:36 pm INFO  TC02_LoginTest - Entered password.
21-09-2024 12:30:38 pm INFO  TC02_LoginTest - Validated user login status.
21-09-2024 12:30:38 pm INFO  TC02_LoginTest - User logged in successfully.: abc.xyz@jollyfree.com
21-09-2024 12:30:38 pm INFO  TC02_LoginTest - Clicked on logout.
21-09-2024 12:30:39 pm INFO  TC02_LoginTest - ***** Finished TC02_LoginTest *****
21-09-2024 01:55:29 pm DEBUG TestNG - suiteXmlPath: "C:\Users\Mahesh\eclipse-workspace\Opencart-FrameworkDesign\master.xml"
21-09-2024 01:55:39 pm INFO  TC01_RegistrationTest - ***** Started TC01_RegistrationTest *****
21-09-2024 01:55:41 pm INFO  TC01_RegistrationTest - Clicked on myaccount.
21-09-2024 01:55:42 pm INFO  TC01_RegistrationTest - Clicked on register.
21-09-2024 01:55:42 pm INFO  TC01_RegistrationTest - Entered firstname.
21-09-2024 01:55:42 pm INFO  TC01_RegistrationTest - Entered lastname.
21-09-2024 01:55:42 pm INFO  TC01_RegistrationTest - Entered email.
21-09-2024 01:55:42 pm INFO  TC01_RegistrationTest - Enetered telephone no.
21-09-2024 01:55:42 pm INFO  TC01_RegistrationTest - Enetered password.
21-09-2024 01:55:42 pm INFO  TC01_RegistrationTest - Entered password again.
21-09-2024 01:55:42 pm INFO  TC01_RegistrationTest - Accepted privacy and policy term.
21-09-2024 01:55:43 pm INFO  TC01_RegistrationTest - Clicked on continue.
21-09-2024 01:55:44 pm INFO  TC01_RegistrationTest - Validated expected message.
21-09-2024 01:55:44 pm INFO  TC01_RegistrationTest - Your account registration has been done successfully.: cRlrRF.nVoQkh@gmail.com
21-09-2024 01:55:44 pm INFO  TC01_RegistrationTest - Clicked on logout.
21-09-2024 01:55:45 pm INFO  TC01_RegistrationTest - ***** Finished TC01_RegistrationTest *****
21-09-2024 01:55:47 pm INFO  TC02_LoginTest - ***** Started TC02_LoginTest *****
21-09-2024 01:55:49 pm INFO  TC02_LoginTest - Clicked on myaccount link.
21-09-2024 01:55:49 pm INFO  TC02_LoginTest - Clicked on register link.
21-09-2024 01:55:49 pm INFO  TC02_LoginTest - Entered email address.
21-09-2024 01:55:49 pm INFO  TC02_LoginTest - Entered password.
21-09-2024 01:55:51 pm INFO  TC02_LoginTest - Validated user login status.
21-09-2024 01:55:51 pm INFO  TC02_LoginTest - User logged in successfully.: abc.xyz@jollyfree.com
21-09-2024 01:55:51 pm INFO  TC02_LoginTest - Clicked on logout.
21-09-2024 01:55:51 pm INFO  TC02_LoginTest - ***** Finished TC02_LoginTest *****
21-09-2024 02:42:28 pm DEBUG TestNG - suiteXmlPath: "C:\Users\Mahesh\eclipse-workspace\Opencart-FrameworkDesign\master.xml"
21-09-2024 02:42:34 pm INFO  TC01_RegistrationTest - ***** Started TC01_RegistrationTest *****
21-09-2024 02:42:37 pm INFO  TC01_RegistrationTest - Clicked on myaccount.
21-09-2024 02:42:37 pm INFO  TC01_RegistrationTest - Clicked on register.
21-09-2024 02:42:37 pm INFO  TC01_RegistrationTest - Entered firstname.
21-09-2024 02:42:37 pm INFO  TC01_RegistrationTest - Entered lastname.
21-09-2024 02:42:38 pm INFO  TC01_RegistrationTest - Entered email.
21-09-2024 02:42:38 pm INFO  TC01_RegistrationTest - Enetered telephone no.
21-09-2024 02:42:38 pm INFO  TC01_RegistrationTest - Enetered password.
21-09-2024 02:42:38 pm INFO  TC01_RegistrationTest - Entered password again.
21-09-2024 02:42:38 pm INFO  TC01_RegistrationTest - Accepted privacy and policy term.
21-09-2024 02:42:39 pm INFO  TC01_RegistrationTest - Clicked on continue.
21-09-2024 02:42:40 pm INFO  TC01_RegistrationTest - Validated expected message.
21-09-2024 02:42:40 pm INFO  TC01_RegistrationTest - Your account registration has been done successfully.: cByJxS.LVZBZV@gmail.com
21-09-2024 02:42:40 pm INFO  TC01_RegistrationTest - Clicked on logout.
21-09-2024 02:42:41 pm INFO  TC01_RegistrationTest - ***** Finished TC01_RegistrationTest *****
21-09-2024 02:42:43 pm INFO  TC02_LoginTest - ***** Started TC02_LoginTest *****
21-09-2024 02:42:44 pm INFO  TC02_LoginTest - Clicked on myaccount link.
21-09-2024 02:42:45 pm INFO  TC02_LoginTest - Clicked on register link.
21-09-2024 02:42:45 pm INFO  TC02_LoginTest - Entered email address.
21-09-2024 02:42:45 pm INFO  TC02_LoginTest - Entered password.
21-09-2024 02:42:47 pm INFO  TC02_LoginTest - Validated user login status.
21-09-2024 02:42:47 pm INFO  TC02_LoginTest - User logged in successfully.: abc.xyz@jollyfree.com
21-09-2024 02:42:47 pm INFO  TC02_LoginTest - Clicked on logout.
21-09-2024 02:42:47 pm INFO  TC02_LoginTest - ***** Finished TC02_LoginTest *****
21-09-2024 02:45:42 pm DEBUG TestNG - suiteXmlPath: "C:\Users\Mahesh\eclipse-workspace\Opencart-FrameworkDesign\selenium-grid.xml"
21-09-2024 02:45:50 pm INFO  TC01_RegistrationTest - ***** Started TC01_RegistrationTest *****
21-09-2024 02:45:52 pm INFO  TC01_RegistrationTest - Clicked on myaccount.
21-09-2024 02:45:52 pm INFO  TC01_RegistrationTest - Clicked on register.
21-09-2024 02:45:52 pm INFO  TC01_RegistrationTest - Entered firstname.
21-09-2024 02:45:53 pm INFO  TC01_RegistrationTest - Entered lastname.
21-09-2024 02:45:53 pm INFO  TC01_RegistrationTest - Entered email.
21-09-2024 02:45:53 pm INFO  TC01_RegistrationTest - Enetered telephone no.
21-09-2024 02:45:53 pm INFO  TC01_RegistrationTest - Enetered password.
21-09-2024 02:45:53 pm INFO  TC01_RegistrationTest - Entered password again.
21-09-2024 02:45:53 pm INFO  TC01_RegistrationTest - Accepted privacy and policy term.
21-09-2024 02:45:54 pm INFO  TC01_RegistrationTest - Clicked on continue.
21-09-2024 02:45:55 pm INFO  TC01_RegistrationTest - Validated expected message.
21-09-2024 02:45:56 pm INFO  TC01_RegistrationTest - Your account registration has been done successfully.: NQmqiZ.HzgLDt@gmail.com
21-09-2024 02:45:56 pm INFO  TC01_RegistrationTest - Clicked on logout.
21-09-2024 02:45:56 pm INFO  TC01_RegistrationTest - ***** Finished TC01_RegistrationTest *****
21-09-2024 02:46:06 pm INFO  TC02_LoginTest - ***** Started TC02_LoginTest *****
21-09-2024 02:46:07 pm INFO  TC02_LoginTest - Clicked on myaccount link.
21-09-2024 02:46:07 pm INFO  TC02_LoginTest - Clicked on register link.
21-09-2024 02:46:08 pm INFO  TC02_LoginTest - Entered email address.
21-09-2024 02:46:08 pm INFO  TC02_LoginTest - Entered password.
21-09-2024 02:46:10 pm INFO  TC02_LoginTest - Validated user login status.
21-09-2024 02:46:10 pm INFO  TC02_LoginTest - User logged in successfully.: abc.xyz@jollyfree.com
21-09-2024 02:46:10 pm INFO  TC02_LoginTest - Clicked on logout.
21-09-2024 02:46:11 pm INFO  TC02_LoginTest - ***** Finished TC02_LoginTest *****
21-09-2024 02:50:18 pm DEBUG TestNG - suiteXmlPath: "C:\Users\Mahesh\eclipse-workspace\Opencart-FrameworkDesign\selenium-grid.xml"
21-09-2024 02:50:25 pm INFO  TC01_RegistrationTest - ***** Started TC01_RegistrationTest *****
21-09-2024 02:50:27 pm INFO  TC01_RegistrationTest - Clicked on myaccount.
21-09-2024 02:50:28 pm INFO  TC01_RegistrationTest - Clicked on register.
21-09-2024 02:50:28 pm INFO  TC01_RegistrationTest - Entered firstname.
21-09-2024 02:50:28 pm INFO  TC01_RegistrationTest - Entered lastname.
21-09-2024 02:50:28 pm INFO  TC01_RegistrationTest - Entered email.
21-09-2024 02:50:28 pm INFO  TC01_RegistrationTest - Enetered telephone no.
21-09-2024 02:50:28 pm INFO  TC01_RegistrationTest - Enetered password.
21-09-2024 02:50:29 pm INFO  TC01_RegistrationTest - Entered password again.
21-09-2024 02:50:29 pm INFO  TC01_RegistrationTest - Accepted privacy and policy term.
21-09-2024 02:50:29 pm INFO  TC01_RegistrationTest - Clicked on continue.
21-09-2024 02:50:31 pm INFO  TC01_RegistrationTest - Validated expected message.
21-09-2024 02:50:31 pm INFO  TC01_RegistrationTest - Your account registration has been done successfully.: PDCMOI.iulbso@gmail.com
21-09-2024 02:50:31 pm INFO  TC01_RegistrationTest - Clicked on logout.
21-09-2024 02:50:32 pm INFO  TC01_RegistrationTest - ***** Finished TC01_RegistrationTest *****
21-09-2024 02:50:43 pm INFO  TC02_LoginTest - ***** Started TC02_LoginTest *****
21-09-2024 02:50:45 pm INFO  TC02_LoginTest - Clicked on myaccount link.
21-09-2024 02:50:45 pm INFO  TC02_LoginTest - Clicked on register link.
21-09-2024 02:50:46 pm INFO  TC02_LoginTest - Entered email address.
21-09-2024 02:50:46 pm INFO  TC02_LoginTest - Entered password.
21-09-2024 02:50:48 pm INFO  TC02_LoginTest - Validated user login status.
21-09-2024 02:50:48 pm INFO  TC02_LoginTest - User logged in successfully.: abc.xyz@jollyfree.com
21-09-2024 02:50:48 pm INFO  TC02_LoginTest - Clicked on logout.
21-09-2024 02:50:49 pm INFO  TC02_LoginTest - ***** Finished TC02_LoginTest *****
21-09-2024 03:01:07 pm DEBUG TestNG - suiteXmlPath: "C:\Users\Mahesh\eclipse-workspace\Opencart-FrameworkDesign\selenium-grid.xml"
21-09-2024 03:01:13 pm INFO  TC01_RegistrationTest - ***** Started TC01_RegistrationTest *****
21-09-2024 03:01:15 pm INFO  TC01_RegistrationTest - Clicked on myaccount.
21-09-2024 03:01:15 pm INFO  TC01_RegistrationTest - Clicked on register.
21-09-2024 03:01:15 pm INFO  TC01_RegistrationTest - Entered firstname.
21-09-2024 03:01:16 pm INFO  TC01_RegistrationTest - Entered lastname.
21-09-2024 03:01:16 pm INFO  TC01_RegistrationTest - Entered email.
21-09-2024 03:01:16 pm INFO  TC01_RegistrationTest - Enetered telephone no.
21-09-2024 03:01:16 pm INFO  TC01_RegistrationTest - Enetered password.
21-09-2024 03:01:16 pm INFO  TC01_RegistrationTest - Entered password again.
21-09-2024 03:01:16 pm INFO  TC01_RegistrationTest - Accepted privacy and policy term.
21-09-2024 03:01:17 pm INFO  TC01_RegistrationTest - Clicked on continue.
21-09-2024 03:01:18 pm INFO  TC01_RegistrationTest - Validated expected message.
21-09-2024 03:01:18 pm INFO  TC01_RegistrationTest - Your account registration has been done successfully.: JnaVRO.elYzAn@gmail.com
21-09-2024 03:01:18 pm INFO  TC01_RegistrationTest - Clicked on logout.
21-09-2024 03:01:19 pm INFO  TC01_RegistrationTest - ***** Finished TC01_RegistrationTest *****
21-09-2024 03:01:29 pm INFO  TC02_LoginTest - ***** Started TC02_LoginTest *****
21-09-2024 03:01:31 pm INFO  TC02_LoginTest - Clicked on myaccount link.
21-09-2024 03:01:32 pm INFO  TC02_LoginTest - Clicked on register link.
21-09-2024 03:01:32 pm INFO  TC02_LoginTest - Entered email address.
21-09-2024 03:01:32 pm INFO  TC02_LoginTest - Entered password.
21-09-2024 03:01:34 pm INFO  TC02_LoginTest - Validated user login status.
21-09-2024 03:01:34 pm INFO  TC02_LoginTest - User logged in successfully.: abc.xyz@jollyfree.com
21-09-2024 03:01:34 pm INFO  TC02_LoginTest - Clicked on logout.
21-09-2024 03:01:35 pm INFO  TC02_LoginTest - ***** Finished TC02_LoginTest *****
21-09-2024 03:04:02 pm DEBUG TestNG - suiteXmlPath: "C:\Users\Mahesh\eclipse-workspace\Opencart-FrameworkDesign\master.xml"
21-09-2024 03:04:08 pm INFO  TC01_RegistrationTest - ***** Started TC01_RegistrationTest *****
21-09-2024 03:04:09 pm INFO  TC01_RegistrationTest - Clicked on myaccount.
21-09-2024 03:04:10 pm INFO  TC01_RegistrationTest - Clicked on register.
21-09-2024 03:04:10 pm INFO  TC01_RegistrationTest - Entered firstname.
21-09-2024 03:04:10 pm INFO  TC01_RegistrationTest - Entered lastname.
21-09-2024 03:04:10 pm INFO  TC01_RegistrationTest - Entered email.
21-09-2024 03:04:11 pm INFO  TC01_RegistrationTest - Enetered telephone no.
21-09-2024 03:04:11 pm INFO  TC01_RegistrationTest - Enetered password.
21-09-2024 03:04:11 pm INFO  TC01_RegistrationTest - Entered password again.
21-09-2024 03:04:11 pm INFO  TC01_RegistrationTest - Accepted privacy and policy term.
21-09-2024 03:04:11 pm INFO  TC01_RegistrationTest - Clicked on continue.
21-09-2024 03:04:13 pm INFO  TC01_RegistrationTest - Validated expected message.
21-09-2024 03:04:13 pm INFO  TC01_RegistrationTest - Your account registration has been done successfully.: jbjDfy.VdOXTz@gmail.com
21-09-2024 03:04:13 pm INFO  TC01_RegistrationTest - Clicked on logout.
21-09-2024 03:04:14 pm INFO  TC01_RegistrationTest - ***** Finished TC01_RegistrationTest *****
21-09-2024 03:04:16 pm INFO  TC02_LoginTest - ***** Started TC02_LoginTest *****
21-09-2024 03:04:17 pm INFO  TC02_LoginTest - Clicked on myaccount link.
21-09-2024 03:04:17 pm INFO  TC02_LoginTest - Clicked on register link.
21-09-2024 03:04:17 pm INFO  TC02_LoginTest - Entered email address.
21-09-2024 03:04:18 pm INFO  TC02_LoginTest - Entered password.
21-09-2024 03:04:19 pm INFO  TC02_LoginTest - Validated user login status.
21-09-2024 03:04:19 pm INFO  TC02_LoginTest - User logged in successfully.: abc.xyz@jollyfree.com
21-09-2024 03:04:19 pm INFO  TC02_LoginTest - Clicked on logout.
21-09-2024 03:04:20 pm INFO  TC02_LoginTest - ***** Finished TC02_LoginTest *****
