<?xml version="1.0" encoding="UTF-8"?>
<!-- Generated by org.testng.reporters.JUnitXMLReporter -->
<testsuite ignored="0" hostname="MAHESH-LAPTOP" failures="1" tests="3" name="Opencart-ChromeTest" time="28.697" errors="0" timestamp="2024-09-20T14:04:36 IST">
  <testcase classname="testCases.TC01_RegistrationTest" name="testUserRegistration" time="4.844"/>
  <testcase classname="testCases.TC01_RegistrationTest" name="testUserRegistration" time="3.763"/>
  <testcase classname="testCases.TC02_LoginTest" name="testUserLogin" time="13.5">
    <failure type="java.lang.AssertionError" message="expected [true] but found [false]">
      <![CDATA[java.lang.AssertionError: expected [true] but found [false]
at testCases.TC02_LoginTest.testUserLogin(TC02_LoginTest.java:51)
at java.base/java.util.ArrayList.forEach(ArrayList.java:1511)
at java.base/java.util.concurrent.FutureTask.run(FutureTask.java:264)
at java.base/java.util.concurrent.ThreadPoolExecutor.runWorker(ThreadPoolExecutor.java:1136)
at java.base/java.util.concurrent.ThreadPoolExecutor$Worker.run(ThreadPoolExecutor.java:635)
at java.base/java.lang.Thread.run(Thread.java:833)
... Removed 21 stack frames]]>
    </failure>
  </testcase> <!-- testUserLogin -->
</testsuite> <!-- Opencart-ChromeTest -->
